---------------------------------------------------------------
[ 2019-01-08T18:13:15+08:00 ] 127.0.0.1 GET www.jiandu.com/admin/safety/system/message
[运行时间：0.351786s] [吞吐率：2.84req/s] [内存消耗：3,597.66kb] [文件加载：69]
[ info ] [ BEHAVIOR ] Run Closure @app_init [ RunTime:0.000087s ]
[ info ] [ CACHE ] INIT File
[ info ] [ BEHAVIOR ] Run Closure @app_init [ RunTime:0.006901s ]
[ info ] [ LANG ] D:\wamp64\www\Work\supervision_backend\thinkphp\lang\zh-cn.php
[ info ] [ ROUTE ] array (
  'type' => 'module',
  'module' => 
  array (
    0 => 'admin',
    1 => 'safety.system',
    2 => 'message',
  ),
)
[ info ] [ HEADER ] array (
  'host' => 'www.jiandu.com',
  'connection' => 'keep-alive',
  'accept' => '*/*',
  'origin' => 'http://47.107.235.179',
  'user-agent' => 'Mozilla/5.0 (Windows NT 10.0; WOW64) AppleWebKit/537.36 (KHTML, like Gecko) Chrome/69.0.3497.100 Safari/537.36',
  'referer' => 'http://47.107.235.179/supervision/public/index.php/admin/quality/voucher/index?ref=addtabs',
  'accept-encoding' => 'gzip, deflate',
  'accept-language' => 'zh-CN,zh;q=0.9,en;q=0.8,la;q=0.7,und;q=0.6',
)
[ info ] [ PARAM ] array (
)
[ info ] [ LANG ] D:\wamp64\www\Work\supervision_backend\public/../application/admin\lang\zh-cn.php
[ info ] [ BEHAVIOR ] Run app\common\behavior\Common @module_init [ RunTime:0.010090s ]
[ info ] [ SESSION ] INIT array (
  'id' => '',
  'var_session_id' => '',
  'prefix' => 'think',
  'type' => '',
  'auto_start' => true,
)
[ info ] [ VIEW ] D:\wamp64\www\Work\supervision_backend\public/../application/common\view\tpl\dispatch_jump.tpl [ array (
  0 => 'code',
  1 => 'msg',
  2 => 'data',
  3 => 'url',
  4 => 'wait',
) ]
[ info ] [ BEHAVIOR ] Run app\admin\behavior\AdminLog @app_end [ RunTime:0.001745s ]
[ info ] [ LOG ] INIT File
---------------------------------------------------------------
[ 2019-01-08T18:16:16+08:00 ] 127.0.0.1 GET www.jiandu.com/admin/safety/system/message
[运行时间：0.324701s] [吞吐率：3.08req/s] [内存消耗：3,597.73kb] [文件加载：69]
[ info ] [ BEHAVIOR ] Run Closure @app_init [ RunTime:0.000174s ]
[ info ] [ CACHE ] INIT File
[ info ] [ BEHAVIOR ] Run Closure @app_init [ RunTime:0.005242s ]
[ info ] [ LANG ] D:\wamp64\www\Work\supervision_backend\thinkphp\lang\zh-cn.php
[ info ] [ ROUTE ] array (
  'type' => 'module',
  'module' => 
  array (
    0 => 'admin',
    1 => 'safety.system',
    2 => 'message',
  ),
)
[ info ] [ HEADER ] array (
  'host' => 'www.jiandu.com',
  'connection' => 'keep-alive',
  'accept' => '*/*',
  'origin' => 'http://47.107.235.179',
  'user-agent' => 'Mozilla/5.0 (Windows NT 10.0; WOW64) AppleWebKit/537.36 (KHTML, like Gecko) Chrome/69.0.3497.100 Safari/537.36',
  'referer' => 'http://47.107.235.179/supervision/public/index.php/admin/quality/master/index?ref=addtabs',
  'accept-encoding' => 'gzip, deflate',
  'accept-language' => 'zh-CN,zh;q=0.9,en;q=0.8,la;q=0.7,und;q=0.6',
)
[ info ] [ PARAM ] array (
)
[ info ] [ LANG ] D:\wamp64\www\Work\supervision_backend\public/../application/admin\lang\zh-cn.php
[ info ] [ BEHAVIOR ] Run app\common\behavior\Common @module_init [ RunTime:0.004909s ]
[ info ] [ SESSION ] INIT array (
  'id' => '',
  'var_session_id' => '',
  'prefix' => 'think',
  'type' => '',
  'auto_start' => true,
)
[ info ] [ VIEW ] D:\wamp64\www\Work\supervision_backend\public/../application/common\view\tpl\dispatch_jump.tpl [ array (
  0 => 'code',
  1 => 'msg',
  2 => 'data',
  3 => 'url',
  4 => 'wait',
) ]
[ info ] [ BEHAVIOR ] Run app\admin\behavior\AdminLog @app_end [ RunTime:0.001417s ]
[ info ] [ LOG ] INIT File
---------------------------------------------------------------
[ 2019-01-08T18:25:54+08:00 ] 127.0.0.1 GET www.jiandu.com/admin/safety/system/message
[运行时间：0.330350s] [吞吐率：3.03req/s] [内存消耗：3,597.73kb] [文件加载：69]
[ info ] [ BEHAVIOR ] Run Closure @app_init [ RunTime:0.000181s ]
[ info ] [ CACHE ] INIT File
[ info ] [ BEHAVIOR ] Run Closure @app_init [ RunTime:0.008145s ]
[ info ] [ LANG ] D:\wamp64\www\Work\supervision_backend\thinkphp\lang\zh-cn.php
[ info ] [ ROUTE ] array (
  'type' => 'module',
  'module' => 
  array (
    0 => 'admin',
    1 => 'safety.system',
    2 => 'message',
  ),
)
[ info ] [ HEADER ] array (
  'host' => 'www.jiandu.com',
  'connection' => 'keep-alive',
  'accept' => '*/*',
  'origin' => 'http://47.107.235.179',
  'user-agent' => 'Mozilla/5.0 (Windows NT 10.0; WOW64) AppleWebKit/537.36 (KHTML, like Gecko) Chrome/69.0.3497.100 Safari/537.36',
  'referer' => 'http://47.107.235.179/supervision/public/index.php/admin/quality/master/index?ref=addtabs',
  'accept-encoding' => 'gzip, deflate',
  'accept-language' => 'zh-CN,zh;q=0.9,en;q=0.8,la;q=0.7,und;q=0.6',
)
[ info ] [ PARAM ] array (
)
[ info ] [ LANG ] D:\wamp64\www\Work\supervision_backend\public/../application/admin\lang\zh-cn.php
[ info ] [ BEHAVIOR ] Run app\common\behavior\Common @module_init [ RunTime:0.005259s ]
[ info ] [ SESSION ] INIT array (
  'id' => '',
  'var_session_id' => '',
  'prefix' => 'think',
  'type' => '',
  'auto_start' => true,
)
[ info ] [ VIEW ] D:\wamp64\www\Work\supervision_backend\public/../application/common\view\tpl\dispatch_jump.tpl [ array (
  0 => 'code',
  1 => 'msg',
  2 => 'data',
  3 => 'url',
  4 => 'wait',
) ]
[ info ] [ BEHAVIOR ] Run app\admin\behavior\AdminLog @app_end [ RunTime:0.001475s ]
[ info ] [ LOG ] INIT File
---------------------------------------------------------------
[ 2019-01-08T18:27:56+08:00 ] 127.0.0.1 GET www.jiandu.com/admin/safety/system/message
[运行时间：0.320506s] [吞吐率：3.12req/s] [内存消耗：3,597.73kb] [文件加载：69]
[ info ] [ BEHAVIOR ] Run Closure @app_init [ RunTime:0.000061s ]
[ info ] [ CACHE ] INIT File
[ info ] [ BEHAVIOR ] Run Closure @app_init [ RunTime:0.004165s ]
[ info ] [ LANG ] D:\wamp64\www\Work\supervision_backend\thinkphp\lang\zh-cn.php
[ info ] [ ROUTE ] array (
  'type' => 'module',
  'module' => 
  array (
    0 => 'admin',
    1 => 'safety.system',
    2 => 'message',
  ),
)
[ info ] [ HEADER ] array (
  'host' => 'www.jiandu.com',
  'connection' => 'keep-alive',
  'accept' => '*/*',
  'origin' => 'http://47.107.235.179',
  'user-agent' => 'Mozilla/5.0 (Windows NT 10.0; WOW64) AppleWebKit/537.36 (KHTML, like Gecko) Chrome/69.0.3497.100 Safari/537.36',
  'referer' => 'http://47.107.235.179/supervision/public/index.php/admin/quality/master/index?ref=addtabs',
  'accept-encoding' => 'gzip, deflate',
  'accept-language' => 'zh-CN,zh;q=0.9,en;q=0.8,la;q=0.7,und;q=0.6',
)
[ info ] [ PARAM ] array (
)
[ info ] [ LANG ] D:\wamp64\www\Work\supervision_backend\public/../application/admin\lang\zh-cn.php
[ info ] [ BEHAVIOR ] Run app\common\behavior\Common @module_init [ RunTime:0.004619s ]
[ info ] [ SESSION ] INIT array (
  'id' => '',
  'var_session_id' => '',
  'prefix' => 'think',
  'type' => '',
  'auto_start' => true,
)
[ info ] [ VIEW ] D:\wamp64\www\Work\supervision_backend\public/../application/common\view\tpl\dispatch_jump.tpl [ array (
  0 => 'code',
  1 => 'msg',
  2 => 'data',
  3 => 'url',
  4 => 'wait',
) ]
[ info ] [ BEHAVIOR ] Run app\admin\behavior\AdminLog @app_end [ RunTime:0.001448s ]
[ info ] [ LOG ] INIT File
