---------------------------------------------------------------
[ 2019-01-24T19:13:24+08:00 ] 127.0.0.1 GET www.jiandu.com/
[运行时间：6.670477s] [吞吐率：0.15req/s] [内存消耗：3,635.49kb] [文件加载：68]
[ info ] [ BEHAVIOR ] Run Closure @app_init [ RunTime:0.000631s ]
[ info ] [ CACHE ] INIT File
[ info ] [ BEHAVIOR ] Run Closure @app_init [ RunTime:0.444341s ]
[ info ] [ LANG ] D:\wamp64\www\Work\supervision_backend\thinkphp\lang\zh-cn.php
[ info ] [ ROUTE ] array (
  'type' => 'module',
  'module' => 
  array (
    0 => '',
    1 => NULL,
    2 => NULL,
  ),
)
[ info ] [ HEADER ] array (
  'host' => 'www.jiandu.com',
  'connection' => 'keep-alive',
  'upgrade-insecure-requests' => '1',
  'user-agent' => 'Mozilla/5.0 (Windows NT 10.0; Win64; x64) AppleWebKit/537.36 (KHTML, like Gecko) Chrome/71.0.3578.98 Safari/537.36',
  'accept' => 'text/html,application/xhtml+xml,application/xml;q=0.9,image/webp,image/apng,*/*;q=0.8',
  'accept-encoding' => 'gzip, deflate',
  'accept-language' => 'zh-CN,zh;q=0.9,en;q=0.8',
)
[ info ] [ PARAM ] array (
)
[ info ] [ LANG ] D:\wamp64\www\Work\supervision_backend\public/../application/index\lang\zh-cn.php
[ info ] [ BEHAVIOR ] Run app\common\behavior\Common @module_init [ RunTime:0.100216s ]
[ info ] [ LANG ] D:\wamp64\www\Work\supervision_backend\public/../application/index/lang/zh-cn/index.php
[ info ] [ RUN ] app\index\controller\Index->index[ D:\wamp64\www\Work\supervision_backend\application\index\controller\Index.php ]
[ info ] [ VIEW ] D:\wamp64\www\Work\supervision_backend\public/../application/index\view\index\index.html [ array (
  0 => 'user',
  1 => 'site',
  2 => 'config',
) ]
[ info ] [ LOG ] INIT File
---------------------------------------------------------------
[ 2019-01-24T19:13:35+08:00 ] 127.0.0.1 GET www.jiandu.com/favicon.ico
[运行时间：0.876577s] [吞吐率：1.14req/s] [内存消耗：2,364.90kb] [文件加载：53]
[ info ] [ BEHAVIOR ] Run Closure @app_init [ RunTime:0.000107s ]
[ info ] [ CACHE ] INIT File
[ info ] [ BEHAVIOR ] Run Closure @app_init [ RunTime:0.062840s ]
[ info ] [ LANG ] D:\wamp64\www\Work\supervision_backend\thinkphp\lang\zh-cn.php
[ info ] [ ROUTE ] array (
  'type' => 'module',
  'module' => 
  array (
    0 => 'favicon.ico',
    1 => NULL,
    2 => NULL,
  ),
)
[ info ] [ HEADER ] array (
  'host' => 'www.jiandu.com',
  'connection' => 'keep-alive',
  'user-agent' => 'Mozilla/5.0 (Windows NT 10.0; Win64; x64) AppleWebKit/537.36 (KHTML, like Gecko) Chrome/71.0.3578.98 Safari/537.36',
  'accept' => 'image/webp,image/apng,image/*,*/*;q=0.8',
  'referer' => 'http://www.jiandu.com/',
  'accept-encoding' => 'gzip, deflate',
  'accept-language' => 'zh-CN,zh;q=0.9,en;q=0.8',
  'cookie' => 'thinkphp_show_page_trace=0|0',
)
[ info ] [ PARAM ] array (
)
[ info ] [ LOG ] INIT File
---------------------------------------------------------------
[ 2019-01-24T19:13:37+08:00 ] 127.0.0.1 GET www.jiandu.com/admin/index/login.html
[运行时间：1.610415s] [吞吐率：0.62req/s] [内存消耗：4,069.59kb] [文件加载：74]
[ info ] [ BEHAVIOR ] Run Closure @app_init [ RunTime:0.000097s ]
[ info ] [ CACHE ] INIT File
[ info ] [ BEHAVIOR ] Run Closure @app_init [ RunTime:0.277824s ]
[ info ] [ LANG ] D:\wamp64\www\Work\supervision_backend\thinkphp\lang\zh-cn.php
[ info ] [ ROUTE ] array (
  'type' => 'module',
  'module' => 
  array (
    0 => 'admin',
    1 => 'index',
    2 => 'login',
  ),
)
[ info ] [ HEADER ] array (
  'host' => 'www.jiandu.com',
  'connection' => 'keep-alive',
  'upgrade-insecure-requests' => '1',
  'user-agent' => 'Mozilla/5.0 (Windows NT 10.0; Win64; x64) AppleWebKit/537.36 (KHTML, like Gecko) Chrome/71.0.3578.98 Safari/537.36',
  'accept' => 'text/html,application/xhtml+xml,application/xml;q=0.9,image/webp,image/apng,*/*;q=0.8',
  'referer' => 'http://www.jiandu.com/',
  'accept-encoding' => 'gzip, deflate',
  'accept-language' => 'zh-CN,zh;q=0.9,en;q=0.8',
  'cookie' => 'thinkphp_show_page_trace=0|0',
)
[ info ] [ PARAM ] array (
)
[ info ] [ LANG ] D:\wamp64\www\Work\supervision_backend\public/../application/admin\lang\zh-cn.php
[ info ] [ BEHAVIOR ] Run app\common\behavior\Common @module_init [ RunTime:0.010388s ]
[ info ] [ SESSION ] INIT array (
  'id' => '',
  'var_session_id' => '',
  'prefix' => 'think',
  'type' => '',
  'auto_start' => true,
)
[ info ] [ LANG ] D:\wamp64\www\Work\supervision_backend\public/../application/admin/lang/zh-cn/index.php
[ info ] [ RUN ] app\admin\controller\Index->login[ D:\wamp64\www\Work\supervision_backend\application\admin\controller\Index.php ]
[ info ] [ VIEW ] D:\wamp64\www\Work\supervision_backend\public/../application/admin\view\index\login.html [ array (
  0 => 'breadcrumb',
  1 => 'site',
  2 => 'config',
  3 => 'auth',
  4 => 'admin',
  5 => 'background',
  6 => 'title',
) ]
[ info ] [ BEHAVIOR ] Run app\admin\behavior\AdminLog @app_end [ RunTime:0.003608s ]
[ info ] [ LOG ] INIT File
---------------------------------------------------------------
[ 2019-01-24T19:13:40+08:00 ] 127.0.0.1 GET www.jiandu.com/admin/ajax/lang?callback=define&controllername=index&v=1548328416
[运行时间：0.933089s] [吞吐率：1.07req/s] [内存消耗：3,975.80kb] [文件加载：72]
[ info ] [ BEHAVIOR ] Run Closure @app_init [ RunTime:0.000808s ]
[ info ] [ CACHE ] INIT File
[ info ] [ BEHAVIOR ] Run Closure @app_init [ RunTime:0.194893s ]
[ info ] [ LANG ] D:\wamp64\www\Work\supervision_backend\thinkphp\lang\zh-cn.php
[ info ] [ ROUTE ] array (
  'type' => 'module',
  'module' => 
  array (
    0 => 'admin',
    1 => 'ajax',
    2 => 'lang',
  ),
)
[ info ] [ HEADER ] array (
  'host' => 'www.jiandu.com',
  'connection' => 'keep-alive',
  'user-agent' => 'Mozilla/5.0 (Windows NT 10.0; Win64; x64) AppleWebKit/537.36 (KHTML, like Gecko) Chrome/71.0.3578.98 Safari/537.36',
  'accept' => '*/*',
  'referer' => 'http://www.jiandu.com/admin/index/login.html',
  'accept-encoding' => 'gzip, deflate',
  'accept-language' => 'zh-CN,zh;q=0.9,en;q=0.8',
  'cookie' => 'thinkphp_show_page_trace=0|0; PHPSESSID=m6n68qmvoh3ton0h8s69rhvul5',
)
[ info ] [ PARAM ] array (
  'callback' => 'define',
  'controllername' => 'index',
  'v' => '1548328416',
)
[ info ] [ LANG ] D:\wamp64\www\Work\supervision_backend\public/../application/admin\lang\zh-cn.php
[ info ] [ BEHAVIOR ] Run app\common\behavior\Common @module_init [ RunTime:0.008285s ]
[ info ] [ SESSION ] INIT array (
  'id' => '',
  'var_session_id' => '',
  'prefix' => 'think',
  'type' => '',
  'auto_start' => true,
)
[ info ] [ LANG ] D:\wamp64\www\Work\supervision_backend\public/../application/admin/lang/zh-cn/ajax.php
[ info ] [ RUN ] app\admin\controller\Ajax->lang[ D:\wamp64\www\Work\supervision_backend\application\admin\controller\Ajax.php ]
[ info ] [ LANG ] D:\wamp64\www\Work\supervision_backend\public/../application/admin/lang/zh-cn/index.php
[ info ] [ BEHAVIOR ] Run app\admin\behavior\AdminLog @app_end [ RunTime:0.002634s ]
[ info ] [ LOG ] INIT File
---------------------------------------------------------------
[ 2019-01-24T19:13:42+08:00 ] 127.0.0.1 POST www.jiandu.com/admin/index/login.html
[运行时间：2.215218s] [吞吐率：0.45req/s] [内存消耗：5,088.77kb] [文件加载：81]
[ info ] [ BEHAVIOR ] Run Closure @app_init [ RunTime:0.000942s ]
[ info ] [ CACHE ] INIT File
[ info ] [ BEHAVIOR ] Run Closure @app_init [ RunTime:0.208390s ]
[ info ] [ LANG ] D:\wamp64\www\Work\supervision_backend\thinkphp\lang\zh-cn.php
[ info ] [ ROUTE ] array (
  'type' => 'module',
  'module' => 
  array (
    0 => 'admin',
    1 => 'index',
    2 => 'login',
  ),
)
[ info ] [ HEADER ] array (
  'host' => 'www.jiandu.com',
  'connection' => 'keep-alive',
  'content-length' => '75',
  'cache-control' => 'max-age=0',
  'origin' => 'http://www.jiandu.com',
  'upgrade-insecure-requests' => '1',
  'content-type' => 'application/x-www-form-urlencoded',
  'user-agent' => 'Mozilla/5.0 (Windows NT 10.0; Win64; x64) AppleWebKit/537.36 (KHTML, like Gecko) Chrome/71.0.3578.98 Safari/537.36',
  'accept' => 'text/html,application/xhtml+xml,application/xml;q=0.9,image/webp,image/apng,*/*;q=0.8',
  'referer' => 'http://www.jiandu.com/admin/index/login.html',
  'accept-encoding' => 'gzip, deflate',
  'accept-language' => 'zh-CN,zh;q=0.9,en;q=0.8',
  'cookie' => 'thinkphp_show_page_trace=0|0; thinkphp_show_page_trace=0|0; PHPSESSID=m6n68qmvoh3ton0h8s69rhvul5',
)
[ info ] [ PARAM ] array (
  '__token__' => '5e9ef712db23e4e7495d578affed1391',
  'username' => '1111131',
  'password' => '123456',
)
[ info ] [ LANG ] D:\wamp64\www\Work\supervision_backend\public/../application/admin\lang\zh-cn.php
[ info ] [ BEHAVIOR ] Run app\common\behavior\Common @module_init [ RunTime:0.127751s ]
[ info ] [ SESSION ] INIT array (
  'id' => '',
  'var_session_id' => '',
  'prefix' => 'think',
  'type' => '',
  'auto_start' => true,
)
[ info ] [ LANG ] D:\wamp64\www\Work\supervision_backend\public/../application/admin/lang/zh-cn/index.php
[ info ] [ RUN ] app\admin\controller\Index->login[ D:\wamp64\www\Work\supervision_backend\application\admin\controller\Index.php ]
[ info ] [ DB ] INIT mysql
[ info ] [ VIEW ] D:\wamp64\www\Work\supervision_backend\public/../application/common\view\tpl\dispatch_jump.tpl [ array (
  0 => 'breadcrumb',
  1 => 'site',
  2 => 'config',
  3 => 'auth',
  4 => 'admin',
  5 => 'code',
  6 => 'msg',
  7 => 'data',
  8 => 'url',
  9 => 'wait',
) ]
[ info ] [ BEHAVIOR ] Run app\admin\behavior\AdminLog @app_end [ RunTime:0.118885s ]
[ info ] [ LOG ] INIT File
[ sql ] [ DB ] CONNECT:[ UseTime:0.090280s ] mysql:host=127.0.0.1;dbname=supervision;charset=utf8
[ sql ] [ SQL ] SHOW COLUMNS FROM `s_admin` [ RunTime:0.156514s ]
[ sql ] [ SQL ] SELECT * FROM `s_admin` WHERE  `username` = '1111131' LIMIT 1 [ RunTime:0.007771s ]
[ sql ] [ SQL ] SHOW COLUMNS FROM `s_admin_log` [ RunTime:0.106945s ]
[ sql ] [ SQL ] INSERT INTO `s_admin_log` (`title` , `content` , `url` , `admin_id` , `username` , `useragent` , `ip` , `createtime`) VALUES ('登录' , '{\"__token__\":\"5e9ef712db23e4e7495d578affed1391\",\"username\":\"1111131\"}' , '/admin/index/login.html' , 0 , 'Unknown' , 'Mozilla/5.0 (Windows NT 10.0; Win64; x64) AppleWebKit/537.36 (KHTML, like Gecko) Chrome/71.0.3578.98 Safari/537.36' , '127.0.0.1' , 1548328422) [ RunTime:0.006469s ]
---------------------------------------------------------------
[ 2019-01-24T19:13:46+08:00 ] 127.0.0.1 GET www.jiandu.com/admin/index/index
[运行时间：0.880426s] [吞吐率：1.14req/s] [内存消耗：3,578.22kb] [文件加载：71]
[ info ] [ BEHAVIOR ] Run Closure @app_init [ RunTime:0.000111s ]
[ info ] [ CACHE ] INIT File
[ info ] [ BEHAVIOR ] Run Closure @app_init [ RunTime:0.111348s ]
[ info ] [ LANG ] D:\wamp64\www\Work\supervision_backend\thinkphp\lang\zh-cn.php
[ info ] [ ROUTE ] array (
  'type' => 'module',
  'module' => 
  array (
    0 => 'admin',
    1 => 'index',
    2 => 'index',
  ),
)
[ info ] [ HEADER ] array (
  'host' => 'www.jiandu.com',
  'connection' => 'keep-alive',
  'upgrade-insecure-requests' => '1',
  'user-agent' => 'Mozilla/5.0 (Windows NT 10.0; Win64; x64) AppleWebKit/537.36 (KHTML, like Gecko) Chrome/71.0.3578.98 Safari/537.36',
  'accept' => 'text/html,application/xhtml+xml,application/xml;q=0.9,image/webp,image/apng,*/*;q=0.8',
  'referer' => 'http://www.jiandu.com/admin/index/login.html',
  'accept-encoding' => 'gzip, deflate',
  'accept-language' => 'zh-CN,zh;q=0.9,en;q=0.8',
  'cookie' => 'thinkphp_show_page_trace=0|0; thinkphp_show_page_trace=0|0; PHPSESSID=m6n68qmvoh3ton0h8s69rhvul5',
)
[ info ] [ PARAM ] array (
)
[ info ] [ LANG ] D:\wamp64\www\Work\supervision_backend\public/../application/admin\lang\zh-cn.php
[ info ] [ BEHAVIOR ] Run app\common\behavior\Common @module_init [ RunTime:0.025919s ]
[ info ] [ SESSION ] INIT array (
  'id' => '',
  'var_session_id' => '',
  'prefix' => 'think',
  'type' => '',
  'auto_start' => true,
)
[ info ] [ VIEW ] D:\wamp64\www\Work\supervision_backend\public/../application/common\view\tpl\dispatch_jump.tpl [ array (
  0 => 'code',
  1 => 'msg',
  2 => 'data',
  3 => 'url',
  4 => 'wait',
) ]
[ info ] [ BEHAVIOR ] Run app\admin\behavior\AdminLog @app_end [ RunTime:0.002226s ]
[ info ] [ LOG ] INIT File
---------------------------------------------------------------
[ 2019-01-24T19:13:47+08:00 ] 127.0.0.1 GET www.jiandu.com/admin/index/index
[运行时间：0.806964s] [吞吐率：1.24req/s] [内存消耗：3,578.22kb] [文件加载：71]
[ info ] [ BEHAVIOR ] Run Closure @app_init [ RunTime:0.000093s ]
[ info ] [ CACHE ] INIT File
[ info ] [ BEHAVIOR ] Run Closure @app_init [ RunTime:0.187245s ]
[ info ] [ LANG ] D:\wamp64\www\Work\supervision_backend\thinkphp\lang\zh-cn.php
[ info ] [ ROUTE ] array (
  'type' => 'module',
  'module' => 
  array (
    0 => 'admin',
    1 => 'index',
    2 => 'index',
  ),
)
[ info ] [ HEADER ] array (
  'host' => 'www.jiandu.com',
  'connection' => 'keep-alive',
  'upgrade-insecure-requests' => '1',
  'user-agent' => 'Mozilla/5.0 (Windows NT 10.0; Win64; x64) AppleWebKit/537.36 (KHTML, like Gecko) Chrome/71.0.3578.98 Safari/537.36',
  'accept' => 'text/html,application/xhtml+xml,application/xml;q=0.9,image/webp,image/apng,*/*;q=0.8',
  'referer' => 'http://www.jiandu.com/admin/index/login.html',
  'accept-encoding' => 'gzip, deflate',
  'accept-language' => 'zh-CN,zh;q=0.9,en;q=0.8',
  'cookie' => 'thinkphp_show_page_trace=0|0; thinkphp_show_page_trace=0|0; PHPSESSID=m6n68qmvoh3ton0h8s69rhvul5',
)
[ info ] [ PARAM ] array (
)
[ info ] [ LANG ] D:\wamp64\www\Work\supervision_backend\public/../application/admin\lang\zh-cn.php
[ info ] [ BEHAVIOR ] Run app\common\behavior\Common @module_init [ RunTime:0.010246s ]
[ info ] [ SESSION ] INIT array (
  'id' => '',
  'var_session_id' => '',
  'prefix' => 'think',
  'type' => '',
  'auto_start' => true,
)
[ info ] [ VIEW ] D:\wamp64\www\Work\supervision_backend\public/../application/common\view\tpl\dispatch_jump.tpl [ array (
  0 => 'code',
  1 => 'msg',
  2 => 'data',
  3 => 'url',
  4 => 'wait',
) ]
[ info ] [ BEHAVIOR ] Run app\admin\behavior\AdminLog @app_end [ RunTime:0.001851s ]
[ info ] [ LOG ] INIT File
---------------------------------------------------------------
[ 2019-01-24T19:13:51+08:00 ] 127.0.0.1 GET www.jiandu.com/admin/index/login?url=%2Fadmin%2Findex%2Findex
[运行时间：0.628033s] [吞吐率：1.59req/s] [内存消耗：4,074.27kb] [文件加载：74]
[ info ] [ BEHAVIOR ] Run Closure @app_init [ RunTime:0.000161s ]
[ info ] [ CACHE ] INIT File
[ info ] [ BEHAVIOR ] Run Closure @app_init [ RunTime:0.057110s ]
[ info ] [ LANG ] D:\wamp64\www\Work\supervision_backend\thinkphp\lang\zh-cn.php
[ info ] [ ROUTE ] array (
  'type' => 'module',
  'module' => 
  array (
    0 => 'admin',
    1 => 'index',
    2 => 'login',
  ),
)
[ info ] [ HEADER ] array (
  'host' => 'www.jiandu.com',
  'connection' => 'keep-alive',
  'upgrade-insecure-requests' => '1',
  'user-agent' => 'Mozilla/5.0 (Windows NT 10.0; Win64; x64) AppleWebKit/537.36 (KHTML, like Gecko) Chrome/71.0.3578.98 Safari/537.36',
  'accept' => 'text/html,application/xhtml+xml,application/xml;q=0.9,image/webp,image/apng,*/*;q=0.8',
  'referer' => 'http://www.jiandu.com/admin/index/index',
  'accept-encoding' => 'gzip, deflate',
  'accept-language' => 'zh-CN,zh;q=0.9,en;q=0.8',
  'cookie' => 'thinkphp_show_page_trace=0|0; thinkphp_show_page_trace=0|0; PHPSESSID=m6n68qmvoh3ton0h8s69rhvul5',
)
[ info ] [ PARAM ] array (
  'url' => '/admin/index/index',
)
[ info ] [ LANG ] D:\wamp64\www\Work\supervision_backend\public/../application/admin\lang\zh-cn.php
[ info ] [ BEHAVIOR ] Run app\common\behavior\Common @module_init [ RunTime:0.008801s ]
[ info ] [ SESSION ] INIT array (
  'id' => '',
  'var_session_id' => '',
  'prefix' => 'think',
  'type' => '',
  'auto_start' => true,
)
[ info ] [ LANG ] D:\wamp64\www\Work\supervision_backend\public/../application/admin/lang/zh-cn/index.php
[ info ] [ RUN ] app\admin\controller\Index->login[ D:\wamp64\www\Work\supervision_backend\application\admin\controller\Index.php ]
[ info ] [ VIEW ] D:\wamp64\www\Work\supervision_backend\public/../application/admin\view\index\login.html [ array (
  0 => 'breadcrumb',
  1 => 'site',
  2 => 'config',
  3 => 'auth',
  4 => 'admin',
  5 => 'background',
  6 => 'title',
) ]
[ info ] [ BEHAVIOR ] Run app\admin\behavior\AdminLog @app_end [ RunTime:0.002249s ]
[ info ] [ LOG ] INIT File
---------------------------------------------------------------
[ 2019-01-24T19:13:51+08:00 ] 127.0.0.1 GET www.jiandu.com/admin/index/login?url=%2Fadmin%2Findex%2Findex
[运行时间：1.106981s] [吞吐率：0.90req/s] [内存消耗：4,074.27kb] [文件加载：74]
[ info ] [ BEHAVIOR ] Run Closure @app_init [ RunTime:0.000093s ]
[ info ] [ CACHE ] INIT File
[ info ] [ BEHAVIOR ] Run Closure @app_init [ RunTime:0.331883s ]
[ info ] [ LANG ] D:\wamp64\www\Work\supervision_backend\thinkphp\lang\zh-cn.php
[ info ] [ ROUTE ] array (
  'type' => 'module',
  'module' => 
  array (
    0 => 'admin',
    1 => 'index',
    2 => 'login',
  ),
)
[ info ] [ HEADER ] array (
  'host' => 'www.jiandu.com',
  'connection' => 'keep-alive',
  'upgrade-insecure-requests' => '1',
  'user-agent' => 'Mozilla/5.0 (Windows NT 10.0; Win64; x64) AppleWebKit/537.36 (KHTML, like Gecko) Chrome/71.0.3578.98 Safari/537.36',
  'accept' => 'text/html,application/xhtml+xml,application/xml;q=0.9,image/webp,image/apng,*/*;q=0.8',
  'referer' => 'http://www.jiandu.com/admin/index/index',
  'accept-encoding' => 'gzip, deflate',
  'accept-language' => 'zh-CN,zh;q=0.9,en;q=0.8',
  'cookie' => 'thinkphp_show_page_trace=0|0; thinkphp_show_page_trace=0|0; PHPSESSID=m6n68qmvoh3ton0h8s69rhvul5',
)
[ info ] [ PARAM ] array (
  'url' => '/admin/index/index',
)
[ info ] [ LANG ] D:\wamp64\www\Work\supervision_backend\public/../application/admin\lang\zh-cn.php
[ info ] [ BEHAVIOR ] Run app\common\behavior\Common @module_init [ RunTime:0.010453s ]
[ info ] [ SESSION ] INIT array (
  'id' => '',
  'var_session_id' => '',
  'prefix' => 'think',
  'type' => '',
  'auto_start' => true,
)
[ info ] [ LANG ] D:\wamp64\www\Work\supervision_backend\public/../application/admin/lang/zh-cn/index.php
[ info ] [ RUN ] app\admin\controller\Index->login[ D:\wamp64\www\Work\supervision_backend\application\admin\controller\Index.php ]
[ info ] [ VIEW ] D:\wamp64\www\Work\supervision_backend\public/../application/admin\view\index\login.html [ array (
  0 => 'breadcrumb',
  1 => 'site',
  2 => 'config',
  3 => 'auth',
  4 => 'admin',
  5 => 'background',
  6 => 'title',
) ]
[ info ] [ BEHAVIOR ] Run app\admin\behavior\AdminLog @app_end [ RunTime:0.002139s ]
[ info ] [ LOG ] INIT File
---------------------------------------------------------------
[ 2019-01-24T19:13:53+08:00 ] 127.0.0.1 GET www.jiandu.com/admin/ajax/lang?callback=define&controllername=index&v=1548328430
[运行时间：0.759366s] [吞吐率：1.32req/s] [内存消耗：3,976.31kb] [文件加载：72]
[ info ] [ BEHAVIOR ] Run Closure @app_init [ RunTime:0.000114s ]
[ info ] [ CACHE ] INIT File
[ info ] [ BEHAVIOR ] Run Closure @app_init [ RunTime:0.223603s ]
[ info ] [ LANG ] D:\wamp64\www\Work\supervision_backend\thinkphp\lang\zh-cn.php
[ info ] [ ROUTE ] array (
  'type' => 'module',
  'module' => 
  array (
    0 => 'admin',
    1 => 'ajax',
    2 => 'lang',
  ),
)
[ info ] [ HEADER ] array (
  'host' => 'www.jiandu.com',
  'connection' => 'keep-alive',
  'user-agent' => 'Mozilla/5.0 (Windows NT 10.0; Win64; x64) AppleWebKit/537.36 (KHTML, like Gecko) Chrome/71.0.3578.98 Safari/537.36',
  'accept' => '*/*',
  'referer' => 'http://www.jiandu.com/admin/index/login?url=%2Fadmin%2Findex%2Findex',
  'accept-encoding' => 'gzip, deflate',
  'accept-language' => 'zh-CN,zh;q=0.9,en;q=0.8',
  'cookie' => 'thinkphp_show_page_trace=0|0; PHPSESSID=m6n68qmvoh3ton0h8s69rhvul5',
)
[ info ] [ PARAM ] array (
  'callback' => 'define',
  'controllername' => 'index',
  'v' => '1548328430',
)
[ info ] [ LANG ] D:\wamp64\www\Work\supervision_backend\public/../application/admin\lang\zh-cn.php
[ info ] [ BEHAVIOR ] Run app\common\behavior\Common @module_init [ RunTime:0.010304s ]
[ info ] [ SESSION ] INIT array (
  'id' => '',
  'var_session_id' => '',
  'prefix' => 'think',
  'type' => '',
  'auto_start' => true,
)
[ info ] [ LANG ] D:\wamp64\www\Work\supervision_backend\public/../application/admin/lang/zh-cn/ajax.php
[ info ] [ RUN ] app\admin\controller\Ajax->lang[ D:\wamp64\www\Work\supervision_backend\application\admin\controller\Ajax.php ]
[ info ] [ LANG ] D:\wamp64\www\Work\supervision_backend\public/../application/admin/lang/zh-cn/index.php
[ info ] [ BEHAVIOR ] Run app\admin\behavior\AdminLog @app_end [ RunTime:0.002320s ]
[ info ] [ LOG ] INIT File
---------------------------------------------------------------
[ 2019-01-24T19:13:59+08:00 ] 127.0.0.1 POST www.jiandu.com/admin/index/login?url=%2Fadmin%2Findex%2Findex
[运行时间：1.064651s] [吞吐率：0.94req/s] [内存消耗：4,955.00kb] [文件加载：78]
[ info ] [ BEHAVIOR ] Run Closure @app_init [ RunTime:0.000103s ]
[ info ] [ CACHE ] INIT File
[ info ] [ BEHAVIOR ] Run Closure @app_init [ RunTime:0.087794s ]
[ info ] [ LANG ] D:\wamp64\www\Work\supervision_backend\thinkphp\lang\zh-cn.php
[ info ] [ ROUTE ] array (
  'type' => 'module',
  'module' => 
  array (
    0 => 'admin',
    1 => 'index',
    2 => 'login',
  ),
)
[ info ] [ HEADER ] array (
  'host' => 'www.jiandu.com',
  'connection' => 'keep-alive',
  'content-length' => '75',
  'accept' => 'application/json, text/javascript, */*; q=0.01',
  'origin' => 'http://www.jiandu.com',
  'x-requested-with' => 'XMLHttpRequest',
  'user-agent' => 'Mozilla/5.0 (Windows NT 10.0; Win64; x64) AppleWebKit/537.36 (KHTML, like Gecko) Chrome/71.0.3578.98 Safari/537.36',
  'content-type' => 'application/x-www-form-urlencoded; charset=UTF-8',
  'referer' => 'http://www.jiandu.com/admin/index/login?url=%2Fadmin%2Findex%2Findex',
  'accept-encoding' => 'gzip, deflate',
  'accept-language' => 'zh-CN,zh;q=0.9,en;q=0.8',
  'cookie' => 'thinkphp_show_page_trace=0|0; thinkphp_show_page_trace=0|0; PHPSESSID=m6n68qmvoh3ton0h8s69rhvul5',
)
[ info ] [ PARAM ] array (
  'url' => '/admin/index/index',
  '__token__' => 'bec55d28eaef31de8be5be16a4d99060',
  'username' => '1111131',
  'password' => '123456',
)
[ info ] [ LANG ] D:\wamp64\www\Work\supervision_backend\public/../application/admin\lang\zh-cn.php
[ info ] [ BEHAVIOR ] Run app\common\behavior\Common @module_init [ RunTime:0.101995s ]
[ info ] [ SESSION ] INIT array (
  'id' => '',
  'var_session_id' => '',
  'prefix' => 'think',
  'type' => '',
  'auto_start' => true,
)
[ info ] [ LANG ] D:\wamp64\www\Work\supervision_backend\public/../application/admin/lang/zh-cn/index.php
[ info ] [ RUN ] app\admin\controller\Index->login[ D:\wamp64\www\Work\supervision_backend\application\admin\controller\Index.php ]
[ info ] [ DB ] INIT mysql
[ info ] [ BEHAVIOR ] Run app\admin\behavior\AdminLog @app_end [ RunTime:0.198223s ]
[ info ] [ LOG ] INIT File
[ sql ] [ DB ] CONNECT:[ UseTime:0.004742s ] mysql:host=127.0.0.1;dbname=supervision;charset=utf8
[ sql ] [ SQL ] SHOW COLUMNS FROM `s_admin_log` [ RunTime:0.012707s ]
[ sql ] [ SQL ] INSERT INTO `s_admin_log` (`title` , `content` , `url` , `admin_id` , `username` , `useragent` , `ip` , `createtime`) VALUES ('' , '{\"url\":\"\\/admin\\/index\\/index\",\"__token__\":\"bec55d28eaef31de8be5be16a4d99060\",\"username\":\"1111131\"}' , '/admin/index/login?url=%2Fadmin%2Findex%2Findex' , 0 , 'Unknown' , 'Mozilla/5.0 (Windows NT 10.0; Win64; x64) AppleWebKit/537.36 (KHTML, like Gecko) Chrome/71.0.3578.98 Safari/537.36' , '127.0.0.1' , 1548328439) [ RunTime:0.010809s ]
---------------------------------------------------------------
[ 2019-01-24T19:14:09+08:00 ] 127.0.0.1 POST www.jiandu.com/admin/index/login?url=%2Fadmin%2Findex%2Findex
[运行时间：1.057973s] [吞吐率：0.95req/s] [内存消耗：5,045.95kb] [文件加载：79]
[ info ] [ BEHAVIOR ] Run Closure @app_init [ RunTime:0.000097s ]
[ info ] [ CACHE ] INIT File
[ info ] [ BEHAVIOR ] Run Closure @app_init [ RunTime:0.195821s ]
[ info ] [ LANG ] D:\wamp64\www\Work\supervision_backend\thinkphp\lang\zh-cn.php
[ info ] [ ROUTE ] array (
  'type' => 'module',
  'module' => 
  array (
    0 => 'admin',
    1 => 'index',
    2 => 'login',
  ),
)
[ info ] [ HEADER ] array (
  'host' => 'www.jiandu.com',
  'connection' => 'keep-alive',
  'content-length' => '75',
  'accept' => 'application/json, text/javascript, */*; q=0.01',
  'origin' => 'http://www.jiandu.com',
  'x-requested-with' => 'XMLHttpRequest',
  'user-agent' => 'Mozilla/5.0 (Windows NT 10.0; Win64; x64) AppleWebKit/537.36 (KHTML, like Gecko) Chrome/71.0.3578.98 Safari/537.36',
  'content-type' => 'application/x-www-form-urlencoded; charset=UTF-8',
  'referer' => 'http://www.jiandu.com/admin/index/login?url=%2Fadmin%2Findex%2Findex',
  'accept-encoding' => 'gzip, deflate',
  'accept-language' => 'zh-CN,zh;q=0.9,en;q=0.8',
  'cookie' => 'thinkphp_show_page_trace=0|0; thinkphp_show_page_trace=0|0; PHPSESSID=m6n68qmvoh3ton0h8s69rhvul5',
)
[ info ] [ PARAM ] array (
  'url' => '/admin/index/index',
  '__token__' => 'd2fb977cfaa7fe50c2b7ea70fde51609',
  'username' => '1111131',
  'password' => '123456',
)
[ info ] [ LANG ] D:\wamp64\www\Work\supervision_backend\public/../application/admin\lang\zh-cn.php
[ info ] [ BEHAVIOR ] Run app\common\behavior\Common @module_init [ RunTime:0.015060s ]
[ info ] [ SESSION ] INIT array (
  'id' => '',
  'var_session_id' => '',
  'prefix' => 'think',
  'type' => '',
  'auto_start' => true,
)
[ info ] [ LANG ] D:\wamp64\www\Work\supervision_backend\public/../application/admin/lang/zh-cn/index.php
[ info ] [ RUN ] app\admin\controller\Index->login[ D:\wamp64\www\Work\supervision_backend\application\admin\controller\Index.php ]
[ info ] [ DB ] INIT mysql
[ info ] [ BEHAVIOR ] Run app\admin\behavior\AdminLog @app_end [ RunTime:0.194254s ]
[ info ] [ LOG ] INIT File
[ sql ] [ DB ] CONNECT:[ UseTime:0.003761s ] mysql:host=127.0.0.1;dbname=supervision;charset=utf8
[ sql ] [ SQL ] SHOW COLUMNS FROM `s_admin` [ RunTime:0.010924s ]
[ sql ] [ SQL ] SELECT * FROM `s_admin` WHERE  `username` = '1111131' LIMIT 1 [ RunTime:0.000823s ]
[ sql ] [ SQL ] SHOW COLUMNS FROM `s_admin_log` [ RunTime:0.006500s ]
[ sql ] [ SQL ] INSERT INTO `s_admin_log` (`title` , `content` , `url` , `admin_id` , `username` , `useragent` , `ip` , `createtime`) VALUES ('登录' , '{\"url\":\"\\/admin\\/index\\/index\",\"__token__\":\"d2fb977cfaa7fe50c2b7ea70fde51609\",\"username\":\"1111131\"}' , '/admin/index/login?url=%2Fadmin%2Findex%2Findex' , 0 , 'Unknown' , 'Mozilla/5.0 (Windows NT 10.0; Win64; x64) AppleWebKit/537.36 (KHTML, like Gecko) Chrome/71.0.3578.98 Safari/537.36' , '127.0.0.1' , 1548328448) [ RunTime:0.182546s ]
---------------------------------------------------------------
[ 2019-01-24T19:15:33+08:00 ] 127.0.0.1 POST www.jiandu.com/admin/index/login?url=%2Fadmin%2Findex%2Findex
[运行时间：0.734234s] [吞吐率：1.36req/s] [内存消耗：5,075.59kb] [文件加载：80]
[ info ] [ BEHAVIOR ] Run Closure @app_init [ RunTime:0.000117s ]
[ info ] [ CACHE ] INIT File
[ info ] [ BEHAVIOR ] Run Closure @app_init [ RunTime:0.082631s ]
[ info ] [ LANG ] D:\wamp64\www\Work\supervision_backend\thinkphp\lang\zh-cn.php
[ info ] [ ROUTE ] array (
  'type' => 'module',
  'module' => 
  array (
    0 => 'admin',
    1 => 'index',
    2 => 'login',
  ),
)
[ info ] [ HEADER ] array (
  'host' => 'www.jiandu.com',
  'connection' => 'keep-alive',
  'content-length' => '75',
  'accept' => 'application/json, text/javascript, */*; q=0.01',
  'origin' => 'http://www.jiandu.com',
  'x-requested-with' => 'XMLHttpRequest',
  'user-agent' => 'Mozilla/5.0 (Windows NT 10.0; Win64; x64) AppleWebKit/537.36 (KHTML, like Gecko) Chrome/71.0.3578.98 Safari/537.36',
  'content-type' => 'application/x-www-form-urlencoded; charset=UTF-8',
  'referer' => 'http://www.jiandu.com/admin/index/login?url=%2Fadmin%2Findex%2Findex',
  'accept-encoding' => 'gzip, deflate',
  'accept-language' => 'zh-CN,zh;q=0.9,en;q=0.8',
  'cookie' => 'thinkphp_show_page_trace=0|0; thinkphp_show_page_trace=0|0; PHPSESSID=m6n68qmvoh3ton0h8s69rhvul5',
)
[ info ] [ PARAM ] array (
  'url' => '/admin/index/index',
  '__token__' => 'f0fa621a3494406fd1939cf98c793a6a',
  'username' => '1111131',
  'password' => '123456',
)
[ info ] [ LANG ] D:\wamp64\www\Work\supervision_backend\public/../application/admin\lang\zh-cn.php
[ info ] [ BEHAVIOR ] Run app\common\behavior\Common @module_init [ RunTime:0.008175s ]
[ info ] [ SESSION ] INIT array (
  'id' => '',
  'var_session_id' => '',
  'prefix' => 'think',
  'type' => '',
  'auto_start' => true,
)
[ info ] [ LANG ] D:\wamp64\www\Work\supervision_backend\public/../application/admin/lang/zh-cn/index.php
[ info ] [ RUN ] app\admin\controller\Index->login[ D:\wamp64\www\Work\supervision_backend\application\admin\controller\Index.php ]
[ info ] [ DB ] INIT mysql
[ info ] [ BEHAVIOR ] Run app\admin\behavior\AdminLog @app_end [ RunTime:0.018518s ]
[ info ] [ LOG ] INIT File
[ sql ] [ DB ] CONNECT:[ UseTime:0.001921s ] mysql:host=127.0.0.1;dbname=supervision;charset=utf8
[ sql ] [ SQL ] SHOW COLUMNS FROM `s_admin` [ RunTime:0.011853s ]
[ sql ] [ SQL ] SELECT * FROM `s_admin` WHERE  `username` = '1111131' LIMIT 1 [ RunTime:0.001914s ]
[ sql ] [ SQL ] UPDATE `s_admin`  SET `logintime`=1548328533,`token`='18f497c1-2ad3-4a8b-8397-8a42132b93c7',`updatetime`=1548328533  WHERE  `id` = 34 [ RunTime:0.010386s ]
[ sql ] [ SQL ] SHOW COLUMNS FROM `s_admin_log` [ RunTime:0.006509s ]
[ sql ] [ SQL ] INSERT INTO `s_admin_log` (`title` , `content` , `url` , `admin_id` , `username` , `useragent` , `ip` , `createtime`) VALUES ('登录' , '{\"url\":\"\\/admin\\/index\\/index\",\"__token__\":\"f0fa621a3494406fd1939cf98c793a6a\",\"username\":\"1111131\"}' , '/admin/index/login?url=%2Fadmin%2Findex%2Findex' , 34 , '1111131' , 'Mozilla/5.0 (Windows NT 10.0; Win64; x64) AppleWebKit/537.36 (KHTML, like Gecko) Chrome/71.0.3578.98 Safari/537.36' , '127.0.0.1' , 1548328533) [ RunTime:0.005000s ]
---------------------------------------------------------------
[ 2019-01-24T19:15:37+08:00 ] 127.0.0.1 GET www.jiandu.com/admin/index/index
[运行时间：3.126251s] [吞吐率：0.32req/s] [内存消耗：5,415.23kb] [文件加载：95]
[ info ] [ BEHAVIOR ] Run Closure @app_init [ RunTime:0.000092s ]
[ info ] [ CACHE ] INIT File
[ info ] [ BEHAVIOR ] Run Closure @app_init [ RunTime:0.010718s ]
[ info ] [ LANG ] D:\wamp64\www\Work\supervision_backend\thinkphp\lang\zh-cn.php
[ info ] [ ROUTE ] array (
  'type' => 'module',
  'module' => 
  array (
    0 => 'admin',
    1 => 'index',
    2 => 'index',
  ),
)
[ info ] [ HEADER ] array (
  'host' => 'www.jiandu.com',
  'connection' => 'keep-alive',
  'upgrade-insecure-requests' => '1',
  'user-agent' => 'Mozilla/5.0 (Windows NT 10.0; Win64; x64) AppleWebKit/537.36 (KHTML, like Gecko) Chrome/71.0.3578.98 Safari/537.36',
  'accept' => 'text/html,application/xhtml+xml,application/xml;q=0.9,image/webp,image/apng,*/*;q=0.8',
  'referer' => 'http://www.jiandu.com/admin/index/login?url=%2Fadmin%2Findex%2Findex',
  'accept-encoding' => 'gzip, deflate',
  'accept-language' => 'zh-CN,zh;q=0.9,en;q=0.8',
  'cookie' => 'thinkphp_show_page_trace=0|0; thinkphp_show_page_trace=0|0; PHPSESSID=m6n68qmvoh3ton0h8s69rhvul5',
)
[ info ] [ PARAM ] array (
)
[ info ] [ LANG ] D:\wamp64\www\Work\supervision_backend\public/../application/admin\lang\zh-cn.php
[ info ] [ BEHAVIOR ] Run app\common\behavior\Common @module_init [ RunTime:0.007544s ]
[ info ] [ SESSION ] INIT array (
  'id' => '',
  'var_session_id' => '',
  'prefix' => 'think',
  'type' => '',
  'auto_start' => true,
)
[ info ] [ LANG ] D:\wamp64\www\Work\supervision_backend\public/../application/admin/lang/zh-cn/index.php
[ info ] [ RUN ] app\admin\controller\Index->index[ D:\wamp64\www\Work\supervision_backend\application\admin\controller\Index.php ]
[ info ] [ DB ] INIT mysql
[ info ] [ VIEW ] D:\wamp64\www\Work\supervision_backend\public/../application/admin\view\index\index.html [ array (
  0 => 'breadcrumb',
  1 => 'site',
  2 => 'config',
  3 => 'auth',
  4 => 'admin',
  5 => 'menulist',
  6 => 'navlist',
  7 => 'fixedmenu',
  8 => 'referermenu',
  9 => 'title',
) ]
[ info ] [ BEHAVIOR ] Run app\admin\behavior\AdminLog @app_end [ RunTime:0.002366s ]
[ info ] [ LOG ] INIT File
[ sql ] [ DB ] CONNECT:[ UseTime:0.001286s ] mysql:host=127.0.0.1;dbname=supervision;charset=utf8
[ sql ] [ SQL ] SHOW COLUMNS FROM `s_auth_group_access` [ RunTime:0.007207s ]
[ sql ] [ SQL ] SELECT `aga`.`uid`,`aga`.`group_id`,`ag`.`id`,`ag`.`pid`,`ag`.`name`,`ag`.`rules` FROM `s_auth_group_access` `aga` LEFT JOIN `s_auth_group` `ag` ON `aga`.`group_id`=`ag`.`id` WHERE  (  aga.uid='34' and ag.status='normal' ) [ RunTime:0.008514s ]
[ sql ] [ SQL ] SHOW COLUMNS FROM `s_auth_rule` [ RunTime:0.018019s ]
[ sql ] [ SQL ] SELECT `id`,`pid`,`condition`,`icon`,`name`,`title`,`ismenu` FROM `s_auth_rule` WHERE  `status` = 'normal'  AND `id` IN (70,77,80,83,91,92,94,73,78) [ RunTime:0.002399s ]
[ error ] [8]Use of undefined constant 安监部门 - assumed '安监部门'[D:\wamp64\www\Work\supervision_backend\extend\fast\Auth.php(236) : eval()'d code:1]
---------------------------------------------------------------
[ 2019-01-24T19:15:40+08:00 ] 127.0.0.1 GET www.jiandu.com/admin/ajax/lang?callback=define&controllername=index&v=1548328534
[运行时间：0.611157s] [吞吐率：1.64req/s] [内存消耗：3,978.68kb] [文件加载：72]
[ info ] [ BEHAVIOR ] Run Closure @app_init [ RunTime:0.000116s ]
[ info ] [ CACHE ] INIT File
[ info ] [ BEHAVIOR ] Run Closure @app_init [ RunTime:0.073378s ]
[ info ] [ LANG ] D:\wamp64\www\Work\supervision_backend\thinkphp\lang\zh-cn.php
[ info ] [ ROUTE ] array (
  'type' => 'module',
  'module' => 
  array (
    0 => 'admin',
    1 => 'ajax',
    2 => 'lang',
  ),
)
[ info ] [ HEADER ] array (
  'host' => 'www.jiandu.com',
  'connection' => 'keep-alive',
  'user-agent' => 'Mozilla/5.0 (Windows NT 10.0; Win64; x64) AppleWebKit/537.36 (KHTML, like Gecko) Chrome/71.0.3578.98 Safari/537.36',
  'accept' => '*/*',
  'referer' => 'http://www.jiandu.com/admin/index/index',
  'accept-encoding' => 'gzip, deflate',
  'accept-language' => 'zh-CN,zh;q=0.9,en;q=0.8',
  'cookie' => 'thinkphp_show_page_trace=0|0; PHPSESSID=m6n68qmvoh3ton0h8s69rhvul5',
)
[ info ] [ PARAM ] array (
  'callback' => 'define',
  'controllername' => 'index',
  'v' => '1548328534',
)
[ info ] [ LANG ] D:\wamp64\www\Work\supervision_backend\public/../application/admin\lang\zh-cn.php
[ info ] [ BEHAVIOR ] Run app\common\behavior\Common @module_init [ RunTime:0.037579s ]
[ info ] [ SESSION ] INIT array (
  'id' => '',
  'var_session_id' => '',
  'prefix' => 'think',
  'type' => '',
  'auto_start' => true,
)
[ info ] [ LANG ] D:\wamp64\www\Work\supervision_backend\public/../application/admin/lang/zh-cn/ajax.php
[ info ] [ RUN ] app\admin\controller\Ajax->lang[ D:\wamp64\www\Work\supervision_backend\application\admin\controller\Ajax.php ]
[ info ] [ LANG ] D:\wamp64\www\Work\supervision_backend\public/../application/admin/lang/zh-cn/index.php
[ info ] [ BEHAVIOR ] Run app\admin\behavior\AdminLog @app_end [ RunTime:0.001765s ]
[ info ] [ LOG ] INIT File
---------------------------------------------------------------
[ 2019-01-24T19:15:43+08:00 ] 127.0.0.1 GET www.jiandu.com/admin/safety/master/index?addtabs=1
[运行时间：1.142306s] [吞吐率：0.88req/s] [内存消耗：5,183.53kb] [文件加载：82]
[ info ] [ BEHAVIOR ] Run Closure @app_init [ RunTime:0.000183s ]
[ info ] [ CACHE ] INIT File
[ info ] [ BEHAVIOR ] Run Closure @app_init [ RunTime:0.167821s ]
[ info ] [ LANG ] D:\wamp64\www\Work\supervision_backend\thinkphp\lang\zh-cn.php
[ info ] [ ROUTE ] array (
  'type' => 'module',
  'module' => 
  array (
    0 => 'admin',
    1 => 'safety.master',
    2 => 'index',
  ),
)
[ info ] [ HEADER ] array (
  'host' => 'www.jiandu.com',
  'connection' => 'keep-alive',
  'upgrade-insecure-requests' => '1',
  'user-agent' => 'Mozilla/5.0 (Windows NT 10.0; Win64; x64) AppleWebKit/537.36 (KHTML, like Gecko) Chrome/71.0.3578.98 Safari/537.36',
  'accept' => 'text/html,application/xhtml+xml,application/xml;q=0.9,image/webp,image/apng,*/*;q=0.8',
  'referer' => 'http://www.jiandu.com/admin/safety/master/index?ref=addtabs',
  'accept-encoding' => 'gzip, deflate',
  'accept-language' => 'zh-CN,zh;q=0.9,en;q=0.8',
  'cookie' => 'thinkphp_show_page_trace=0|0; PHPSESSID=m6n68qmvoh3ton0h8s69rhvul5',
)
[ info ] [ PARAM ] array (
  'addtabs' => '1',
)
[ info ] [ LANG ] D:\wamp64\www\Work\supervision_backend\public/../application/admin\lang\zh-cn.php
[ info ] [ BEHAVIOR ] Run app\common\behavior\Common @module_init [ RunTime:0.007379s ]
[ info ] [ SESSION ] INIT array (
  'id' => '',
  'var_session_id' => '',
  'prefix' => 'think',
  'type' => '',
  'auto_start' => true,
)
[ info ] [ DB ] INIT mysql
[ info ] [ RUN ] app\admin\controller\safety\Master->index[ D:\wamp64\www\Work\supervision_backend\application\admin\controller\safety\Master.php ]
[ info ] [ VIEW ] D:\wamp64\www\Work\supervision_backend\public/../application/admin\view\safety\master\index.html [ array (
  0 => 'breadcrumb',
  1 => 'site',
  2 => 'config',
  3 => 'auth',
  4 => 'admin',
) ]
[ info ] [ BEHAVIOR ] Run app\admin\behavior\AdminLog @app_end [ RunTime:0.002082s ]
[ info ] [ LOG ] INIT File
[ sql ] [ DB ] CONNECT:[ UseTime:0.001816s ] mysql:host=127.0.0.1;dbname=supervision;charset=utf8
[ sql ] [ SQL ] SHOW COLUMNS FROM `s_auth_group_access` [ RunTime:0.005794s ]
[ sql ] [ SQL ] SELECT `aga`.`uid`,`aga`.`group_id`,`ag`.`id`,`ag`.`pid`,`ag`.`name`,`ag`.`rules` FROM `s_auth_group_access` `aga` LEFT JOIN `s_auth_group` `ag` ON `aga`.`group_id`=`ag`.`id` WHERE  (  aga.uid='34' and ag.status='normal' ) [ RunTime:0.005404s ]
[ sql ] [ SQL ] SHOW COLUMNS FROM `s_auth_rule` [ RunTime:0.004908s ]
[ sql ] [ SQL ] SELECT `id`,`pid`,`condition`,`icon`,`name`,`title`,`ismenu` FROM `s_auth_rule` WHERE  `status` = 'normal'  AND `id` IN (70,77,80,83,91,92,94,73,78) [ RunTime:0.001497s ]
[ error ] [8]Use of undefined constant 安监部门 - assumed '安监部门'[D:\wamp64\www\Work\supervision_backend\extend\fast\Auth.php(236) : eval()'d code:1]
---------------------------------------------------------------
[ 2019-01-24T19:15:44+08:00 ] 127.0.0.1 GET www.jiandu.com/admin/ajax/lang?callback=define&controllername=safety.master&v=1548328542
[运行时间：0.628528s] [吞吐率：1.59req/s] [内存消耗：3,973.66kb] [文件加载：71]
[ info ] [ BEHAVIOR ] Run Closure @app_init [ RunTime:0.000101s ]
[ info ] [ CACHE ] INIT File
[ info ] [ BEHAVIOR ] Run Closure @app_init [ RunTime:0.139505s ]
[ info ] [ LANG ] D:\wamp64\www\Work\supervision_backend\thinkphp\lang\zh-cn.php
[ info ] [ ROUTE ] array (
  'type' => 'module',
  'module' => 
  array (
    0 => 'admin',
    1 => 'ajax',
    2 => 'lang',
  ),
)
[ info ] [ HEADER ] array (
  'host' => 'www.jiandu.com',
  'connection' => 'keep-alive',
  'user-agent' => 'Mozilla/5.0 (Windows NT 10.0; Win64; x64) AppleWebKit/537.36 (KHTML, like Gecko) Chrome/71.0.3578.98 Safari/537.36',
  'accept' => '*/*',
  'referer' => 'http://www.jiandu.com/admin/safety/master/index?addtabs=1',
  'accept-encoding' => 'gzip, deflate',
  'accept-language' => 'zh-CN,zh;q=0.9,en;q=0.8',
  'cookie' => 'thinkphp_show_page_trace=0|0; PHPSESSID=m6n68qmvoh3ton0h8s69rhvul5',
)
[ info ] [ PARAM ] array (
  'callback' => 'define',
  'controllername' => 'safety.master',
  'v' => '1548328542',
)
[ info ] [ LANG ] D:\wamp64\www\Work\supervision_backend\public/../application/admin\lang\zh-cn.php
[ info ] [ BEHAVIOR ] Run app\common\behavior\Common @module_init [ RunTime:0.013569s ]
[ info ] [ SESSION ] INIT array (
  'id' => '',
  'var_session_id' => '',
  'prefix' => 'think',
  'type' => '',
  'auto_start' => true,
)
[ info ] [ LANG ] D:\wamp64\www\Work\supervision_backend\public/../application/admin/lang/zh-cn/ajax.php
[ info ] [ RUN ] app\admin\controller\Ajax->lang[ D:\wamp64\www\Work\supervision_backend\application\admin\controller\Ajax.php ]
[ info ] [ BEHAVIOR ] Run app\admin\behavior\AdminLog @app_end [ RunTime:0.001794s ]
[ info ] [ LOG ] INIT File
---------------------------------------------------------------
[ 2019-01-24T19:15:47+08:00 ] 127.0.0.1 GET www.jiandu.com/admin/safety/master/index?sort=id&order=desc&offset=0&limit=10&filter=%7B%7D&op=%7B%7D&_=1548328543963
[运行时间：0.784024s] [吞吐率：1.28req/s] [内存消耗：5,018.13kb] [文件加载：77]
[ info ] [ BEHAVIOR ] Run Closure @app_init [ RunTime:0.000105s ]
[ info ] [ CACHE ] INIT File
[ info ] [ BEHAVIOR ] Run Closure @app_init [ RunTime:0.078484s ]
[ info ] [ LANG ] D:\wamp64\www\Work\supervision_backend\thinkphp\lang\zh-cn.php
[ info ] [ ROUTE ] array (
  'type' => 'module',
  'module' => 
  array (
    0 => 'admin',
    1 => 'safety.master',
    2 => 'index',
  ),
)
[ info ] [ HEADER ] array (
  'host' => 'www.jiandu.com',
  'connection' => 'keep-alive',
  'accept' => 'application/json, text/javascript, */*; q=0.01',
  'x-requested-with' => 'XMLHttpRequest',
  'user-agent' => 'Mozilla/5.0 (Windows NT 10.0; Win64; x64) AppleWebKit/537.36 (KHTML, like Gecko) Chrome/71.0.3578.98 Safari/537.36',
  'content-type' => 'application/json',
  'referer' => 'http://www.jiandu.com/admin/safety/master/index?addtabs=1',
  'accept-encoding' => 'gzip, deflate',
  'accept-language' => 'zh-CN,zh;q=0.9,en;q=0.8',
  'cookie' => 'thinkphp_show_page_trace=0|0; thinkphp_show_page_trace=0|0; PHPSESSID=m6n68qmvoh3ton0h8s69rhvul5',
)
[ info ] [ PARAM ] array (
  'sort' => 'id',
  'order' => 'desc',
  'offset' => '0',
  'limit' => '10',
  'filter' => '{}',
  'op' => '{}',
  '_' => '1548328543963',
)
[ info ] [ LANG ] D:\wamp64\www\Work\supervision_backend\public/../application/admin\lang\zh-cn.php
[ info ] [ BEHAVIOR ] Run app\common\behavior\Common @module_init [ RunTime:0.051353s ]
[ info ] [ SESSION ] INIT array (
  'id' => '',
  'var_session_id' => '',
  'prefix' => 'think',
  'type' => '',
  'auto_start' => true,
)
[ info ] [ DB ] INIT mysql
[ info ] [ RUN ] app\admin\controller\safety\Master->index[ D:\wamp64\www\Work\supervision_backend\application\admin\controller\safety\Master.php ]
[ info ] [ BEHAVIOR ] Run app\admin\behavior\AdminLog @app_end [ RunTime:0.001847s ]
[ info ] [ LOG ] INIT File
[ sql ] [ DB ] CONNECT:[ UseTime:0.001403s ] mysql:host=127.0.0.1;dbname=supervision;charset=utf8
[ sql ] [ SQL ] SHOW COLUMNS FROM `s_project` [ RunTime:0.006927s ]
[ sql ] [ SQL ] SELECT COUNT(*) AS tp_count FROM `s_project` `project` INNER JOIN `s_quality_info` `i` ON `project`.`quality_info`=`i`.`id` LEFT JOIN `s_admin` `a` ON `project`.`security_id`=`a`.`id` LEFT JOIN `s_admin` `s` ON `project`.`supervisor_assistant`=`s`.`id` ORDER BY `project`.`id` DESC LIMIT 1 [ RunTime:0.015790s ]
[ sql ] [ SQL ] SELECT `project`.`id`,`project`.`build_dept`,`project`.`project_name`,`project`.`address`,`project`.`supervisor_code`,`supervisor_progress`,i.schedule `i.schedule`,i.project_kind `i.project_kind`,i.status `i.status`,i.situation `i.situation`,a.nickname `a.nickname`,s.nickname `s.nickname` FROM `s_project` `project` INNER JOIN `s_quality_info` `i` ON `project`.`quality_info`=`i`.`id` LEFT JOIN `s_admin` `a` ON `project`.`security_id`=`a`.`id` LEFT JOIN `s_admin` `s` ON `project`.`supervisor_assistant`=`s`.`id` ORDER BY `project`.`id` DESC LIMIT 0,10 [ RunTime:0.001140s ]
---------------------------------------------------------------
[ 2019-01-24T19:16:02+08:00 ] 127.0.0.1 GET www.jiandu.com/admin/index/logout
[运行时间：1.070108s] [吞吐率：0.93req/s] [内存消耗：5,085.56kb] [文件加载：81]
[ info ] [ BEHAVIOR ] Run Closure @app_init [ RunTime:0.000137s ]
[ info ] [ CACHE ] INIT File
[ info ] [ BEHAVIOR ] Run Closure @app_init [ RunTime:0.235919s ]
[ info ] [ LANG ] D:\wamp64\www\Work\supervision_backend\thinkphp\lang\zh-cn.php
[ info ] [ ROUTE ] array (
  'type' => 'module',
  'module' => 
  array (
    0 => 'admin',
    1 => 'index',
    2 => 'logout',
  ),
)
[ info ] [ HEADER ] array (
  'host' => 'www.jiandu.com',
  'connection' => 'keep-alive',
  'upgrade-insecure-requests' => '1',
  'user-agent' => 'Mozilla/5.0 (Windows NT 10.0; Win64; x64) AppleWebKit/537.36 (KHTML, like Gecko) Chrome/71.0.3578.98 Safari/537.36',
  'accept' => 'text/html,application/xhtml+xml,application/xml;q=0.9,image/webp,image/apng,*/*;q=0.8',
  'referer' => 'http://www.jiandu.com/admin/safety/master/index?ref=addtabs',
  'accept-encoding' => 'gzip, deflate',
  'accept-language' => 'zh-CN,zh;q=0.9,en;q=0.8',
  'cookie' => 'thinkphp_show_page_trace=0|0; thinkphp_show_page_trace=0|0; PHPSESSID=m6n68qmvoh3ton0h8s69rhvul5',
)
[ info ] [ PARAM ] array (
)
[ info ] [ LANG ] D:\wamp64\www\Work\supervision_backend\public/../application/admin\lang\zh-cn.php
[ info ] [ BEHAVIOR ] Run app\common\behavior\Common @module_init [ RunTime:0.007464s ]
[ info ] [ SESSION ] INIT array (
  'id' => '',
  'var_session_id' => '',
  'prefix' => 'think',
  'type' => '',
  'auto_start' => true,
)
[ info ] [ LANG ] D:\wamp64\www\Work\supervision_backend\public/../application/admin/lang/zh-cn/index.php
[ info ] [ RUN ] app\admin\controller\Index->logout[ D:\wamp64\www\Work\supervision_backend\application\admin\controller\Index.php ]
[ info ] [ DB ] INIT mysql
[ info ] [ VIEW ] D:\wamp64\www\Work\supervision_backend\public/../application/common\view\tpl\dispatch_jump.tpl [ array (
  0 => 'breadcrumb',
  1 => 'site',
  2 => 'config',
  3 => 'auth',
  4 => 'admin',
  5 => 'code',
  6 => 'msg',
  7 => 'data',
  8 => 'url',
  9 => 'wait',
) ]
[ info ] [ BEHAVIOR ] Run app\admin\behavior\AdminLog @app_end [ RunTime:0.001875s ]
[ info ] [ LOG ] INIT File
[ sql ] [ DB ] CONNECT:[ UseTime:0.001564s ] mysql:host=127.0.0.1;dbname=supervision;charset=utf8
[ sql ] [ SQL ] SHOW COLUMNS FROM `s_admin` [ RunTime:0.006083s ]
[ sql ] [ SQL ] SELECT * FROM `s_admin` WHERE  `id` = 34 LIMIT 1 [ RunTime:0.000924s ]
[ sql ] [ SQL ] UPDATE `s_admin`  SET `token`='',`updatetime`=1548328562  WHERE  `id` = 34 [ RunTime:0.021720s ]
---------------------------------------------------------------
[ 2019-01-24T19:16:07+08:00 ] 127.0.0.1 GET www.jiandu.com/admin/index/login
[运行时间：0.779645s] [吞吐率：1.28req/s] [内存消耗：4,073.84kb] [文件加载：74]
[ info ] [ BEHAVIOR ] Run Closure @app_init [ RunTime:0.000102s ]
[ info ] [ CACHE ] INIT File
[ info ] [ BEHAVIOR ] Run Closure @app_init [ RunTime:0.124856s ]
[ info ] [ LANG ] D:\wamp64\www\Work\supervision_backend\thinkphp\lang\zh-cn.php
[ info ] [ ROUTE ] array (
  'type' => 'module',
  'module' => 
  array (
    0 => 'admin',
    1 => 'index',
    2 => 'login',
  ),
)
[ info ] [ HEADER ] array (
  'host' => 'www.jiandu.com',
  'connection' => 'keep-alive',
  'upgrade-insecure-requests' => '1',
  'user-agent' => 'Mozilla/5.0 (Windows NT 10.0; Win64; x64) AppleWebKit/537.36 (KHTML, like Gecko) Chrome/71.0.3578.98 Safari/537.36',
  'accept' => 'text/html,application/xhtml+xml,application/xml;q=0.9,image/webp,image/apng,*/*;q=0.8',
  'referer' => 'http://www.jiandu.com/admin/index/logout',
  'accept-encoding' => 'gzip, deflate',
  'accept-language' => 'zh-CN,zh;q=0.9,en;q=0.8',
  'cookie' => 'thinkphp_show_page_trace=0|0; thinkphp_show_page_trace=0|0; PHPSESSID=m6n68qmvoh3ton0h8s69rhvul5',
)
[ info ] [ PARAM ] array (
)
[ info ] [ LANG ] D:\wamp64\www\Work\supervision_backend\public/../application/admin\lang\zh-cn.php
[ info ] [ BEHAVIOR ] Run app\common\behavior\Common @module_init [ RunTime:0.006135s ]
[ info ] [ SESSION ] INIT array (
  'id' => '',
  'var_session_id' => '',
  'prefix' => 'think',
  'type' => '',
  'auto_start' => true,
)
[ info ] [ LANG ] D:\wamp64\www\Work\supervision_backend\public/../application/admin/lang/zh-cn/index.php
[ info ] [ RUN ] app\admin\controller\Index->login[ D:\wamp64\www\Work\supervision_backend\application\admin\controller\Index.php ]
[ info ] [ VIEW ] D:\wamp64\www\Work\supervision_backend\public/../application/admin\view\index\login.html [ array (
  0 => 'breadcrumb',
  1 => 'site',
  2 => 'config',
  3 => 'auth',
  4 => 'admin',
  5 => 'background',
  6 => 'title',
) ]
[ info ] [ BEHAVIOR ] Run app\admin\behavior\AdminLog @app_end [ RunTime:0.003380s ]
[ info ] [ LOG ] INIT File
---------------------------------------------------------------
[ 2019-01-24T19:16:09+08:00 ] 127.0.0.1 GET www.jiandu.com/admin/ajax/lang?callback=define&controllername=index&v=1548328566
[运行时间：0.922888s] [吞吐率：1.08req/s] [内存消耗：3,975.78kb] [文件加载：72]
[ info ] [ BEHAVIOR ] Run Closure @app_init [ RunTime:0.000105s ]
[ info ] [ CACHE ] INIT File
[ info ] [ BEHAVIOR ] Run Closure @app_init [ RunTime:0.252179s ]
[ info ] [ LANG ] D:\wamp64\www\Work\supervision_backend\thinkphp\lang\zh-cn.php
[ info ] [ ROUTE ] array (
  'type' => 'module',
  'module' => 
  array (
    0 => 'admin',
    1 => 'ajax',
    2 => 'lang',
  ),
)
[ info ] [ HEADER ] array (
  'host' => 'www.jiandu.com',
  'connection' => 'keep-alive',
  'user-agent' => 'Mozilla/5.0 (Windows NT 10.0; Win64; x64) AppleWebKit/537.36 (KHTML, like Gecko) Chrome/71.0.3578.98 Safari/537.36',
  'accept' => '*/*',
  'referer' => 'http://www.jiandu.com/admin/index/login',
  'accept-encoding' => 'gzip, deflate',
  'accept-language' => 'zh-CN,zh;q=0.9,en;q=0.8',
  'cookie' => 'thinkphp_show_page_trace=0|0; PHPSESSID=m6n68qmvoh3ton0h8s69rhvul5',
)
[ info ] [ PARAM ] array (
  'callback' => 'define',
  'controllername' => 'index',
  'v' => '1548328566',
)
[ info ] [ LANG ] D:\wamp64\www\Work\supervision_backend\public/../application/admin\lang\zh-cn.php
[ info ] [ BEHAVIOR ] Run app\common\behavior\Common @module_init [ RunTime:0.088601s ]
[ info ] [ SESSION ] INIT array (
  'id' => '',
  'var_session_id' => '',
  'prefix' => 'think',
  'type' => '',
  'auto_start' => true,
)
[ info ] [ LANG ] D:\wamp64\www\Work\supervision_backend\public/../application/admin/lang/zh-cn/ajax.php
[ info ] [ RUN ] app\admin\controller\Ajax->lang[ D:\wamp64\www\Work\supervision_backend\application\admin\controller\Ajax.php ]
[ info ] [ LANG ] D:\wamp64\www\Work\supervision_backend\public/../application/admin/lang/zh-cn/index.php
[ info ] [ BEHAVIOR ] Run app\admin\behavior\AdminLog @app_end [ RunTime:0.002984s ]
[ info ] [ LOG ] INIT File
