---------------------------------------------------------------
[ 2018-12-02T14:06:04+08:00 ] 127.0.0.1 GET 127.0.0.1/
[运行时间：1.216986s] [吞吐率：0.82req/s] [内存消耗：3,530.98kb] [文件加载：63]
[ info ] [ BEHAVIOR ] Run Closure @app_init [ RunTime:0.001682s ]
[ info ] [ CACHE ] INIT File
[ info ] [ BEHAVIOR ] Run Closure @app_init [ RunTime:0.064600s ]
[ info ] [ LANG ] D:\wamp64\www\Work\supervision_backend\thinkphp\lang\zh-cn.php
[ info ] [ ROUTE ] array (
  'type' => 'module',
  'module' => 
  array (
    0 => '',
    1 => NULL,
    2 => NULL,
  ),
)
[ info ] [ HEADER ] array (
  'host' => '127.0.0.1',
  'connection' => 'keep-alive',
  'upgrade-insecure-requests' => '1',
  'user-agent' => 'Mozilla/5.0 (Windows NT 10.0; WOW64) AppleWebKit/537.36 (KHTML, like Gecko) Chrome/69.0.3497.100 Safari/537.36',
  'accept' => 'text/html,application/xhtml+xml,application/xml;q=0.9,image/webp,image/apng,*/*;q=0.8',
  'accept-encoding' => 'gzip, deflate, br',
  'accept-language' => 'zh-CN,zh;q=0.9,en;q=0.8,la;q=0.7,und;q=0.6',
)
[ info ] [ PARAM ] array (
)
[ info ] [ LANG ] D:\wamp64\www\Work\supervision_backend\public/../application/index\lang\zh-cn.php
[ info ] [ BEHAVIOR ] Run app\common\behavior\Common @module_init [ RunTime:0.058160s ]
[ info ] [ LANG ] D:\wamp64\www\Work\supervision_backend\public/../application/index/lang/zh-cn/index.php
[ info ] [ RUN ] app\index\controller\Index->index[ D:\wamp64\www\Work\supervision_backend\application\index\controller\Index.php ]
[ info ] [ VIEW ] D:\wamp64\www\Work\supervision_backend\public/../application/index\view\index\index.html [ array (
  0 => 'user',
  1 => 'site',
  2 => 'config',
) ]
[ info ] [ LOG ] INIT File
---------------------------------------------------------------
[ 2018-12-02T14:06:05+08:00 ] 127.0.0.1 GET 127.0.0.1/favicon.ico
[运行时间：0.104707s] [吞吐率：9.55req/s] [内存消耗：2,288.66kb] [文件加载：48]
[ info ] [ BEHAVIOR ] Run Closure @app_init [ RunTime:0.000146s ]
[ info ] [ CACHE ] INIT File
[ info ] [ BEHAVIOR ] Run Closure @app_init [ RunTime:0.007627s ]
[ info ] [ LANG ] D:\wamp64\www\Work\supervision_backend\thinkphp\lang\zh-cn.php
[ info ] [ ROUTE ] array (
  'type' => 'module',
  'module' => 
  array (
    0 => 'favicon.ico',
    1 => NULL,
    2 => NULL,
  ),
)
[ info ] [ HEADER ] array (
  'host' => '127.0.0.1',
  'connection' => 'keep-alive',
  'user-agent' => 'Mozilla/5.0 (Windows NT 10.0; WOW64) AppleWebKit/537.36 (KHTML, like Gecko) Chrome/69.0.3497.100 Safari/537.36',
  'accept' => 'image/webp,image/apng,image/*,*/*;q=0.8',
  'referer' => 'http://127.0.0.1/',
  'accept-encoding' => 'gzip, deflate, br',
  'accept-language' => 'zh-CN,zh;q=0.9,en;q=0.8,la;q=0.7,und;q=0.6',
)
[ info ] [ PARAM ] array (
)
[ info ] [ LOG ] INIT File
---------------------------------------------------------------
[ 2018-12-02T14:06:07+08:00 ] 127.0.0.1 GET 127.0.0.1/admin/index/login.html
[运行时间：0.411880s] [吞吐率：2.43req/s] [内存消耗：3,908.34kb] [文件加载：69]
[ info ] [ BEHAVIOR ] Run Closure @app_init [ RunTime:0.000127s ]
[ info ] [ CACHE ] INIT File
[ info ] [ BEHAVIOR ] Run Closure @app_init [ RunTime:0.004327s ]
[ info ] [ LANG ] D:\wamp64\www\Work\supervision_backend\thinkphp\lang\zh-cn.php
[ info ] [ ROUTE ] array (
  'type' => 'module',
  'module' => 
  array (
    0 => 'admin',
    1 => 'index',
    2 => 'login',
  ),
)
[ info ] [ HEADER ] array (
  'host' => '127.0.0.1',
  'connection' => 'keep-alive',
  'upgrade-insecure-requests' => '1',
  'user-agent' => 'Mozilla/5.0 (Windows NT 10.0; WOW64) AppleWebKit/537.36 (KHTML, like Gecko) Chrome/69.0.3497.100 Safari/537.36',
  'accept' => 'text/html,application/xhtml+xml,application/xml;q=0.9,image/webp,image/apng,*/*;q=0.8',
  'referer' => 'http://127.0.0.1/',
  'accept-encoding' => 'gzip, deflate, br',
  'accept-language' => 'zh-CN,zh;q=0.9,en;q=0.8,la;q=0.7,und;q=0.6',
)
[ info ] [ PARAM ] array (
)
[ info ] [ LANG ] D:\wamp64\www\Work\supervision_backend\public/../application/admin\lang\zh-cn.php
[ info ] [ BEHAVIOR ] Run app\common\behavior\Common @module_init [ RunTime:0.007330s ]
[ info ] [ SESSION ] INIT array (
  'id' => '',
  'var_session_id' => '',
  'prefix' => 'think',
  'type' => '',
  'auto_start' => true,
)
[ info ] [ LANG ] D:\wamp64\www\Work\supervision_backend\public/../application/admin/lang/zh-cn/index.php
[ info ] [ RUN ] app\admin\controller\Index->login[ D:\wamp64\www\Work\supervision_backend\application\admin\controller\Index.php ]
[ info ] [ VIEW ] D:\wamp64\www\Work\supervision_backend\public/../application/admin\view\index\login.html [ array (
  0 => 'breadcrumb',
  1 => 'site',
  2 => 'config',
  3 => 'auth',
  4 => 'admin',
  5 => 'background',
  6 => 'title',
) ]
[ info ] [ BEHAVIOR ] Run app\admin\behavior\AdminLog @app_end [ RunTime:0.013908s ]
[ info ] [ LOG ] INIT File
---------------------------------------------------------------
[ 2018-12-02T14:06:07+08:00 ] 127.0.0.1 GET 127.0.0.1/admin/ajax/lang?callback=define&controllername=index&v=1543730766
[运行时间：0.182599s] [吞吐率：5.48req/s] [内存消耗：3,917.10kb] [文件加载：69]
[ info ] [ BEHAVIOR ] Run Closure @app_init [ RunTime:0.000179s ]
[ info ] [ CACHE ] INIT File
[ info ] [ BEHAVIOR ] Run Closure @app_init [ RunTime:0.006436s ]
[ info ] [ LANG ] D:\wamp64\www\Work\supervision_backend\thinkphp\lang\zh-cn.php
[ info ] [ ROUTE ] array (
  'type' => 'module',
  'module' => 
  array (
    0 => 'admin',
    1 => 'ajax',
    2 => 'lang',
  ),
)
[ info ] [ HEADER ] array (
  'host' => '127.0.0.1',
  'connection' => 'keep-alive',
  'user-agent' => 'Mozilla/5.0 (Windows NT 10.0; WOW64) AppleWebKit/537.36 (KHTML, like Gecko) Chrome/69.0.3497.100 Safari/537.36',
  'accept' => '*/*',
  'referer' => 'http://127.0.0.1/admin/index/login.html',
  'accept-encoding' => 'gzip, deflate, br',
  'accept-language' => 'zh-CN,zh;q=0.9,en;q=0.8,la;q=0.7,und;q=0.6',
  'cookie' => 'PHPSESSID=cui1hr1l8adsm5g769u5b9i3l5',
)
[ info ] [ PARAM ] array (
  'callback' => 'define',
  'controllername' => 'index',
  'v' => '1543730766',
)
[ info ] [ LANG ] D:\wamp64\www\Work\supervision_backend\public/../application/admin\lang\zh-cn.php
[ info ] [ BEHAVIOR ] Run app\common\behavior\Common @module_init [ RunTime:0.007198s ]
[ info ] [ SESSION ] INIT array (
  'id' => '',
  'var_session_id' => '',
  'prefix' => 'think',
  'type' => '',
  'auto_start' => true,
)
[ info ] [ LANG ] D:\wamp64\www\Work\supervision_backend\public/../application/admin/lang/zh-cn/ajax.php
[ info ] [ RUN ] app\admin\controller\Ajax->lang[ D:\wamp64\www\Work\supervision_backend\application\admin\controller\Ajax.php ]
[ info ] [ LANG ] D:\wamp64\www\Work\supervision_backend\public/../application/admin/lang/zh-cn/index.php
[ info ] [ BEHAVIOR ] Run app\admin\behavior\AdminLog @app_end [ RunTime:0.001709s ]
[ info ] [ LOG ] INIT File
---------------------------------------------------------------
[ 2018-12-02T14:06:13+08:00 ] 127.0.0.1 POST 127.0.0.1/admin/index/login.html
[运行时间：0.366288s] [吞吐率：2.73req/s] [内存消耗：5,033.68kb] [文件加载：78]
[ info ] [ BEHAVIOR ] Run Closure @app_init [ RunTime:0.000186s ]
[ info ] [ CACHE ] INIT File
[ info ] [ BEHAVIOR ] Run Closure @app_init [ RunTime:0.004450s ]
[ info ] [ LANG ] D:\wamp64\www\Work\supervision_backend\thinkphp\lang\zh-cn.php
[ info ] [ ROUTE ] array (
  'type' => 'module',
  'module' => 
  array (
    0 => 'admin',
    1 => 'index',
    2 => 'login',
  ),
)
[ info ] [ HEADER ] array (
  'host' => '127.0.0.1',
  'connection' => 'keep-alive',
  'content-length' => '73',
  'accept' => 'application/json, text/javascript, */*; q=0.01',
  'origin' => 'http://127.0.0.1',
  'x-requested-with' => 'XMLHttpRequest',
  'user-agent' => 'Mozilla/5.0 (Windows NT 10.0; WOW64) AppleWebKit/537.36 (KHTML, like Gecko) Chrome/69.0.3497.100 Safari/537.36',
  'content-type' => 'application/x-www-form-urlencoded; charset=UTF-8',
  'referer' => 'http://127.0.0.1/admin/index/login.html',
  'accept-encoding' => 'gzip, deflate, br',
  'accept-language' => 'zh-CN,zh;q=0.9,en;q=0.8,la;q=0.7,und;q=0.6',
  'cookie' => 'PHPSESSID=cui1hr1l8adsm5g769u5b9i3l5',
)
[ info ] [ PARAM ] array (
  '__token__' => '76aa1245c2845ed9adb7526d938dc309',
  'username' => 'admin',
  'password' => '123456',
)
[ info ] [ LANG ] D:\wamp64\www\Work\supervision_backend\public/../application/admin\lang\zh-cn.php
[ info ] [ BEHAVIOR ] Run app\common\behavior\Common @module_init [ RunTime:0.007154s ]
[ info ] [ SESSION ] INIT array (
  'id' => '',
  'var_session_id' => '',
  'prefix' => 'think',
  'type' => '',
  'auto_start' => true,
)
[ info ] [ LANG ] D:\wamp64\www\Work\supervision_backend\public/../application/admin/lang/zh-cn/index.php
[ info ] [ RUN ] app\admin\controller\Index->login[ D:\wamp64\www\Work\supervision_backend\application\admin\controller\Index.php ]
[ info ] [ DB ] INIT mysql
[ info ] [ BEHAVIOR ] Run app\admin\behavior\AdminLog @app_end [ RunTime:0.018403s ]
[ info ] [ LOG ] INIT File
[ sql ] [ DB ] CONNECT:[ UseTime:0.015093s ] mysql:host=127.0.0.1;dbname=supervision;charset=utf8
[ sql ] [ SQL ] SHOW COLUMNS FROM `s_admin` [ RunTime:0.029041s ]
[ sql ] [ SQL ] SELECT * FROM `s_admin` WHERE  `username` = 'admin' LIMIT 1 [ RunTime:0.004168s ]
[ sql ] [ SQL ] UPDATE `s_admin`  SET `logintime`=1543730773,`token`='1c744e55-ad7e-4bfe-8ce4-a018b42066f7',`updatetime`=1543730773  WHERE  `id` = 1 [ RunTime:0.004713s ]
[ sql ] [ SQL ] SHOW COLUMNS FROM `s_admin_log` [ RunTime:0.010427s ]
[ sql ] [ SQL ] INSERT INTO `s_admin_log` (`title` , `content` , `url` , `admin_id` , `username` , `useragent` , `ip` , `createtime`) VALUES ('登录' , '{\"__token__\":\"76aa1245c2845ed9adb7526d938dc309\",\"username\":\"admin\"}' , '/admin/index/login.html' , 1 , 'admin' , 'Mozilla/5.0 (Windows NT 10.0; WOW64) AppleWebKit/537.36 (KHTML, like Gecko) Chrome/69.0.3497.100 Safari/537.36' , '127.0.0.1' , 1543730773) [ RunTime:0.002909s ]
---------------------------------------------------------------
[ 2018-12-02T14:06:14+08:00 ] 127.0.0.1 GET 127.0.0.1/admin/index/index
[运行时间：0.783672s] [吞吐率：1.28req/s] [内存消耗：5,340.63kb] [文件加载：88]
[ info ] [ BEHAVIOR ] Run Closure @app_init [ RunTime:0.000101s ]
[ info ] [ CACHE ] INIT File
[ info ] [ BEHAVIOR ] Run Closure @app_init [ RunTime:0.005065s ]
[ info ] [ LANG ] D:\wamp64\www\Work\supervision_backend\thinkphp\lang\zh-cn.php
[ info ] [ ROUTE ] array (
  'type' => 'module',
  'module' => 
  array (
    0 => 'admin',
    1 => 'index',
    2 => 'index',
  ),
)
[ info ] [ HEADER ] array (
  'host' => '127.0.0.1',
  'connection' => 'keep-alive',
  'upgrade-insecure-requests' => '1',
  'user-agent' => 'Mozilla/5.0 (Windows NT 10.0; WOW64) AppleWebKit/537.36 (KHTML, like Gecko) Chrome/69.0.3497.100 Safari/537.36',
  'accept' => 'text/html,application/xhtml+xml,application/xml;q=0.9,image/webp,image/apng,*/*;q=0.8',
  'referer' => 'http://127.0.0.1/admin/index/login.html',
  'accept-encoding' => 'gzip, deflate, br',
  'accept-language' => 'zh-CN,zh;q=0.9,en;q=0.8,la;q=0.7,und;q=0.6',
  'cookie' => 'PHPSESSID=cui1hr1l8adsm5g769u5b9i3l5',
)
[ info ] [ PARAM ] array (
)
[ info ] [ LANG ] D:\wamp64\www\Work\supervision_backend\public/../application/admin\lang\zh-cn.php
[ info ] [ BEHAVIOR ] Run app\common\behavior\Common @module_init [ RunTime:0.007818s ]
[ info ] [ SESSION ] INIT array (
  'id' => '',
  'var_session_id' => '',
  'prefix' => 'think',
  'type' => '',
  'auto_start' => true,
)
[ info ] [ LANG ] D:\wamp64\www\Work\supervision_backend\public/../application/admin/lang/zh-cn/index.php
[ info ] [ RUN ] app\admin\controller\Index->index[ D:\wamp64\www\Work\supervision_backend\application\admin\controller\Index.php ]
[ info ] [ DB ] INIT mysql
[ info ] [ VIEW ] D:\wamp64\www\Work\supervision_backend\public/../application/admin\view\index\index.html [ array (
  0 => 'breadcrumb',
  1 => 'site',
  2 => 'config',
  3 => 'auth',
  4 => 'admin',
  5 => 'menulist',
  6 => 'navlist',
  7 => 'fixedmenu',
  8 => 'referermenu',
  9 => 'title',
) ]
[ info ] [ BEHAVIOR ] Run app\admin\behavior\AdminLog @app_end [ RunTime:0.002218s ]
[ info ] [ LOG ] INIT File
[ sql ] [ DB ] CONNECT:[ UseTime:0.001254s ] mysql:host=127.0.0.1;dbname=supervision;charset=utf8
[ sql ] [ SQL ] SHOW COLUMNS FROM `s_auth_group_access` [ RunTime:0.011957s ]
[ sql ] [ SQL ] SELECT `aga`.`uid`,`aga`.`group_id`,`ag`.`id`,`ag`.`pid`,`ag`.`name`,`ag`.`rules` FROM `s_auth_group_access` `aga` LEFT JOIN `s_auth_group` `ag` ON `aga`.`group_id`=`ag`.`id` WHERE  (  aga.uid='1' and ag.status='normal' ) [ RunTime:0.015430s ]
[ sql ] [ SQL ] SHOW COLUMNS FROM `s_auth_rule` [ RunTime:0.010100s ]
[ sql ] [ SQL ] SELECT `id`,`pid`,`condition`,`icon`,`name`,`title`,`ismenu` FROM `s_auth_rule` WHERE  `status` = 'normal' [ RunTime:0.000882s ]
---------------------------------------------------------------
[ 2018-12-02T14:06:14+08:00 ] 127.0.0.1 GET 127.0.0.1/admin/ajax/lang?callback=define&controllername=index&v=1543730773
[运行时间：0.130963s] [吞吐率：7.64req/s] [内存消耗：3,919.84kb] [文件加载：69]
[ info ] [ BEHAVIOR ] Run Closure @app_init [ RunTime:0.000162s ]
[ info ] [ CACHE ] INIT File
[ info ] [ BEHAVIOR ] Run Closure @app_init [ RunTime:0.006089s ]
[ info ] [ LANG ] D:\wamp64\www\Work\supervision_backend\thinkphp\lang\zh-cn.php
[ info ] [ ROUTE ] array (
  'type' => 'module',
  'module' => 
  array (
    0 => 'admin',
    1 => 'ajax',
    2 => 'lang',
  ),
)
[ info ] [ HEADER ] array (
  'host' => '127.0.0.1',
  'connection' => 'keep-alive',
  'user-agent' => 'Mozilla/5.0 (Windows NT 10.0; WOW64) AppleWebKit/537.36 (KHTML, like Gecko) Chrome/69.0.3497.100 Safari/537.36',
  'accept' => '*/*',
  'referer' => 'http://127.0.0.1/admin/index/index',
  'accept-encoding' => 'gzip, deflate, br',
  'accept-language' => 'zh-CN,zh;q=0.9,en;q=0.8,la;q=0.7,und;q=0.6',
  'cookie' => 'PHPSESSID=cui1hr1l8adsm5g769u5b9i3l5',
)
[ info ] [ PARAM ] array (
  'callback' => 'define',
  'controllername' => 'index',
  'v' => '1543730773',
)
[ info ] [ LANG ] D:\wamp64\www\Work\supervision_backend\public/../application/admin\lang\zh-cn.php
[ info ] [ BEHAVIOR ] Run app\common\behavior\Common @module_init [ RunTime:0.007497s ]
[ info ] [ SESSION ] INIT array (
  'id' => '',
  'var_session_id' => '',
  'prefix' => 'think',
  'type' => '',
  'auto_start' => true,
)
[ info ] [ LANG ] D:\wamp64\www\Work\supervision_backend\public/../application/admin/lang/zh-cn/ajax.php
[ info ] [ RUN ] app\admin\controller\Ajax->lang[ D:\wamp64\www\Work\supervision_backend\application\admin\controller\Ajax.php ]
[ info ] [ LANG ] D:\wamp64\www\Work\supervision_backend\public/../application/admin/lang/zh-cn/index.php
[ info ] [ BEHAVIOR ] Run app\admin\behavior\AdminLog @app_end [ RunTime:0.001706s ]
[ info ] [ LOG ] INIT File
---------------------------------------------------------------
[ 2018-12-02T14:06:15+08:00 ] 127.0.0.1 GET 127.0.0.1/admin/quality/master/index?addtabs=1
[运行时间：0.253816s] [吞吐率：3.94req/s] [内存消耗：4,854.76kb] [文件加载：74]
[ info ] [ BEHAVIOR ] Run Closure @app_init [ RunTime:0.000131s ]
[ info ] [ CACHE ] INIT File
[ info ] [ BEHAVIOR ] Run Closure @app_init [ RunTime:0.005477s ]
[ info ] [ LANG ] D:\wamp64\www\Work\supervision_backend\thinkphp\lang\zh-cn.php
[ info ] [ ROUTE ] array (
  'type' => 'module',
  'module' => 
  array (
    0 => 'admin',
    1 => 'quality.master',
    2 => 'index',
  ),
)
[ info ] [ HEADER ] array (
  'host' => '127.0.0.1',
  'connection' => 'keep-alive',
  'upgrade-insecure-requests' => '1',
  'user-agent' => 'Mozilla/5.0 (Windows NT 10.0; WOW64) AppleWebKit/537.36 (KHTML, like Gecko) Chrome/69.0.3497.100 Safari/537.36',
  'accept' => 'text/html,application/xhtml+xml,application/xml;q=0.9,image/webp,image/apng,*/*;q=0.8',
  'referer' => 'http://127.0.0.1/admin/quality/master/index?ref=addtabs',
  'accept-encoding' => 'gzip, deflate, br',
  'accept-language' => 'zh-CN,zh;q=0.9,en;q=0.8,la;q=0.7,und;q=0.6',
  'cookie' => 'PHPSESSID=cui1hr1l8adsm5g769u5b9i3l5',
)
[ info ] [ PARAM ] array (
  'addtabs' => '1',
)
[ info ] [ LANG ] D:\wamp64\www\Work\supervision_backend\public/../application/admin\lang\zh-cn.php
[ info ] [ BEHAVIOR ] Run app\common\behavior\Common @module_init [ RunTime:0.005265s ]
[ info ] [ SESSION ] INIT array (
  'id' => '',
  'var_session_id' => '',
  'prefix' => 'think',
  'type' => '',
  'auto_start' => true,
)
[ info ] [ DB ] INIT mysql
[ info ] [ RUN ] app\admin\controller\quality\Master->index[ D:\wamp64\www\Work\supervision_backend\application\admin\controller\quality\Master.php ]
[ info ] [ VIEW ] D:\wamp64\www\Work\supervision_backend\public/../application/admin\view\quality\master\index.html [ array (
  0 => 'breadcrumb',
  1 => 'site',
  2 => 'config',
  3 => 'auth',
  4 => 'admin',
) ]
[ info ] [ BEHAVIOR ] Run app\admin\behavior\AdminLog @app_end [ RunTime:0.002872s ]
[ info ] [ LOG ] INIT File
---------------------------------------------------------------
[ 2018-12-02T14:06:15+08:00 ] 127.0.0.1 GET 127.0.0.1/admin/ajax/lang?callback=define&controllername=quality.master&v=1543730775
[运行时间：0.092409s] [吞吐率：10.82req/s] [内存消耗：3,914.55kb] [文件加载：68]
[ info ] [ BEHAVIOR ] Run Closure @app_init [ RunTime:0.000094s ]
[ info ] [ CACHE ] INIT File
[ info ] [ BEHAVIOR ] Run Closure @app_init [ RunTime:0.004372s ]
[ info ] [ LANG ] D:\wamp64\www\Work\supervision_backend\thinkphp\lang\zh-cn.php
[ info ] [ ROUTE ] array (
  'type' => 'module',
  'module' => 
  array (
    0 => 'admin',
    1 => 'ajax',
    2 => 'lang',
  ),
)
[ info ] [ HEADER ] array (
  'host' => '127.0.0.1',
  'connection' => 'keep-alive',
  'user-agent' => 'Mozilla/5.0 (Windows NT 10.0; WOW64) AppleWebKit/537.36 (KHTML, like Gecko) Chrome/69.0.3497.100 Safari/537.36',
  'accept' => '*/*',
  'referer' => 'http://127.0.0.1/admin/quality/master/index?addtabs=1',
  'accept-encoding' => 'gzip, deflate, br',
  'accept-language' => 'zh-CN,zh;q=0.9,en;q=0.8,la;q=0.7,und;q=0.6',
  'cookie' => 'PHPSESSID=cui1hr1l8adsm5g769u5b9i3l5',
)
[ info ] [ PARAM ] array (
  'callback' => 'define',
  'controllername' => 'quality.master',
  'v' => '1543730775',
)
[ info ] [ LANG ] D:\wamp64\www\Work\supervision_backend\public/../application/admin\lang\zh-cn.php
[ info ] [ BEHAVIOR ] Run app\common\behavior\Common @module_init [ RunTime:0.006285s ]
[ info ] [ SESSION ] INIT array (
  'id' => '',
  'var_session_id' => '',
  'prefix' => 'think',
  'type' => '',
  'auto_start' => true,
)
[ info ] [ LANG ] D:\wamp64\www\Work\supervision_backend\public/../application/admin/lang/zh-cn/ajax.php
[ info ] [ RUN ] app\admin\controller\Ajax->lang[ D:\wamp64\www\Work\supervision_backend\application\admin\controller\Ajax.php ]
[ info ] [ BEHAVIOR ] Run app\admin\behavior\AdminLog @app_end [ RunTime:0.001442s ]
[ info ] [ LOG ] INIT File
---------------------------------------------------------------
[ 2018-12-02T14:06:16+08:00 ] 127.0.0.1 GET 127.0.0.1/admin/quality/master/index?sort=id&order=desc&filter=%7B%7D&op=%7B%7D&_=1543730775350
[运行时间：0.171211s] [吞吐率：5.84req/s] [内存消耗：4,946.20kb] [文件加载：75]
[ info ] [ BEHAVIOR ] Run Closure @app_init [ RunTime:0.000110s ]
[ info ] [ CACHE ] INIT File
[ info ] [ BEHAVIOR ] Run Closure @app_init [ RunTime:0.005982s ]
[ info ] [ LANG ] D:\wamp64\www\Work\supervision_backend\thinkphp\lang\zh-cn.php
[ info ] [ ROUTE ] array (
  'type' => 'module',
  'module' => 
  array (
    0 => 'admin',
    1 => 'quality.master',
    2 => 'index',
  ),
)
[ info ] [ HEADER ] array (
  'host' => '127.0.0.1',
  'connection' => 'keep-alive',
  'accept' => 'application/json, text/javascript, */*; q=0.01',
  'x-requested-with' => 'XMLHttpRequest',
  'user-agent' => 'Mozilla/5.0 (Windows NT 10.0; WOW64) AppleWebKit/537.36 (KHTML, like Gecko) Chrome/69.0.3497.100 Safari/537.36',
  'content-type' => 'application/json',
  'referer' => 'http://127.0.0.1/admin/quality/master/index?addtabs=1',
  'accept-encoding' => 'gzip, deflate, br',
  'accept-language' => 'zh-CN,zh;q=0.9,en;q=0.8,la;q=0.7,und;q=0.6',
  'cookie' => 'PHPSESSID=cui1hr1l8adsm5g769u5b9i3l5',
)
[ info ] [ PARAM ] array (
  'sort' => 'id',
  'order' => 'desc',
  'filter' => '{}',
  'op' => '{}',
  '_' => '1543730775350',
)
[ info ] [ LANG ] D:\wamp64\www\Work\supervision_backend\public/../application/admin\lang\zh-cn.php
[ info ] [ BEHAVIOR ] Run app\common\behavior\Common @module_init [ RunTime:0.006082s ]
[ info ] [ SESSION ] INIT array (
  'id' => '',
  'var_session_id' => '',
  'prefix' => 'think',
  'type' => '',
  'auto_start' => true,
)
[ info ] [ DB ] INIT mysql
[ info ] [ RUN ] app\admin\controller\quality\Master->index[ D:\wamp64\www\Work\supervision_backend\application\admin\controller\quality\Master.php ]
[ info ] [ BEHAVIOR ] Run app\admin\behavior\AdminLog @app_end [ RunTime:0.001450s ]
[ info ] [ LOG ] INIT File
[ sql ] [ DB ] CONNECT:[ UseTime:0.001053s ] mysql:host=127.0.0.1;dbname=supervision;charset=utf8
[ sql ] [ SQL ] SHOW COLUMNS FROM `s_project` [ RunTime:0.009466s ]
[ sql ] [ SQL ] SELECT COUNT(*) AS tp_count FROM `s_project` `project` INNER JOIN `s_quality_info` `i` ON `project`.`quality_info`=`i`.`id` LEFT JOIN `s_admin` `a` ON `project`.`quality_id`=`a`.`id` LEFT JOIN `s_admin` `z` ON `project`.`quality_assistant`=`z`.`id` ORDER BY `project`.`id` DESC LIMIT 1 [ RunTime:0.015153s ]
[ sql ] [ SQL ] SELECT `project`.`id`,`project`.`build_dept`,`project`.`project_name`,`project`.`quality_code`,`project`.`address`,`quality_progress`,i.project_kind `i.project_kind`,i.status `i.status`,i.situation `i.situation`,a.nickname `a.nickname`,z.nickname `z.nickname` FROM `s_project` `project` INNER JOIN `s_quality_info` `i` ON `project`.`quality_info`=`i`.`id` LEFT JOIN `s_admin` `a` ON `project`.`quality_id`=`a`.`id` LEFT JOIN `s_admin` `z` ON `project`.`quality_assistant`=`z`.`id` ORDER BY `project`.`id` DESC [ RunTime:0.000535s ]
---------------------------------------------------------------
[ 2018-12-02T14:10:32+08:00 ] 127.0.0.1 GET 127.0.0.1/admin/auth/admin?addtabs=1
[运行时间：1.326250s] [吞吐率：0.75req/s] [内存消耗：5,444.50kb] [文件加载：82]
[ info ] [ BEHAVIOR ] Run Closure @app_init [ RunTime:0.000177s ]
[ info ] [ CACHE ] INIT File
[ info ] [ BEHAVIOR ] Run Closure @app_init [ RunTime:0.042671s ]
[ info ] [ LANG ] D:\wamp64\www\Work\supervision_backend\thinkphp\lang\zh-cn.php
[ info ] [ ROUTE ] array (
  'type' => 'module',
  'module' => 
  array (
    0 => 'admin',
    1 => 'auth.admin',
    2 => NULL,
  ),
)
[ info ] [ HEADER ] array (
  'host' => '127.0.0.1',
  'connection' => 'keep-alive',
  'upgrade-insecure-requests' => '1',
  'user-agent' => 'Mozilla/5.0 (Windows NT 10.0; WOW64) AppleWebKit/537.36 (KHTML, like Gecko) Chrome/69.0.3497.100 Safari/537.36',
  'accept' => 'text/html,application/xhtml+xml,application/xml;q=0.9,image/webp,image/apng,*/*;q=0.8',
  'referer' => 'http://127.0.0.1/admin/auth/admin?ref=addtabs',
  'accept-encoding' => 'gzip, deflate, br',
  'accept-language' => 'zh-CN,zh;q=0.9,en;q=0.8,la;q=0.7,und;q=0.6',
  'cookie' => 'PHPSESSID=cui1hr1l8adsm5g769u5b9i3l5',
)
[ info ] [ PARAM ] array (
  'addtabs' => '1',
)
[ info ] [ LANG ] D:\wamp64\www\Work\supervision_backend\public/../application/admin\lang\zh-cn.php
[ info ] [ BEHAVIOR ] Run app\common\behavior\Common @module_init [ RunTime:0.033905s ]
[ info ] [ SESSION ] INIT array (
  'id' => '',
  'var_session_id' => '',
  'prefix' => 'think',
  'type' => '',
  'auto_start' => true,
)
[ info ] [ DB ] INIT mysql
[ info ] [ LANG ] D:\wamp64\www\Work\supervision_backend\public/../application/admin/lang/zh-cn/auth/admin.php
[ info ] [ RUN ] app\admin\controller\auth\Admin->index[ D:\wamp64\www\Work\supervision_backend\application\admin\controller\auth\Admin.php ]
[ info ] [ VIEW ] D:\wamp64\www\Work\supervision_backend\public/../application/admin\view\auth\admin\index.html [ array (
  0 => 'breadcrumb',
  1 => 'site',
  2 => 'config',
  3 => 'auth',
  4 => 'admin',
  5 => 'groupdata',
) ]
[ info ] [ BEHAVIOR ] Run app\admin\behavior\AdminLog @app_end [ RunTime:0.003657s ]
[ info ] [ LOG ] INIT File
[ sql ] [ DB ] CONNECT:[ UseTime:0.001035s ] mysql:host=127.0.0.1;dbname=supervision;charset=utf8
[ sql ] [ SQL ] SHOW COLUMNS FROM `s_auth_group_access` [ RunTime:0.003479s ]
[ sql ] [ SQL ] SELECT `aga`.`uid`,`aga`.`group_id`,`ag`.`id`,`ag`.`pid`,`ag`.`name`,`ag`.`rules` FROM `s_auth_group_access` `aga` LEFT JOIN `s_auth_group` `ag` ON `aga`.`group_id`=`ag`.`id` WHERE  (  aga.uid='1' and ag.status='normal' ) [ RunTime:0.003128s ]
[ sql ] [ SQL ] SHOW COLUMNS FROM `s_auth_rule` [ RunTime:0.003491s ]
[ sql ] [ SQL ] SELECT `id`,`pid`,`condition`,`icon`,`name`,`title`,`ismenu` FROM `s_auth_rule` WHERE  `status` = 'normal' [ RunTime:0.000663s ]
[ sql ] [ SQL ] SHOW COLUMNS FROM `s_admin` [ RunTime:0.001301s ]
[ sql ] [ SQL ] SELECT `id` FROM `s_admin` [ RunTime:0.000455s ]
[ sql ] [ SQL ] SHOW COLUMNS FROM `s_auth_group` [ RunTime:0.001291s ]
[ sql ] [ SQL ] SELECT * FROM `s_auth_group` WHERE  `status` = 'normal' [ RunTime:0.000970s ]
[ sql ] [ SQL ] SELECT * FROM `s_auth_group` WHERE  `id` IN (1,6,7,8,9,10,11,12,13,14,15,16,17) [ RunTime:0.001497s ]
[ sql ] [ SQL ] SELECT `title`,`remark` FROM `s_auth_rule` WHERE  `name` = 'auth/admin' LIMIT 1 [ RunTime:0.000672s ]
---------------------------------------------------------------
[ 2018-12-02T14:10:36+08:00 ] 127.0.0.1 GET 127.0.0.1/admin/ajax/lang?callback=define&controllername=auth.admin&v=1543731031
[运行时间：0.211648s] [吞吐率：4.72req/s] [内存消耗：3,915.11kb] [文件加载：69]
[ info ] [ BEHAVIOR ] Run Closure @app_init [ RunTime:0.000090s ]
[ info ] [ CACHE ] INIT File
[ info ] [ BEHAVIOR ] Run Closure @app_init [ RunTime:0.012501s ]
[ info ] [ LANG ] D:\wamp64\www\Work\supervision_backend\thinkphp\lang\zh-cn.php
[ info ] [ ROUTE ] array (
  'type' => 'module',
  'module' => 
  array (
    0 => 'admin',
    1 => 'ajax',
    2 => 'lang',
  ),
)
[ info ] [ HEADER ] array (
  'host' => '127.0.0.1',
  'connection' => 'keep-alive',
  'user-agent' => 'Mozilla/5.0 (Windows NT 10.0; WOW64) AppleWebKit/537.36 (KHTML, like Gecko) Chrome/69.0.3497.100 Safari/537.36',
  'accept' => '*/*',
  'referer' => 'http://127.0.0.1/admin/auth/admin?addtabs=1',
  'accept-encoding' => 'gzip, deflate, br',
  'accept-language' => 'zh-CN,zh;q=0.9,en;q=0.8,la;q=0.7,und;q=0.6',
  'cookie' => 'PHPSESSID=cui1hr1l8adsm5g769u5b9i3l5',
)
[ info ] [ PARAM ] array (
  'callback' => 'define',
  'controllername' => 'auth.admin',
  'v' => '1543731031',
)
[ info ] [ LANG ] D:\wamp64\www\Work\supervision_backend\public/../application/admin\lang\zh-cn.php
[ info ] [ BEHAVIOR ] Run app\common\behavior\Common @module_init [ RunTime:0.006443s ]
[ info ] [ SESSION ] INIT array (
  'id' => '',
  'var_session_id' => '',
  'prefix' => 'think',
  'type' => '',
  'auto_start' => true,
)
[ info ] [ LANG ] D:\wamp64\www\Work\supervision_backend\public/../application/admin/lang/zh-cn/ajax.php
[ info ] [ RUN ] app\admin\controller\Ajax->lang[ D:\wamp64\www\Work\supervision_backend\application\admin\controller\Ajax.php ]
[ info ] [ LANG ] D:\wamp64\www\Work\supervision_backend\public/../application/admin/lang/zh-cn/auth/admin.php
[ info ] [ BEHAVIOR ] Run app\admin\behavior\AdminLog @app_end [ RunTime:0.002786s ]
[ info ] [ LOG ] INIT File
---------------------------------------------------------------
[ 2018-12-02T14:10:41+08:00 ] 127.0.0.1 GET 127.0.0.1/admin/auth/admin/index?sort=id&order=desc&offset=0&limit=10&filter=%7B%7D&op=%7B%7D&_=1543731034034
[运行时间：0.389468s] [吞吐率：2.57req/s] [内存消耗：5,316.27kb] [文件加载：81]
[ info ] [ BEHAVIOR ] Run Closure @app_init [ RunTime:0.000086s ]
[ info ] [ CACHE ] INIT File
[ info ] [ BEHAVIOR ] Run Closure @app_init [ RunTime:0.018782s ]
[ info ] [ LANG ] D:\wamp64\www\Work\supervision_backend\thinkphp\lang\zh-cn.php
[ info ] [ ROUTE ] array (
  'type' => 'module',
  'module' => 
  array (
    0 => 'admin',
    1 => 'auth.admin',
    2 => 'index',
  ),
)
[ info ] [ HEADER ] array (
  'host' => '127.0.0.1',
  'connection' => 'keep-alive',
  'accept' => 'application/json, text/javascript, */*; q=0.01',
  'x-requested-with' => 'XMLHttpRequest',
  'user-agent' => 'Mozilla/5.0 (Windows NT 10.0; WOW64) AppleWebKit/537.36 (KHTML, like Gecko) Chrome/69.0.3497.100 Safari/537.36',
  'content-type' => 'application/json',
  'referer' => 'http://127.0.0.1/admin/auth/admin?addtabs=1',
  'accept-encoding' => 'gzip, deflate, br',
  'accept-language' => 'zh-CN,zh;q=0.9,en;q=0.8,la;q=0.7,und;q=0.6',
  'cookie' => 'PHPSESSID=cui1hr1l8adsm5g769u5b9i3l5',
)
[ info ] [ PARAM ] array (
  'sort' => 'id',
  'order' => 'desc',
  'offset' => '0',
  'limit' => '10',
  'filter' => '{}',
  'op' => '{}',
  '_' => '1543731034034',
)
[ info ] [ LANG ] D:\wamp64\www\Work\supervision_backend\public/../application/admin\lang\zh-cn.php
[ info ] [ BEHAVIOR ] Run app\common\behavior\Common @module_init [ RunTime:0.010005s ]
[ info ] [ SESSION ] INIT array (
  'id' => '',
  'var_session_id' => '',
  'prefix' => 'think',
  'type' => '',
  'auto_start' => true,
)
[ info ] [ DB ] INIT mysql
[ info ] [ LANG ] D:\wamp64\www\Work\supervision_backend\public/../application/admin/lang/zh-cn/auth/admin.php
[ info ] [ RUN ] app\admin\controller\auth\Admin->index[ D:\wamp64\www\Work\supervision_backend\application\admin\controller\auth\Admin.php ]
[ info ] [ BEHAVIOR ] Run app\admin\behavior\AdminLog @app_end [ RunTime:0.002620s ]
[ info ] [ LOG ] INIT File
[ sql ] [ DB ] CONNECT:[ UseTime:0.002376s ] mysql:host=127.0.0.1;dbname=supervision;charset=utf8
[ sql ] [ SQL ] SHOW COLUMNS FROM `s_auth_group_access` [ RunTime:0.005523s ]
[ sql ] [ SQL ] SELECT `aga`.`uid`,`aga`.`group_id`,`ag`.`id`,`ag`.`pid`,`ag`.`name`,`ag`.`rules` FROM `s_auth_group_access` `aga` LEFT JOIN `s_auth_group` `ag` ON `aga`.`group_id`=`ag`.`id` WHERE  (  aga.uid='1' and ag.status='normal' ) [ RunTime:0.004838s ]
[ sql ] [ SQL ] SHOW COLUMNS FROM `s_auth_rule` [ RunTime:0.005318s ]
[ sql ] [ SQL ] SELECT `id`,`pid`,`condition`,`icon`,`name`,`title`,`ismenu` FROM `s_auth_rule` WHERE  `status` = 'normal' [ RunTime:0.001157s ]
[ sql ] [ SQL ] SHOW COLUMNS FROM `s_admin` [ RunTime:0.005559s ]
[ sql ] [ SQL ] SELECT `id` FROM `s_admin` [ RunTime:0.000806s ]
[ sql ] [ SQL ] SHOW COLUMNS FROM `s_auth_group` [ RunTime:0.001784s ]
[ sql ] [ SQL ] SELECT * FROM `s_auth_group` WHERE  `status` = 'normal' [ RunTime:0.000738s ]
[ sql ] [ SQL ] SELECT * FROM `s_auth_group` WHERE  `id` IN (1,6,7,8,9,10,11,12,13,14,15,16,17) [ RunTime:0.000827s ]
[ sql ] [ SQL ] SELECT `id`,`name` FROM `s_auth_group` WHERE  `id` IN (1,6,7,8,9,10,11,12,13,14,15,16,17) [ RunTime:0.000790s ]
[ sql ] [ SQL ] SELECT `uid`,`group_id` FROM `s_auth_group_access` WHERE  `group_id` IN (1,6,7,8,9,10,11,12,13,14,15,16,17) [ RunTime:0.000805s ]
[ sql ] [ SQL ] SELECT COUNT(*) AS tp_count FROM `s_admin` WHERE  `id` IN (11,12,13,14,15,16,27,18,19,20,21,22,23,25,24,26,1) ORDER BY `id` DESC LIMIT 1 [ RunTime:0.001341s ]
[ sql ] [ SQL ] SELECT `id`,`username`,`nickname`,`avatar`,`email`,`loginfailure`,`logintime`,`createtime`,`updatetime`,`status`,`mobile`,`is_law`,`worker_code`,`supervisor_card`,`admin_code` FROM `s_admin` WHERE  `id` IN (11,12,13,14,15,16,27,18,19,20,21,22,23,25,24,26,1) ORDER BY `id` DESC LIMIT 0,10 [ RunTime:0.001210s ]
---------------------------------------------------------------
[ 2018-12-02T14:11:00+08:00 ] 127.0.0.1 GET 127.0.0.1/admin/dept/administration?addtabs=1
[运行时间：0.296997s] [吞吐率：3.37req/s] [内存消耗：5,018.52kb] [文件加载：76]
[ info ] [ BEHAVIOR ] Run Closure @app_init [ RunTime:0.000068s ]
[ info ] [ CACHE ] INIT File
[ info ] [ BEHAVIOR ] Run Closure @app_init [ RunTime:0.014773s ]
[ info ] [ LANG ] D:\wamp64\www\Work\supervision_backend\thinkphp\lang\zh-cn.php
[ info ] [ ROUTE ] array (
  'type' => 'module',
  'module' => 
  array (
    0 => 'admin',
    1 => 'dept.administration',
    2 => NULL,
  ),
)
[ info ] [ HEADER ] array (
  'host' => '127.0.0.1',
  'connection' => 'keep-alive',
  'upgrade-insecure-requests' => '1',
  'user-agent' => 'Mozilla/5.0 (Windows NT 10.0; WOW64) AppleWebKit/537.36 (KHTML, like Gecko) Chrome/69.0.3497.100 Safari/537.36',
  'accept' => 'text/html,application/xhtml+xml,application/xml;q=0.9,image/webp,image/apng,*/*;q=0.8',
  'referer' => 'http://127.0.0.1/admin/dept/administration?ref=addtabs',
  'accept-encoding' => 'gzip, deflate, br',
  'accept-language' => 'zh-CN,zh;q=0.9,en;q=0.8,la;q=0.7,und;q=0.6',
  'cookie' => 'PHPSESSID=cui1hr1l8adsm5g769u5b9i3l5',
)
[ info ] [ PARAM ] array (
  'addtabs' => '1',
)
[ info ] [ LANG ] D:\wamp64\www\Work\supervision_backend\public/../application/admin\lang\zh-cn.php
[ info ] [ BEHAVIOR ] Run app\common\behavior\Common @module_init [ RunTime:0.007021s ]
[ info ] [ SESSION ] INIT array (
  'id' => '',
  'var_session_id' => '',
  'prefix' => 'think',
  'type' => '',
  'auto_start' => true,
)
[ info ] [ DB ] INIT mysql
[ info ] [ RUN ] app\admin\controller\dept\Administration->index[ D:\wamp64\www\Work\supervision_backend\application\admin\controller\dept\Administration.php ]
[ info ] [ VIEW ] D:\wamp64\www\Work\supervision_backend\public/../application/admin\view\dept\administration\index.html [ array (
  0 => 'breadcrumb',
  1 => 'site',
  2 => 'config',
  3 => 'auth',
  4 => 'admin',
) ]
[ info ] [ BEHAVIOR ] Run app\admin\behavior\AdminLog @app_end [ RunTime:0.002734s ]
[ info ] [ LOG ] INIT File
---------------------------------------------------------------
[ 2018-12-02T14:11:01+08:00 ] 127.0.0.1 GET 127.0.0.1/admin/ajax/lang?callback=define&controllername=dept.administration&v=1543731060
[运行时间：0.202996s] [吞吐率：4.93req/s] [内存消耗：3,914.55kb] [文件加载：68]
[ info ] [ BEHAVIOR ] Run Closure @app_init [ RunTime:0.000077s ]
[ info ] [ CACHE ] INIT File
[ info ] [ BEHAVIOR ] Run Closure @app_init [ RunTime:0.012897s ]
[ info ] [ LANG ] D:\wamp64\www\Work\supervision_backend\thinkphp\lang\zh-cn.php
[ info ] [ ROUTE ] array (
  'type' => 'module',
  'module' => 
  array (
    0 => 'admin',
    1 => 'ajax',
    2 => 'lang',
  ),
)
[ info ] [ HEADER ] array (
  'host' => '127.0.0.1',
  'connection' => 'keep-alive',
  'user-agent' => 'Mozilla/5.0 (Windows NT 10.0; WOW64) AppleWebKit/537.36 (KHTML, like Gecko) Chrome/69.0.3497.100 Safari/537.36',
  'accept' => '*/*',
  'referer' => 'http://127.0.0.1/admin/dept/administration?addtabs=1',
  'accept-encoding' => 'gzip, deflate, br',
  'accept-language' => 'zh-CN,zh;q=0.9,en;q=0.8,la;q=0.7,und;q=0.6',
  'cookie' => 'PHPSESSID=cui1hr1l8adsm5g769u5b9i3l5',
)
[ info ] [ PARAM ] array (
  'callback' => 'define',
  'controllername' => 'dept.administration',
  'v' => '1543731060',
)
[ info ] [ LANG ] D:\wamp64\www\Work\supervision_backend\public/../application/admin\lang\zh-cn.php
[ info ] [ BEHAVIOR ] Run app\common\behavior\Common @module_init [ RunTime:0.007670s ]
[ info ] [ SESSION ] INIT array (
  'id' => '',
  'var_session_id' => '',
  'prefix' => 'think',
  'type' => '',
  'auto_start' => true,
)
[ info ] [ LANG ] D:\wamp64\www\Work\supervision_backend\public/../application/admin/lang/zh-cn/ajax.php
[ info ] [ RUN ] app\admin\controller\Ajax->lang[ D:\wamp64\www\Work\supervision_backend\application\admin\controller\Ajax.php ]
[ info ] [ BEHAVIOR ] Run app\admin\behavior\AdminLog @app_end [ RunTime:0.002807s ]
[ info ] [ LOG ] INIT File
---------------------------------------------------------------
[ 2018-12-02T14:11:01+08:00 ] 127.0.0.1 GET 127.0.0.1/admin/dept/administration/index?sort=id&order=desc&filter=%7B%7D&op=%7B%7D&_=1543731060739
[运行时间：0.126334s] [吞吐率：7.92req/s] [内存消耗：4,919.83kb] [文件加载：75]
[ info ] [ BEHAVIOR ] Run Closure @app_init [ RunTime:0.000068s ]
[ info ] [ CACHE ] INIT File
[ info ] [ BEHAVIOR ] Run Closure @app_init [ RunTime:0.005128s ]
[ info ] [ LANG ] D:\wamp64\www\Work\supervision_backend\thinkphp\lang\zh-cn.php
[ info ] [ ROUTE ] array (
  'type' => 'module',
  'module' => 
  array (
    0 => 'admin',
    1 => 'dept.administration',
    2 => 'index',
  ),
)
[ info ] [ HEADER ] array (
  'host' => '127.0.0.1',
  'connection' => 'keep-alive',
  'accept' => 'application/json, text/javascript, */*; q=0.01',
  'x-requested-with' => 'XMLHttpRequest',
  'user-agent' => 'Mozilla/5.0 (Windows NT 10.0; WOW64) AppleWebKit/537.36 (KHTML, like Gecko) Chrome/69.0.3497.100 Safari/537.36',
  'content-type' => 'application/json',
  'referer' => 'http://127.0.0.1/admin/dept/administration?addtabs=1',
  'accept-encoding' => 'gzip, deflate, br',
  'accept-language' => 'zh-CN,zh;q=0.9,en;q=0.8,la;q=0.7,und;q=0.6',
  'cookie' => 'PHPSESSID=cui1hr1l8adsm5g769u5b9i3l5',
)
[ info ] [ PARAM ] array (
  'sort' => 'id',
  'order' => 'desc',
  'filter' => '{}',
  'op' => '{}',
  '_' => '1543731060739',
)
[ info ] [ LANG ] D:\wamp64\www\Work\supervision_backend\public/../application/admin\lang\zh-cn.php
[ info ] [ BEHAVIOR ] Run app\common\behavior\Common @module_init [ RunTime:0.004733s ]
[ info ] [ SESSION ] INIT array (
  'id' => '',
  'var_session_id' => '',
  'prefix' => 'think',
  'type' => '',
  'auto_start' => true,
)
[ info ] [ DB ] INIT mysql
[ info ] [ RUN ] app\admin\controller\dept\Administration->index[ D:\wamp64\www\Work\supervision_backend\application\admin\controller\dept\Administration.php ]
[ info ] [ BEHAVIOR ] Run app\admin\behavior\AdminLog @app_end [ RunTime:0.001479s ]
[ info ] [ LOG ] INIT File
[ sql ] [ DB ] CONNECT:[ UseTime:0.000975s ] mysql:host=127.0.0.1;dbname=supervision;charset=utf8
[ sql ] [ SQL ] SHOW COLUMNS FROM `s_admin` [ RunTime:0.004011s ]
[ sql ] [ SQL ] SELECT COUNT(*) AS tp_count FROM `s_admin` `admin` INNER JOIN `s_auth_group_access` `g` ON `g`.`uid`=admin.id and g.group_id=8 ORDER BY `id` DESC LIMIT 1 [ RunTime:0.003523s ]
[ sql ] [ SQL ] SELECT `admin`.`id`,`admin`.`worker_code`,`admin`.`nickname`,`admin`.`mobile`,`admin`.`username` FROM `s_admin` `admin` INNER JOIN `s_auth_group_access` `g` ON `g`.`uid`=admin.id and g.group_id=8 ORDER BY `id` DESC [ RunTime:0.000872s ]
---------------------------------------------------------------
[ 2018-12-02T14:11:19+08:00 ] 127.0.0.1 GET 127.0.0.1/admin/dept/safety?addtabs=1
[运行时间：0.181321s] [吞吐率：5.52req/s] [内存消耗：4,924.89kb] [文件加载：74]
[ info ] [ BEHAVIOR ] Run Closure @app_init [ RunTime:0.000068s ]
[ info ] [ CACHE ] INIT File
[ info ] [ BEHAVIOR ] Run Closure @app_init [ RunTime:0.005109s ]
[ info ] [ LANG ] D:\wamp64\www\Work\supervision_backend\thinkphp\lang\zh-cn.php
[ info ] [ ROUTE ] array (
  'type' => 'module',
  'module' => 
  array (
    0 => 'admin',
    1 => 'dept.safety',
    2 => NULL,
  ),
)
[ info ] [ HEADER ] array (
  'host' => '127.0.0.1',
  'connection' => 'keep-alive',
  'upgrade-insecure-requests' => '1',
  'user-agent' => 'Mozilla/5.0 (Windows NT 10.0; WOW64) AppleWebKit/537.36 (KHTML, like Gecko) Chrome/69.0.3497.100 Safari/537.36',
  'accept' => 'text/html,application/xhtml+xml,application/xml;q=0.9,image/webp,image/apng,*/*;q=0.8',
  'referer' => 'http://127.0.0.1/admin/dept/safety?ref=addtabs',
  'accept-encoding' => 'gzip, deflate, br',
  'accept-language' => 'zh-CN,zh;q=0.9,en;q=0.8,la;q=0.7,und;q=0.6',
  'cookie' => 'PHPSESSID=cui1hr1l8adsm5g769u5b9i3l5',
)
[ info ] [ PARAM ] array (
  'addtabs' => '1',
)
[ info ] [ LANG ] D:\wamp64\www\Work\supervision_backend\public/../application/admin\lang\zh-cn.php
[ info ] [ BEHAVIOR ] Run app\common\behavior\Common @module_init [ RunTime:0.004580s ]
[ info ] [ SESSION ] INIT array (
  'id' => '',
  'var_session_id' => '',
  'prefix' => 'think',
  'type' => '',
  'auto_start' => true,
)
[ info ] [ DB ] INIT mysql
[ info ] [ RUN ] app\admin\controller\dept\Safety->index[ D:\wamp64\www\Work\supervision_backend\application\admin\controller\dept\Safety.php ]
[ info ] [ VIEW ] D:\wamp64\www\Work\supervision_backend\public/../application/admin\view\dept\safety\index.html [ array (
  0 => 'breadcrumb',
  1 => 'site',
  2 => 'config',
  3 => 'auth',
  4 => 'admin',
) ]
[ info ] [ BEHAVIOR ] Run app\admin\behavior\AdminLog @app_end [ RunTime:0.002226s ]
[ info ] [ LOG ] INIT File
[ sql ] [ DB ] CONNECT:[ UseTime:0.000996s ] mysql:host=127.0.0.1;dbname=supervision;charset=utf8
[ sql ] [ SQL ] SHOW COLUMNS FROM `s_auth_group_access` [ RunTime:0.003521s ]
[ sql ] [ SQL ] SELECT * FROM `s_auth_group_access` WHERE  `uid` = 1 LIMIT 1 [ RunTime:0.000489s ]
---------------------------------------------------------------
[ 2018-12-02T14:11:19+08:00 ] 127.0.0.1 GET 127.0.0.1/admin/ajax/lang?callback=define&controllername=dept.safety&v=1543731079
[运行时间：0.198624s] [吞吐率：5.03req/s] [内存消耗：3,914.55kb] [文件加载：68]
[ info ] [ BEHAVIOR ] Run Closure @app_init [ RunTime:0.000078s ]
[ info ] [ CACHE ] INIT File
[ info ] [ BEHAVIOR ] Run Closure @app_init [ RunTime:0.012901s ]
[ info ] [ LANG ] D:\wamp64\www\Work\supervision_backend\thinkphp\lang\zh-cn.php
[ info ] [ ROUTE ] array (
  'type' => 'module',
  'module' => 
  array (
    0 => 'admin',
    1 => 'ajax',
    2 => 'lang',
  ),
)
[ info ] [ HEADER ] array (
  'host' => '127.0.0.1',
  'connection' => 'keep-alive',
  'user-agent' => 'Mozilla/5.0 (Windows NT 10.0; WOW64) AppleWebKit/537.36 (KHTML, like Gecko) Chrome/69.0.3497.100 Safari/537.36',
  'accept' => '*/*',
  'referer' => 'http://127.0.0.1/admin/dept/safety?addtabs=1',
  'accept-encoding' => 'gzip, deflate, br',
  'accept-language' => 'zh-CN,zh;q=0.9,en;q=0.8,la;q=0.7,und;q=0.6',
  'cookie' => 'PHPSESSID=cui1hr1l8adsm5g769u5b9i3l5',
)
[ info ] [ PARAM ] array (
  'callback' => 'define',
  'controllername' => 'dept.safety',
  'v' => '1543731079',
)
[ info ] [ LANG ] D:\wamp64\www\Work\supervision_backend\public/../application/admin\lang\zh-cn.php
[ info ] [ BEHAVIOR ] Run app\common\behavior\Common @module_init [ RunTime:0.006977s ]
[ info ] [ SESSION ] INIT array (
  'id' => '',
  'var_session_id' => '',
  'prefix' => 'think',
  'type' => '',
  'auto_start' => true,
)
[ info ] [ LANG ] D:\wamp64\www\Work\supervision_backend\public/../application/admin/lang/zh-cn/ajax.php
[ info ] [ RUN ] app\admin\controller\Ajax->lang[ D:\wamp64\www\Work\supervision_backend\application\admin\controller\Ajax.php ]
[ info ] [ BEHAVIOR ] Run app\admin\behavior\AdminLog @app_end [ RunTime:0.002674s ]
[ info ] [ LOG ] INIT File
---------------------------------------------------------------
[ 2018-12-02T14:11:20+08:00 ] 127.0.0.1 GET 127.0.0.1/admin/dept/safety/index?sort=id&order=desc&filter=%7B%7D&op=%7B%7D&_=1543731079718
[运行时间：0.132402s] [吞吐率：7.55req/s] [内存消耗：4,949.80kb] [文件加载：75]
[ info ] [ BEHAVIOR ] Run Closure @app_init [ RunTime:0.000071s ]
[ info ] [ CACHE ] INIT File
[ info ] [ BEHAVIOR ] Run Closure @app_init [ RunTime:0.004046s ]
[ info ] [ LANG ] D:\wamp64\www\Work\supervision_backend\thinkphp\lang\zh-cn.php
[ info ] [ ROUTE ] array (
  'type' => 'module',
  'module' => 
  array (
    0 => 'admin',
    1 => 'dept.safety',
    2 => 'index',
  ),
)
[ info ] [ HEADER ] array (
  'host' => '127.0.0.1',
  'connection' => 'keep-alive',
  'accept' => 'application/json, text/javascript, */*; q=0.01',
  'x-requested-with' => 'XMLHttpRequest',
  'user-agent' => 'Mozilla/5.0 (Windows NT 10.0; WOW64) AppleWebKit/537.36 (KHTML, like Gecko) Chrome/69.0.3497.100 Safari/537.36',
  'content-type' => 'application/json',
  'referer' => 'http://127.0.0.1/admin/dept/safety?addtabs=1',
  'accept-encoding' => 'gzip, deflate, br',
  'accept-language' => 'zh-CN,zh;q=0.9,en;q=0.8,la;q=0.7,und;q=0.6',
  'cookie' => 'PHPSESSID=cui1hr1l8adsm5g769u5b9i3l5',
)
[ info ] [ PARAM ] array (
  'sort' => 'id',
  'order' => 'desc',
  'filter' => '{}',
  'op' => '{}',
  '_' => '1543731079718',
)
[ info ] [ LANG ] D:\wamp64\www\Work\supervision_backend\public/../application/admin\lang\zh-cn.php
[ info ] [ BEHAVIOR ] Run app\common\behavior\Common @module_init [ RunTime:0.004492s ]
[ info ] [ SESSION ] INIT array (
  'id' => '',
  'var_session_id' => '',
  'prefix' => 'think',
  'type' => '',
  'auto_start' => true,
)
[ info ] [ DB ] INIT mysql
[ info ] [ RUN ] app\admin\controller\dept\Safety->index[ D:\wamp64\www\Work\supervision_backend\application\admin\controller\dept\Safety.php ]
[ info ] [ BEHAVIOR ] Run app\admin\behavior\AdminLog @app_end [ RunTime:0.001625s ]
[ info ] [ LOG ] INIT File
[ sql ] [ DB ] CONNECT:[ UseTime:0.001028s ] mysql:host=127.0.0.1;dbname=supervision;charset=utf8
[ sql ] [ SQL ] SHOW COLUMNS FROM `s_auth_group_access` [ RunTime:0.003646s ]
[ sql ] [ SQL ] SELECT * FROM `s_auth_group_access` WHERE  `uid` = 1 LIMIT 1 [ RunTime:0.000466s ]
[ sql ] [ SQL ] SHOW COLUMNS FROM `s_admin` [ RunTime:0.000998s ]
[ sql ] [ SQL ] SELECT COUNT(*) AS tp_count FROM `s_admin` `admin` INNER JOIN `s_auth_group_access` `g` ON `g`.`uid`=`admin`.`id` WHERE  (  group_id=14 or group_id=15 or group_id=16 or group_id=17 ) ORDER BY `id` DESC LIMIT 1 [ RunTime:0.000524s ]
[ sql ] [ SQL ] SELECT `id`,`worker_code`,`nickname`,`mobile`,`supervisor_card`,`admin_code`,`is_law`,`username`,`g`.`group_id` FROM `s_admin` `admin` INNER JOIN `s_auth_group_access` `g` ON `g`.`uid`=`admin`.`id` WHERE  (  group_id=14 or group_id=15 or group_id=16 or group_id=17 ) ORDER BY `id` DESC [ RunTime:0.000927s ]
---------------------------------------------------------------
[ 2018-12-02T14:11:24+08:00 ] 127.0.0.1 GET 127.0.0.1/admin/dept/safety/edit/ids/18?dialog=1
[运行时间：0.224695s] [吞吐率：4.45req/s] [内存消耗：5,201.30kb] [文件加载：76]
[ info ] [ BEHAVIOR ] Run Closure @app_init [ RunTime:0.000121s ]
[ info ] [ CACHE ] INIT File
[ info ] [ BEHAVIOR ] Run Closure @app_init [ RunTime:0.006560s ]
[ info ] [ LANG ] D:\wamp64\www\Work\supervision_backend\thinkphp\lang\zh-cn.php
[ info ] [ ROUTE ] array (
  'type' => 'module',
  'module' => 
  array (
    0 => 'admin',
    1 => 'dept.safety',
    2 => 'edit',
  ),
)
[ info ] [ HEADER ] array (
  'host' => '127.0.0.1',
  'connection' => 'keep-alive',
  'upgrade-insecure-requests' => '1',
  'user-agent' => 'Mozilla/5.0 (Windows NT 10.0; WOW64) AppleWebKit/537.36 (KHTML, like Gecko) Chrome/69.0.3497.100 Safari/537.36',
  'accept' => 'text/html,application/xhtml+xml,application/xml;q=0.9,image/webp,image/apng,*/*;q=0.8',
  'referer' => 'http://127.0.0.1/admin/dept/safety?addtabs=1',
  'accept-encoding' => 'gzip, deflate, br',
  'accept-language' => 'zh-CN,zh;q=0.9,en;q=0.8,la;q=0.7,und;q=0.6',
  'cookie' => 'PHPSESSID=cui1hr1l8adsm5g769u5b9i3l5',
)
[ info ] [ PARAM ] array (
  'dialog' => '1',
  'ids' => '18',
)
[ info ] [ LANG ] D:\wamp64\www\Work\supervision_backend\public/../application/admin\lang\zh-cn.php
[ info ] [ BEHAVIOR ] Run app\common\behavior\Common @module_init [ RunTime:0.008657s ]
[ info ] [ SESSION ] INIT array (
  'id' => '',
  'var_session_id' => '',
  'prefix' => 'think',
  'type' => '',
  'auto_start' => true,
)
[ info ] [ DB ] INIT mysql
[ info ] [ RUN ] app\common\controller\Backend->edit[ D:\wamp64\www\Work\supervision_backend\application\admin\library\traits\Backend.php ]
[ info ] [ VIEW ] D:\wamp64\www\Work\supervision_backend\public/../application/admin\view\dept\safety\edit.html [ array (
  0 => 'breadcrumb',
  1 => 'site',
  2 => 'config',
  3 => 'auth',
  4 => 'admin',
  5 => 'row',
) ]
[ info ] [ BEHAVIOR ] Run app\admin\behavior\AdminLog @app_end [ RunTime:0.002118s ]
[ info ] [ LOG ] INIT File
[ sql ] [ DB ] CONNECT:[ UseTime:0.001377s ] mysql:host=127.0.0.1;dbname=supervision;charset=utf8
[ sql ] [ SQL ] SHOW COLUMNS FROM `s_admin` [ RunTime:0.004428s ]
[ sql ] [ SQL ] SELECT * FROM `s_admin` WHERE  `id` = 18 LIMIT 1 [ RunTime:0.000700s ]
---------------------------------------------------------------
[ 2018-12-02T14:11:24+08:00 ] 127.0.0.1 GET 127.0.0.1/admin/ajax/lang?callback=define&controllername=dept.safety&v=1543731083
[运行时间：0.190753s] [吞吐率：5.24req/s] [内存消耗：3,914.55kb] [文件加载：68]
[ info ] [ BEHAVIOR ] Run Closure @app_init [ RunTime:0.000075s ]
[ info ] [ CACHE ] INIT File
[ info ] [ BEHAVIOR ] Run Closure @app_init [ RunTime:0.013468s ]
[ info ] [ LANG ] D:\wamp64\www\Work\supervision_backend\thinkphp\lang\zh-cn.php
[ info ] [ ROUTE ] array (
  'type' => 'module',
  'module' => 
  array (
    0 => 'admin',
    1 => 'ajax',
    2 => 'lang',
  ),
)
[ info ] [ HEADER ] array (
  'host' => '127.0.0.1',
  'connection' => 'keep-alive',
  'user-agent' => 'Mozilla/5.0 (Windows NT 10.0; WOW64) AppleWebKit/537.36 (KHTML, like Gecko) Chrome/69.0.3497.100 Safari/537.36',
  'accept' => '*/*',
  'referer' => 'http://127.0.0.1/admin/dept/safety/edit/ids/18?dialog=1',
  'accept-encoding' => 'gzip, deflate, br',
  'accept-language' => 'zh-CN,zh;q=0.9,en;q=0.8,la;q=0.7,und;q=0.6',
  'cookie' => 'PHPSESSID=cui1hr1l8adsm5g769u5b9i3l5',
)
[ info ] [ PARAM ] array (
  'callback' => 'define',
  'controllername' => 'dept.safety',
  'v' => '1543731083',
)
[ info ] [ LANG ] D:\wamp64\www\Work\supervision_backend\public/../application/admin\lang\zh-cn.php
[ info ] [ BEHAVIOR ] Run app\common\behavior\Common @module_init [ RunTime:0.006325s ]
[ info ] [ SESSION ] INIT array (
  'id' => '',
  'var_session_id' => '',
  'prefix' => 'think',
  'type' => '',
  'auto_start' => true,
)
[ info ] [ LANG ] D:\wamp64\www\Work\supervision_backend\public/../application/admin/lang/zh-cn/ajax.php
[ info ] [ RUN ] app\admin\controller\Ajax->lang[ D:\wamp64\www\Work\supervision_backend\application\admin\controller\Ajax.php ]
[ info ] [ BEHAVIOR ] Run app\admin\behavior\AdminLog @app_end [ RunTime:0.002705s ]
[ info ] [ LOG ] INIT File
---------------------------------------------------------------
[ 2018-12-02T14:11:24+08:00 ] 127.0.0.1 GET 127.0.0.1/admin/dept/safety/edit/ids/18?dialog=1
[运行时间：0.139663s] [吞吐率：7.16req/s] [内存消耗：4,944.88kb] [文件加载：74]
[ info ] [ BEHAVIOR ] Run Closure @app_init [ RunTime:0.000070s ]
[ info ] [ CACHE ] INIT File
[ info ] [ BEHAVIOR ] Run Closure @app_init [ RunTime:0.007775s ]
[ info ] [ LANG ] D:\wamp64\www\Work\supervision_backend\thinkphp\lang\zh-cn.php
[ info ] [ ROUTE ] array (
  'type' => 'module',
  'module' => 
  array (
    0 => 'admin',
    1 => 'dept.safety',
    2 => 'edit',
  ),
)
[ info ] [ HEADER ] array (
  'host' => '127.0.0.1',
  'connection' => 'keep-alive',
  'upgrade-insecure-requests' => '1',
  'user-agent' => 'Mozilla/5.0 (Windows NT 10.0; WOW64) AppleWebKit/537.36 (KHTML, like Gecko) Chrome/69.0.3497.100 Safari/537.36',
  'accept' => 'text/html,application/xhtml+xml,application/xml;q=0.9,image/webp,image/apng,*/*;q=0.8',
  'referer' => 'http://127.0.0.1/admin/dept/safety?addtabs=1',
  'accept-encoding' => 'gzip, deflate, br',
  'accept-language' => 'zh-CN,zh;q=0.9,en;q=0.8,la;q=0.7,und;q=0.6',
  'cookie' => 'PHPSESSID=cui1hr1l8adsm5g769u5b9i3l5',
)
[ info ] [ PARAM ] array (
  'dialog' => '1',
  'ids' => '18',
)
[ info ] [ LANG ] D:\wamp64\www\Work\supervision_backend\public/../application/admin\lang\zh-cn.php
[ info ] [ BEHAVIOR ] Run app\common\behavior\Common @module_init [ RunTime:0.006259s ]
[ info ] [ SESSION ] INIT array (
  'id' => '',
  'var_session_id' => '',
  'prefix' => 'think',
  'type' => '',
  'auto_start' => true,
)
[ info ] [ DB ] INIT mysql
[ info ] [ RUN ] app\common\controller\Backend->edit[ D:\wamp64\www\Work\supervision_backend\application\admin\library\traits\Backend.php ]
[ info ] [ VIEW ] D:\wamp64\www\Work\supervision_backend\public/../application/admin\view\dept\safety\edit.html [ array (
  0 => 'breadcrumb',
  1 => 'site',
  2 => 'config',
  3 => 'auth',
  4 => 'admin',
  5 => 'row',
) ]
[ info ] [ BEHAVIOR ] Run app\admin\behavior\AdminLog @app_end [ RunTime:0.002256s ]
[ info ] [ LOG ] INIT File
[ sql ] [ DB ] CONNECT:[ UseTime:0.000939s ] mysql:host=127.0.0.1;dbname=supervision;charset=utf8
[ sql ] [ SQL ] SHOW COLUMNS FROM `s_admin` [ RunTime:0.000939s ]
[ sql ] [ SQL ] SELECT * FROM `s_admin` WHERE  `id` = 18 LIMIT 1 [ RunTime:0.000683s ]
---------------------------------------------------------------
[ 2018-12-02T14:11:25+08:00 ] 127.0.0.1 GET 127.0.0.1/admin/ajax/lang?callback=define&controllername=dept.safety&v=1543731084
[运行时间：0.097311s] [吞吐率：10.28req/s] [内存消耗：3,914.55kb] [文件加载：68]
[ info ] [ BEHAVIOR ] Run Closure @app_init [ RunTime:0.000105s ]
[ info ] [ CACHE ] INIT File
[ info ] [ BEHAVIOR ] Run Closure @app_init [ RunTime:0.005603s ]
[ info ] [ LANG ] D:\wamp64\www\Work\supervision_backend\thinkphp\lang\zh-cn.php
[ info ] [ ROUTE ] array (
  'type' => 'module',
  'module' => 
  array (
    0 => 'admin',
    1 => 'ajax',
    2 => 'lang',
  ),
)
[ info ] [ HEADER ] array (
  'host' => '127.0.0.1',
  'connection' => 'keep-alive',
  'user-agent' => 'Mozilla/5.0 (Windows NT 10.0; WOW64) AppleWebKit/537.36 (KHTML, like Gecko) Chrome/69.0.3497.100 Safari/537.36',
  'accept' => '*/*',
  'referer' => 'http://127.0.0.1/admin/dept/safety/edit/ids/18?dialog=1',
  'accept-encoding' => 'gzip, deflate, br',
  'accept-language' => 'zh-CN,zh;q=0.9,en;q=0.8,la;q=0.7,und;q=0.6',
  'cookie' => 'PHPSESSID=cui1hr1l8adsm5g769u5b9i3l5',
)
[ info ] [ PARAM ] array (
  'callback' => 'define',
  'controllername' => 'dept.safety',
  'v' => '1543731084',
)
[ info ] [ LANG ] D:\wamp64\www\Work\supervision_backend\public/../application/admin\lang\zh-cn.php
[ info ] [ BEHAVIOR ] Run app\common\behavior\Common @module_init [ RunTime:0.007210s ]
[ info ] [ SESSION ] INIT array (
  'id' => '',
  'var_session_id' => '',
  'prefix' => 'think',
  'type' => '',
  'auto_start' => true,
)
[ info ] [ LANG ] D:\wamp64\www\Work\supervision_backend\public/../application/admin/lang/zh-cn/ajax.php
[ info ] [ RUN ] app\admin\controller\Ajax->lang[ D:\wamp64\www\Work\supervision_backend\application\admin\controller\Ajax.php ]
[ info ] [ BEHAVIOR ] Run app\admin\behavior\AdminLog @app_end [ RunTime:0.001484s ]
[ info ] [ LOG ] INIT File
---------------------------------------------------------------
[ 2018-12-02T14:11:25+08:00 ] 127.0.0.1 GET 127.0.0.1/admin/dept/safety/edit/ids/18?dialog=1
[运行时间：0.282119s] [吞吐率：3.54req/s] [内存消耗：4,944.88kb] [文件加载：74]
[ info ] [ BEHAVIOR ] Run Closure @app_init [ RunTime:0.000499s ]
[ info ] [ CACHE ] INIT File
[ info ] [ BEHAVIOR ] Run Closure @app_init [ RunTime:0.018209s ]
[ info ] [ LANG ] D:\wamp64\www\Work\supervision_backend\thinkphp\lang\zh-cn.php
[ info ] [ ROUTE ] array (
  'type' => 'module',
  'module' => 
  array (
    0 => 'admin',
    1 => 'dept.safety',
    2 => 'edit',
  ),
)
[ info ] [ HEADER ] array (
  'host' => '127.0.0.1',
  'connection' => 'keep-alive',
  'upgrade-insecure-requests' => '1',
  'user-agent' => 'Mozilla/5.0 (Windows NT 10.0; WOW64) AppleWebKit/537.36 (KHTML, like Gecko) Chrome/69.0.3497.100 Safari/537.36',
  'accept' => 'text/html,application/xhtml+xml,application/xml;q=0.9,image/webp,image/apng,*/*;q=0.8',
  'referer' => 'http://127.0.0.1/admin/dept/safety?addtabs=1',
  'accept-encoding' => 'gzip, deflate, br',
  'accept-language' => 'zh-CN,zh;q=0.9,en;q=0.8,la;q=0.7,und;q=0.6',
  'cookie' => 'PHPSESSID=cui1hr1l8adsm5g769u5b9i3l5',
)
[ info ] [ PARAM ] array (
  'dialog' => '1',
  'ids' => '18',
)
[ info ] [ LANG ] D:\wamp64\www\Work\supervision_backend\public/../application/admin\lang\zh-cn.php
[ info ] [ BEHAVIOR ] Run app\common\behavior\Common @module_init [ RunTime:0.006749s ]
[ info ] [ SESSION ] INIT array (
  'id' => '',
  'var_session_id' => '',
  'prefix' => 'think',
  'type' => '',
  'auto_start' => true,
)
[ info ] [ DB ] INIT mysql
[ info ] [ RUN ] app\common\controller\Backend->edit[ D:\wamp64\www\Work\supervision_backend\application\admin\library\traits\Backend.php ]
[ info ] [ VIEW ] D:\wamp64\www\Work\supervision_backend\public/../application/admin\view\dept\safety\edit.html [ array (
  0 => 'breadcrumb',
  1 => 'site',
  2 => 'config',
  3 => 'auth',
  4 => 'admin',
  5 => 'row',
) ]
[ info ] [ BEHAVIOR ] Run app\admin\behavior\AdminLog @app_end [ RunTime:0.002736s ]
[ info ] [ LOG ] INIT File
[ sql ] [ DB ] CONNECT:[ UseTime:0.001101s ] mysql:host=127.0.0.1;dbname=supervision;charset=utf8
[ sql ] [ SQL ] SHOW COLUMNS FROM `s_admin` [ RunTime:0.004321s ]
[ sql ] [ SQL ] SELECT * FROM `s_admin` WHERE  `id` = 18 LIMIT 1 [ RunTime:0.001898s ]
---------------------------------------------------------------
[ 2018-12-02T14:11:26+08:00 ] 127.0.0.1 GET 127.0.0.1/admin/ajax/lang?callback=define&controllername=dept.safety&v=1543731085
[运行时间：0.104581s] [吞吐率：9.56req/s] [内存消耗：3,914.55kb] [文件加载：68]
[ info ] [ BEHAVIOR ] Run Closure @app_init [ RunTime:0.000099s ]
[ info ] [ CACHE ] INIT File
[ info ] [ BEHAVIOR ] Run Closure @app_init [ RunTime:0.005844s ]
[ info ] [ LANG ] D:\wamp64\www\Work\supervision_backend\thinkphp\lang\zh-cn.php
[ info ] [ ROUTE ] array (
  'type' => 'module',
  'module' => 
  array (
    0 => 'admin',
    1 => 'ajax',
    2 => 'lang',
  ),
)
[ info ] [ HEADER ] array (
  'host' => '127.0.0.1',
  'connection' => 'keep-alive',
  'user-agent' => 'Mozilla/5.0 (Windows NT 10.0; WOW64) AppleWebKit/537.36 (KHTML, like Gecko) Chrome/69.0.3497.100 Safari/537.36',
  'accept' => '*/*',
  'referer' => 'http://127.0.0.1/admin/dept/safety/edit/ids/18?dialog=1',
  'accept-encoding' => 'gzip, deflate, br',
  'accept-language' => 'zh-CN,zh;q=0.9,en;q=0.8,la;q=0.7,und;q=0.6',
  'cookie' => 'PHPSESSID=cui1hr1l8adsm5g769u5b9i3l5',
)
[ info ] [ PARAM ] array (
  'callback' => 'define',
  'controllername' => 'dept.safety',
  'v' => '1543731085',
)
[ info ] [ LANG ] D:\wamp64\www\Work\supervision_backend\public/../application/admin\lang\zh-cn.php
[ info ] [ BEHAVIOR ] Run app\common\behavior\Common @module_init [ RunTime:0.006746s ]
[ info ] [ SESSION ] INIT array (
  'id' => '',
  'var_session_id' => '',
  'prefix' => 'think',
  'type' => '',
  'auto_start' => true,
)
[ info ] [ LANG ] D:\wamp64\www\Work\supervision_backend\public/../application/admin/lang/zh-cn/ajax.php
[ info ] [ RUN ] app\admin\controller\Ajax->lang[ D:\wamp64\www\Work\supervision_backend\application\admin\controller\Ajax.php ]
[ info ] [ BEHAVIOR ] Run app\admin\behavior\AdminLog @app_end [ RunTime:0.001720s ]
[ info ] [ LOG ] INIT File
---------------------------------------------------------------
[ 2018-12-02T14:18:09+08:00 ] 127.0.0.1 GET 127.0.0.1/admin/index/logout
[运行时间：1.167714s] [吞吐率：0.86req/s] [内存消耗：4,938.42kb] [文件加载：77]
[ info ] [ BEHAVIOR ] Run Closure @app_init [ RunTime:0.000077s ]
[ info ] [ CACHE ] INIT File
[ info ] [ BEHAVIOR ] Run Closure @app_init [ RunTime:0.011346s ]
[ info ] [ LANG ] D:\wamp64\www\Work\supervision_backend\thinkphp\lang\zh-cn.php
[ info ] [ ROUTE ] array (
  'type' => 'module',
  'module' => 
  array (
    0 => 'admin',
    1 => 'index',
    2 => 'logout',
  ),
)
[ info ] [ HEADER ] array (
  'host' => '127.0.0.1',
  'connection' => 'keep-alive',
  'upgrade-insecure-requests' => '1',
  'user-agent' => 'Mozilla/5.0 (Windows NT 10.0; WOW64) AppleWebKit/537.36 (KHTML, like Gecko) Chrome/69.0.3497.100 Safari/537.36',
  'accept' => 'text/html,application/xhtml+xml,application/xml;q=0.9,image/webp,image/apng,*/*;q=0.8',
  'referer' => 'http://127.0.0.1/admin/dept/safety?ref=addtabs',
  'accept-encoding' => 'gzip, deflate, br',
  'accept-language' => 'zh-CN,zh;q=0.9,en;q=0.8,la;q=0.7,und;q=0.6',
  'cookie' => 'PHPSESSID=cui1hr1l8adsm5g769u5b9i3l5',
)
[ info ] [ PARAM ] array (
)
[ info ] [ LANG ] D:\wamp64\www\Work\supervision_backend\public/../application/admin\lang\zh-cn.php
[ info ] [ BEHAVIOR ] Run app\common\behavior\Common @module_init [ RunTime:0.031656s ]
[ info ] [ SESSION ] INIT array (
  'id' => '',
  'var_session_id' => '',
  'prefix' => 'think',
  'type' => '',
  'auto_start' => true,
)
[ info ] [ LANG ] D:\wamp64\www\Work\supervision_backend\public/../application/admin/lang/zh-cn/index.php
[ info ] [ RUN ] app\admin\controller\Index->logout[ D:\wamp64\www\Work\supervision_backend\application\admin\controller\Index.php ]
[ info ] [ DB ] INIT mysql
[ info ] [ VIEW ] D:\wamp64\www\Work\supervision_backend\public/../application/common\view\tpl\dispatch_jump.tpl [ array (
  0 => 'breadcrumb',
  1 => 'site',
  2 => 'config',
  3 => 'auth',
  4 => 'admin',
  5 => 'code',
  6 => 'msg',
  7 => 'data',
  8 => 'url',
  9 => 'wait',
) ]
[ info ] [ BEHAVIOR ] Run app\admin\behavior\AdminLog @app_end [ RunTime:0.011361s ]
[ info ] [ LOG ] INIT File
[ sql ] [ DB ] CONNECT:[ UseTime:0.001037s ] mysql:host=127.0.0.1;dbname=supervision;charset=utf8
[ sql ] [ SQL ] SHOW COLUMNS FROM `s_admin` [ RunTime:0.005412s ]
[ sql ] [ SQL ] SELECT * FROM `s_admin` WHERE  `id` = 1 LIMIT 1 [ RunTime:0.000645s ]
[ sql ] [ SQL ] UPDATE `s_admin`  SET `token`='',`updatetime`=1543731489  WHERE  `id` = 1 [ RunTime:0.001408s ]
---------------------------------------------------------------
[ 2018-12-02T14:18:11+08:00 ] 127.0.0.1 GET 127.0.0.1/admin/index/login
[运行时间：0.149737s] [吞吐率：6.68req/s] [内存消耗：3,908.66kb] [文件加载：69]
[ info ] [ BEHAVIOR ] Run Closure @app_init [ RunTime:0.000151s ]
[ info ] [ CACHE ] INIT File
[ info ] [ BEHAVIOR ] Run Closure @app_init [ RunTime:0.004287s ]
[ info ] [ LANG ] D:\wamp64\www\Work\supervision_backend\thinkphp\lang\zh-cn.php
[ info ] [ ROUTE ] array (
  'type' => 'module',
  'module' => 
  array (
    0 => 'admin',
    1 => 'index',
    2 => 'login',
  ),
)
[ info ] [ HEADER ] array (
  'host' => '127.0.0.1',
  'connection' => 'keep-alive',
  'upgrade-insecure-requests' => '1',
  'user-agent' => 'Mozilla/5.0 (Windows NT 10.0; WOW64) AppleWebKit/537.36 (KHTML, like Gecko) Chrome/69.0.3497.100 Safari/537.36',
  'accept' => 'text/html,application/xhtml+xml,application/xml;q=0.9,image/webp,image/apng,*/*;q=0.8',
  'referer' => 'http://127.0.0.1/admin/index/logout',
  'accept-encoding' => 'gzip, deflate, br',
  'accept-language' => 'zh-CN,zh;q=0.9,en;q=0.8,la;q=0.7,und;q=0.6',
  'cookie' => 'PHPSESSID=cui1hr1l8adsm5g769u5b9i3l5',
)
[ info ] [ PARAM ] array (
)
[ info ] [ LANG ] D:\wamp64\www\Work\supervision_backend\public/../application/admin\lang\zh-cn.php
[ info ] [ BEHAVIOR ] Run app\common\behavior\Common @module_init [ RunTime:0.009343s ]
[ info ] [ SESSION ] INIT array (
  'id' => '',
  'var_session_id' => '',
  'prefix' => 'think',
  'type' => '',
  'auto_start' => true,
)
[ info ] [ LANG ] D:\wamp64\www\Work\supervision_backend\public/../application/admin/lang/zh-cn/index.php
[ info ] [ RUN ] app\admin\controller\Index->login[ D:\wamp64\www\Work\supervision_backend\application\admin\controller\Index.php ]
[ info ] [ VIEW ] D:\wamp64\www\Work\supervision_backend\public/../application/admin\view\index\login.html [ array (
  0 => 'breadcrumb',
  1 => 'site',
  2 => 'config',
  3 => 'auth',
  4 => 'admin',
  5 => 'background',
  6 => 'title',
) ]
[ info ] [ BEHAVIOR ] Run app\admin\behavior\AdminLog @app_end [ RunTime:0.001478s ]
[ info ] [ LOG ] INIT File
---------------------------------------------------------------
[ 2018-12-02T14:18:11+08:00 ] 127.0.0.1 GET 127.0.0.1/admin/ajax/lang?callback=define&controllername=index&v=1543731491
[运行时间：0.138031s] [吞吐率：7.24req/s] [内存消耗：3,917.10kb] [文件加载：69]
[ info ] [ BEHAVIOR ] Run Closure @app_init [ RunTime:0.000068s ]
[ info ] [ CACHE ] INIT File
[ info ] [ BEHAVIOR ] Run Closure @app_init [ RunTime:0.004905s ]
[ info ] [ LANG ] D:\wamp64\www\Work\supervision_backend\thinkphp\lang\zh-cn.php
[ info ] [ ROUTE ] array (
  'type' => 'module',
  'module' => 
  array (
    0 => 'admin',
    1 => 'ajax',
    2 => 'lang',
  ),
)
[ info ] [ HEADER ] array (
  'host' => '127.0.0.1',
  'connection' => 'keep-alive',
  'user-agent' => 'Mozilla/5.0 (Windows NT 10.0; WOW64) AppleWebKit/537.36 (KHTML, like Gecko) Chrome/69.0.3497.100 Safari/537.36',
  'accept' => '*/*',
  'referer' => 'http://127.0.0.1/admin/index/login',
  'accept-encoding' => 'gzip, deflate, br',
  'accept-language' => 'zh-CN,zh;q=0.9,en;q=0.8,la;q=0.7,und;q=0.6',
  'cookie' => 'PHPSESSID=cui1hr1l8adsm5g769u5b9i3l5',
)
[ info ] [ PARAM ] array (
  'callback' => 'define',
  'controllername' => 'index',
  'v' => '1543731491',
)
[ info ] [ LANG ] D:\wamp64\www\Work\supervision_backend\public/../application/admin\lang\zh-cn.php
[ info ] [ BEHAVIOR ] Run app\common\behavior\Common @module_init [ RunTime:0.004635s ]
[ info ] [ SESSION ] INIT array (
  'id' => '',
  'var_session_id' => '',
  'prefix' => 'think',
  'type' => '',
  'auto_start' => true,
)
[ info ] [ LANG ] D:\wamp64\www\Work\supervision_backend\public/../application/admin/lang/zh-cn/ajax.php
[ info ] [ RUN ] app\admin\controller\Ajax->lang[ D:\wamp64\www\Work\supervision_backend\application\admin\controller\Ajax.php ]
[ info ] [ LANG ] D:\wamp64\www\Work\supervision_backend\public/../application/admin/lang/zh-cn/index.php
[ info ] [ BEHAVIOR ] Run app\admin\behavior\AdminLog @app_end [ RunTime:0.001349s ]
[ info ] [ LOG ] INIT File
