---------------------------------------------------------------
[ 2018-12-19T16:30:52+08:00 ] 61.140.27.30 GET 47.107.235.179/supervision/public/admin/ajax/lang?callback=define&controllername=index&v=1545208251
[运行时间：0.002012s] [吞吐率：497.01req/s] [内存消耗：465.45kb] [文件加载：71]
[ info ] [ BEHAVIOR ] Run Closure @app_init [ RunTime:0.000018s ]
[ info ] [ CACHE ] INIT File
[ info ] [ BEHAVIOR ] Run Closure @app_init [ RunTime:0.000178s ]
[ info ] [ LANG ] /var/www/html/supervision/thinkphp/lang/zh-cn.php
[ info ] [ ROUTE ] array (
  'type' => 'module',
  'module' => 
  array (
    0 => 'admin',
    1 => 'ajax',
    2 => 'lang',
  ),
)
[ info ] [ HEADER ] array (
  'host' => '47.107.235.179',
  'connection' => 'keep-alive',
  'user-agent' => 'Mozilla/5.0 (Windows NT 10.0; WOW64) AppleWebKit/537.36 (KHTML, like Gecko) Chrome/69.0.3497.100 Safari/537.36',
  'accept' => '*/*',
  'referer' => 'http://47.107.235.179/supervision/public/admin/index/index',
  'accept-encoding' => 'gzip, deflate',
  'accept-language' => 'zh-CN,zh;q=0.9,en;q=0.8,la;q=0.7,und;q=0.6',
  'cookie' => 'PHPSESSID=aeu6d2rg1t6asn56mqoe1kp0u1',
)
[ info ] [ PARAM ] array (
  'callback' => 'define',
  'controllername' => 'index',
  'v' => '1545208251',
)
[ info ] [ LANG ] /var/www/html/supervision/public/../application/admin/lang/zh-cn.php
[ info ] [ BEHAVIOR ] Run app\common\behavior\Common @module_init [ RunTime:0.000110s ]
[ info ] [ SESSION ] INIT array (
  'id' => '',
  'var_session_id' => '',
  'prefix' => 'think',
  'type' => '',
  'auto_start' => true,
)
[ info ] [ LANG ] /var/www/html/supervision/public/../application/admin/lang/zh-cn/ajax.php
[ info ] [ RUN ] app\admin\controller\Ajax->lang[ /var/www/html/supervision/application/admin/controller/Ajax.php ]
[ info ] [ LANG ] /var/www/html/supervision/public/../application/admin/lang/zh-cn/index.php
[ info ] [ BEHAVIOR ] Run app\admin\behavior\AdminLog @app_end [ RunTime:0.000016s ]
[ info ] [ LOG ] INIT File
---------------------------------------------------------------
[ 2018-12-19T16:30:52+08:00 ] 61.140.27.30 GET 47.107.235.179/supervision/public/admin/quality/master/index?addtabs=1
[运行时间：0.002521s] [吞吐率：396.66req/s] [内存消耗：522.00kb] [文件加载：77]
[ info ] [ BEHAVIOR ] Run Closure @app_init [ RunTime:0.000018s ]
[ info ] [ CACHE ] INIT File
[ info ] [ BEHAVIOR ] Run Closure @app_init [ RunTime:0.000180s ]
[ info ] [ LANG ] /var/www/html/supervision/thinkphp/lang/zh-cn.php
[ info ] [ ROUTE ] array (
  'type' => 'module',
  'module' => 
  array (
    0 => 'admin',
    1 => 'quality.master',
    2 => 'index',
  ),
)
[ info ] [ HEADER ] array (
  'host' => '47.107.235.179',
  'connection' => 'keep-alive',
  'upgrade-insecure-requests' => '1',
  'user-agent' => 'Mozilla/5.0 (Windows NT 10.0; WOW64) AppleWebKit/537.36 (KHTML, like Gecko) Chrome/69.0.3497.100 Safari/537.36',
  'accept' => 'text/html,application/xhtml+xml,application/xml;q=0.9,image/webp,image/apng,*/*;q=0.8',
  'referer' => 'http://47.107.235.179/supervision/public/admin/quality/master/index?ref=addtabs',
  'accept-encoding' => 'gzip, deflate',
  'accept-language' => 'zh-CN,zh;q=0.9,en;q=0.8,la;q=0.7,und;q=0.6',
  'cookie' => 'thinkphp_show_page_trace=0|0; PHPSESSID=aeu6d2rg1t6asn56mqoe1kp0u1',
)
[ info ] [ PARAM ] array (
  'addtabs' => '1',
)
[ info ] [ LANG ] /var/www/html/supervision/public/../application/admin/lang/zh-cn.php
[ info ] [ BEHAVIOR ] Run app\common\behavior\Common @module_init [ RunTime:0.000101s ]
[ info ] [ SESSION ] INIT array (
  'id' => '',
  'var_session_id' => '',
  'prefix' => 'think',
  'type' => '',
  'auto_start' => true,
)
[ info ] [ DB ] INIT mysql
[ info ] [ RUN ] app\admin\controller\quality\Master->index[ /var/www/html/supervision/application/admin/controller/quality/Master.php ]
[ info ] [ VIEW ] /var/www/html/supervision/public/../application/admin/view/quality/master/index.html [ array (
  0 => 'breadcrumb',
  1 => 'site',
  2 => 'config',
  3 => 'auth',
  4 => 'admin',
) ]
[ info ] [ BEHAVIOR ] Run app\admin\behavior\AdminLog @app_end [ RunTime:0.000017s ]
[ info ] [ LOG ] INIT File
---------------------------------------------------------------
[ 2018-12-19T16:30:52+08:00 ] 61.140.27.30 GET 47.107.235.179/supervision/public/admin/ajax/lang?callback=define&controllername=quality.master&v=1545208252
[运行时间：0.001810s] [吞吐率：552.46req/s] [内存消耗：463.07kb] [文件加载：70]
[ info ] [ BEHAVIOR ] Run Closure @app_init [ RunTime:0.000017s ]
[ info ] [ CACHE ] INIT File
[ info ] [ BEHAVIOR ] Run Closure @app_init [ RunTime:0.000179s ]
[ info ] [ LANG ] /var/www/html/supervision/thinkphp/lang/zh-cn.php
[ info ] [ ROUTE ] array (
  'type' => 'module',
  'module' => 
  array (
    0 => 'admin',
    1 => 'ajax',
    2 => 'lang',
  ),
)
[ info ] [ HEADER ] array (
  'host' => '47.107.235.179',
  'connection' => 'keep-alive',
  'user-agent' => 'Mozilla/5.0 (Windows NT 10.0; WOW64) AppleWebKit/537.36 (KHTML, like Gecko) Chrome/69.0.3497.100 Safari/537.36',
  'accept' => '*/*',
  'referer' => 'http://47.107.235.179/supervision/public/admin/quality/master/index?addtabs=1',
  'accept-encoding' => 'gzip, deflate',
  'accept-language' => 'zh-CN,zh;q=0.9,en;q=0.8,la;q=0.7,und;q=0.6',
  'cookie' => 'PHPSESSID=aeu6d2rg1t6asn56mqoe1kp0u1',
)
[ info ] [ PARAM ] array (
  'callback' => 'define',
  'controllername' => 'quality.master',
  'v' => '1545208252',
)
[ info ] [ LANG ] /var/www/html/supervision/public/../application/admin/lang/zh-cn.php
[ info ] [ BEHAVIOR ] Run app\common\behavior\Common @module_init [ RunTime:0.000096s ]
[ info ] [ SESSION ] INIT array (
  'id' => '',
  'var_session_id' => '',
  'prefix' => 'think',
  'type' => '',
  'auto_start' => true,
)
[ info ] [ LANG ] /var/www/html/supervision/public/../application/admin/lang/zh-cn/ajax.php
[ info ] [ RUN ] app\admin\controller\Ajax->lang[ /var/www/html/supervision/application/admin/controller/Ajax.php ]
[ info ] [ BEHAVIOR ] Run app\admin\behavior\AdminLog @app_end [ RunTime:0.000014s ]
[ info ] [ LOG ] INIT File
---------------------------------------------------------------
[ 2018-12-19T16:30:53+08:00 ] 61.140.27.30 GET 47.107.235.179/supervision/public/admin/quality/master/index?sort=id&order=desc&filter=%7B%7D&op=%7B%7D&_=1545208250449
[运行时间：0.004838s] [吞吐率：206.70req/s] [内存消耗：580.70kb] [文件加载：76]
[ info ] [ BEHAVIOR ] Run Closure @app_init [ RunTime:0.000018s ]
[ info ] [ CACHE ] INIT File
[ info ] [ BEHAVIOR ] Run Closure @app_init [ RunTime:0.000193s ]
[ info ] [ LANG ] /var/www/html/supervision/thinkphp/lang/zh-cn.php
[ info ] [ ROUTE ] array (
  'type' => 'module',
  'module' => 
  array (
    0 => 'admin',
    1 => 'quality.master',
    2 => 'index',
  ),
)
[ info ] [ HEADER ] array (
  'host' => '47.107.235.179',
  'connection' => 'keep-alive',
  'accept' => 'application/json, text/javascript, */*; q=0.01',
  'x-requested-with' => 'XMLHttpRequest',
  'user-agent' => 'Mozilla/5.0 (Windows NT 10.0; WOW64) AppleWebKit/537.36 (KHTML, like Gecko) Chrome/69.0.3497.100 Safari/537.36',
  'content-type' => 'application/json',
  'referer' => 'http://47.107.235.179/supervision/public/admin/quality/master/index?addtabs=1',
  'accept-encoding' => 'gzip, deflate',
  'accept-language' => 'zh-CN,zh;q=0.9,en;q=0.8,la;q=0.7,und;q=0.6',
  'cookie' => 'thinkphp_show_page_trace=0|0; PHPSESSID=aeu6d2rg1t6asn56mqoe1kp0u1',
)
[ info ] [ PARAM ] array (
  'sort' => 'id',
  'order' => 'desc',
  'filter' => '{}',
  'op' => '{}',
  '_' => '1545208250449',
)
[ info ] [ LANG ] /var/www/html/supervision/public/../application/admin/lang/zh-cn.php
[ info ] [ BEHAVIOR ] Run app\common\behavior\Common @module_init [ RunTime:0.000110s ]
[ info ] [ SESSION ] INIT array (
  'id' => '',
  'var_session_id' => '',
  'prefix' => 'think',
  'type' => '',
  'auto_start' => true,
)
[ info ] [ DB ] INIT mysql
[ info ] [ RUN ] app\admin\controller\quality\Master->index[ /var/www/html/supervision/application/admin/controller/quality/Master.php ]
[ info ] [ BEHAVIOR ] Run app\admin\behavior\AdminLog @app_end [ RunTime:0.000021s ]
[ info ] [ LOG ] INIT File
[ sql ] [ DB ] CONNECT:[ UseTime:0.000491s ] mysql:host=127.0.0.1;dbname=supervision;charset=utf8
[ sql ] [ SQL ] SHOW COLUMNS FROM `s_project` [ RunTime:0.000711s ]
[ sql ] [ SQL ] SELECT COUNT(*) AS tp_count FROM `s_project` `project` INNER JOIN `s_quality_info` `i` ON `project`.`quality_info`=`i`.`id` LEFT JOIN `s_admin` `a` ON `project`.`quality_id`=`a`.`id` LEFT JOIN `s_admin` `z` ON `project`.`quality_assistant`=`z`.`id` ORDER BY `project`.`id` DESC LIMIT 1 [ RunTime:0.000468s ]
[ sql ] [ SQL ] SELECT `project`.`id`,`project`.`build_dept`,`project`.`project_name`,`project`.`quality_code`,`project`.`address`,`quality_progress`,i.project_kind `i.project_kind`,i.status `i.status`,i.situation `i.situation`,a.nickname `a.nickname`,z.nickname `z.nickname` FROM `s_project` `project` INNER JOIN `s_quality_info` `i` ON `project`.`quality_info`=`i`.`id` LEFT JOIN `s_admin` `a` ON `project`.`quality_id`=`a`.`id` LEFT JOIN `s_admin` `z` ON `project`.`quality_assistant`=`z`.`id` ORDER BY `project`.`id` DESC [ RunTime:0.000358s ]
---------------------------------------------------------------
[ 2018-12-19T16:30:57+08:00 ] 61.140.27.30 GET 47.107.235.179/supervision/public/admin/quality/vouchermaster/index/ids/15?dialog=1
[运行时间：0.009728s] [吞吐率：102.80req/s] [内存消耗：667.37kb] [文件加载：78]
[ info ] [ BEHAVIOR ] Run Closure @app_init [ RunTime:0.000080s ]
[ info ] [ CACHE ] INIT File
[ info ] [ BEHAVIOR ] Run Closure @app_init [ RunTime:0.000217s ]
[ info ] [ LANG ] /var/www/html/supervision/thinkphp/lang/zh-cn.php
[ info ] [ ROUTE ] array (
  'type' => 'module',
  'module' => 
  array (
    0 => 'admin',
    1 => 'quality.vouchermaster',
    2 => 'index',
  ),
)
[ info ] [ HEADER ] array (
  'host' => '47.107.235.179',
  'connection' => 'keep-alive',
  'upgrade-insecure-requests' => '1',
  'user-agent' => 'Mozilla/5.0 (Windows NT 10.0; WOW64) AppleWebKit/537.36 (KHTML, like Gecko) Chrome/69.0.3497.100 Safari/537.36',
  'accept' => 'text/html,application/xhtml+xml,application/xml;q=0.9,image/webp,image/apng,*/*;q=0.8',
  'referer' => 'http://47.107.235.179/supervision/public/admin/quality/master/index?addtabs=1',
  'accept-encoding' => 'gzip, deflate',
  'accept-language' => 'zh-CN,zh;q=0.9,en;q=0.8,la;q=0.7,und;q=0.6',
  'cookie' => 'thinkphp_show_page_trace=0|0; PHPSESSID=aeu6d2rg1t6asn56mqoe1kp0u1',
)
[ info ] [ PARAM ] array (
  'dialog' => '1',
  'ids' => '15',
)
[ info ] [ LANG ] /var/www/html/supervision/public/../application/admin/lang/zh-cn.php
[ info ] [ BEHAVIOR ] Run app\common\behavior\Common @module_init [ RunTime:0.000188s ]
[ info ] [ SESSION ] INIT array (
  'id' => '',
  'var_session_id' => '',
  'prefix' => 'think',
  'type' => '',
  'auto_start' => true,
)
[ info ] [ DB ] INIT mysql
[ info ] [ RUN ] app\admin\controller\quality\Vouchermaster->index[ /var/www/html/supervision/application/admin/controller/quality/Vouchermaster.php ]
[ info ] [ VIEW ] /var/www/html/supervision/public/../application/admin/view/quality/vouchermaster/index.html [ array (
  0 => 'breadcrumb',
  1 => 'site',
  2 => 'config',
  3 => 'auth',
  4 => 'admin',
) ]
[ info ] [ BEHAVIOR ] Run app\admin\behavior\AdminLog @app_end [ RunTime:0.000025s ]
[ info ] [ LOG ] INIT File
[ sql ] [ DB ] CONNECT:[ UseTime:0.000553s ] mysql:host=127.0.0.1;dbname=supervision;charset=utf8
[ sql ] [ SQL ] SHOW COLUMNS FROM `s_auth_rule` [ RunTime:0.000703s ]
[ sql ] [ SQL ] SELECT `title`,`remark` FROM `s_auth_rule` WHERE  `name` = 'quality/vouchermaster' LIMIT 1 [ RunTime:0.000263s ]
[ sql ] [ SQL ] SHOW COLUMNS FROM `s_auth_group_access` [ RunTime:0.000443s ]
[ sql ] [ SQL ] SELECT `aga`.`uid`,`aga`.`group_id`,`ag`.`id`,`ag`.`pid`,`ag`.`name`,`ag`.`rules` FROM `s_auth_group_access` `aga` LEFT JOIN `s_auth_group` `ag` ON `aga`.`group_id`=`ag`.`id` WHERE  (  aga.uid='38' and ag.status='normal' ) [ RunTime:0.000338s ]
[ sql ] [ SQL ] SELECT `id`,`pid`,`condition`,`icon`,`name`,`title`,`ismenu` FROM `s_auth_rule` WHERE  `status` = 'normal'  AND `id` IN (67,76,79,84,73,78) [ RunTime:0.000291s ]
---------------------------------------------------------------
[ 2018-12-19T16:30:57+08:00 ] 61.140.27.30 GET 47.107.235.179/supervision/public/admin/ajax/lang?callback=define&controllername=quality.vouchermaster&v=1545208257
[运行时间：0.001915s] [吞吐率：522.13req/s] [内存消耗：463.09kb] [文件加载：70]
[ info ] [ BEHAVIOR ] Run Closure @app_init [ RunTime:0.000019s ]
[ info ] [ CACHE ] INIT File
[ info ] [ BEHAVIOR ] Run Closure @app_init [ RunTime:0.000183s ]
[ info ] [ LANG ] /var/www/html/supervision/thinkphp/lang/zh-cn.php
[ info ] [ ROUTE ] array (
  'type' => 'module',
  'module' => 
  array (
    0 => 'admin',
    1 => 'ajax',
    2 => 'lang',
  ),
)
[ info ] [ HEADER ] array (
  'host' => '47.107.235.179',
  'connection' => 'keep-alive',
  'user-agent' => 'Mozilla/5.0 (Windows NT 10.0; WOW64) AppleWebKit/537.36 (KHTML, like Gecko) Chrome/69.0.3497.100 Safari/537.36',
  'accept' => '*/*',
  'referer' => 'http://47.107.235.179/supervision/public/admin/quality/vouchermaster/index/ids/15?dialog=1',
  'accept-encoding' => 'gzip, deflate',
  'accept-language' => 'zh-CN,zh;q=0.9,en;q=0.8,la;q=0.7,und;q=0.6',
  'cookie' => 'PHPSESSID=aeu6d2rg1t6asn56mqoe1kp0u1',
)
[ info ] [ PARAM ] array (
  'callback' => 'define',
  'controllername' => 'quality.vouchermaster',
  'v' => '1545208257',
)
[ info ] [ LANG ] /var/www/html/supervision/public/../application/admin/lang/zh-cn.php
[ info ] [ BEHAVIOR ] Run app\common\behavior\Common @module_init [ RunTime:0.000100s ]
[ info ] [ SESSION ] INIT array (
  'id' => '',
  'var_session_id' => '',
  'prefix' => 'think',
  'type' => '',
  'auto_start' => true,
)
[ info ] [ LANG ] /var/www/html/supervision/public/../application/admin/lang/zh-cn/ajax.php
[ info ] [ RUN ] app\admin\controller\Ajax->lang[ /var/www/html/supervision/application/admin/controller/Ajax.php ]
[ info ] [ BEHAVIOR ] Run app\admin\behavior\AdminLog @app_end [ RunTime:0.000016s ]
[ info ] [ LOG ] INIT File
---------------------------------------------------------------
[ 2018-12-19T16:30:57+08:00 ] 61.140.27.30 GET 47.107.235.179/supervision/public/admin/quality/vouchermaster/list?sort=id&order=desc&offset=0&limit=10&filter=%7B%7D&op=%7B%7D&_=1545208255110
[运行时间：0.004177s] [吞吐率：239.40req/s] [内存消耗：571.73kb] [文件加载：76]
[ info ] [ BEHAVIOR ] Run Closure @app_init [ RunTime:0.000017s ]
[ info ] [ CACHE ] INIT File
[ info ] [ BEHAVIOR ] Run Closure @app_init [ RunTime:0.000176s ]
[ info ] [ LANG ] /var/www/html/supervision/thinkphp/lang/zh-cn.php
[ info ] [ ROUTE ] array (
  'type' => 'module',
  'module' => 
  array (
    0 => 'admin',
    1 => 'quality.vouchermaster',
    2 => 'list',
  ),
)
[ info ] [ HEADER ] array (
  'host' => '47.107.235.179',
  'connection' => 'keep-alive',
  'accept' => 'application/json, text/javascript, */*; q=0.01',
  'x-requested-with' => 'XMLHttpRequest',
  'user-agent' => 'Mozilla/5.0 (Windows NT 10.0; WOW64) AppleWebKit/537.36 (KHTML, like Gecko) Chrome/69.0.3497.100 Safari/537.36',
  'content-type' => 'application/json',
  'referer' => 'http://47.107.235.179/supervision/public/admin/quality/vouchermaster/index/ids/15?dialog=1',
  'accept-encoding' => 'gzip, deflate',
  'accept-language' => 'zh-CN,zh;q=0.9,en;q=0.8,la;q=0.7,und;q=0.6',
  'cookie' => 'PHPSESSID=aeu6d2rg1t6asn56mqoe1kp0u1',
)
[ info ] [ PARAM ] array (
  'sort' => 'id',
  'order' => 'desc',
  'offset' => '0',
  'limit' => '10',
  'filter' => '{}',
  'op' => '{}',
  '_' => '1545208255110',
)
[ info ] [ LANG ] /var/www/html/supervision/public/../application/admin/lang/zh-cn.php
[ info ] [ BEHAVIOR ] Run app\common\behavior\Common @module_init [ RunTime:0.000119s ]
[ info ] [ SESSION ] INIT array (
  'id' => '',
  'var_session_id' => '',
  'prefix' => 'think',
  'type' => '',
  'auto_start' => true,
)
[ info ] [ DB ] INIT mysql
[ info ] [ RUN ] app\admin\controller\quality\Vouchermaster->list[ /var/www/html/supervision/application/admin/controller/quality/Vouchermaster.php ]
[ info ] [ BEHAVIOR ] Run app\admin\behavior\AdminLog @app_end [ RunTime:0.000021s ]
[ info ] [ LOG ] INIT File
[ sql ] [ DB ] CONNECT:[ UseTime:0.000496s ] mysql:host=127.0.0.1;dbname=supervision;charset=utf8
[ sql ] [ SQL ] SHOW COLUMNS FROM `s_project_voucher` [ RunTime:0.000603s ]
[ sql ] [ SQL ] SELECT COUNT(*) AS tp_count FROM `s_project_voucher` `project_voucher` INNER JOIN `s_project` `i` ON `project_voucher`.`project_id`=`i`.`id` WHERE  `project_voucher`.`project_id` = '15'  AND `project_voucher`.`dept_type` = 1 ORDER BY `project_voucher`.`id` DESC LIMIT 1 [ RunTime:0.000340s ]
[ sql ] [ SQL ] SELECT `project_voucher`.`id`,`project_voucher`.`project_images`,`project_voucher`.`project_desc`,`project_voucher`.`push_time`,`project_voucher`.`edit_status`,`project_voucher`.`del_status`,i.project_name `i.project_name`,i.build_dept `i.build_dept` FROM `s_project_voucher` `project_voucher` INNER JOIN `s_project` `i` ON `project_voucher`.`project_id`=`i`.`id` WHERE  `project_voucher`.`project_id` = '15'  AND `project_voucher`.`dept_type` = 1 ORDER BY `project_voucher`.`id` DESC LIMIT 0,10 [ RunTime:0.000263s ]
---------------------------------------------------------------
[ 2018-12-19T16:31:01+08:00 ] 61.140.27.30 GET 47.107.235.179/supervision/public/admin/quality/vouchermaster/index/ids/12?dialog=1
[运行时间：0.005692s] [吞吐率：175.69req/s] [内存消耗：666.26kb] [文件加载：78]
[ info ] [ BEHAVIOR ] Run Closure @app_init [ RunTime:0.000017s ]
[ info ] [ CACHE ] INIT File
[ info ] [ BEHAVIOR ] Run Closure @app_init [ RunTime:0.000207s ]
[ info ] [ LANG ] /var/www/html/supervision/thinkphp/lang/zh-cn.php
[ info ] [ ROUTE ] array (
  'type' => 'module',
  'module' => 
  array (
    0 => 'admin',
    1 => 'quality.vouchermaster',
    2 => 'index',
  ),
)
[ info ] [ HEADER ] array (
  'host' => '47.107.235.179',
  'connection' => 'keep-alive',
  'upgrade-insecure-requests' => '1',
  'user-agent' => 'Mozilla/5.0 (Windows NT 10.0; WOW64) AppleWebKit/537.36 (KHTML, like Gecko) Chrome/69.0.3497.100 Safari/537.36',
  'accept' => 'text/html,application/xhtml+xml,application/xml;q=0.9,image/webp,image/apng,*/*;q=0.8',
  'referer' => 'http://47.107.235.179/supervision/public/admin/quality/master/index?addtabs=1',
  'accept-encoding' => 'gzip, deflate',
  'accept-language' => 'zh-CN,zh;q=0.9,en;q=0.8,la;q=0.7,und;q=0.6',
  'cookie' => 'thinkphp_show_page_trace=0|0; PHPSESSID=aeu6d2rg1t6asn56mqoe1kp0u1',
)
[ info ] [ PARAM ] array (
  'dialog' => '1',
  'ids' => '12',
)
[ info ] [ LANG ] /var/www/html/supervision/public/../application/admin/lang/zh-cn.php
[ info ] [ BEHAVIOR ] Run app\common\behavior\Common @module_init [ RunTime:0.000105s ]
[ info ] [ SESSION ] INIT array (
  'id' => '',
  'var_session_id' => '',
  'prefix' => 'think',
  'type' => '',
  'auto_start' => true,
)
[ info ] [ DB ] INIT mysql
[ info ] [ RUN ] app\admin\controller\quality\Vouchermaster->index[ /var/www/html/supervision/application/admin/controller/quality/Vouchermaster.php ]
[ info ] [ VIEW ] /var/www/html/supervision/public/../application/admin/view/quality/vouchermaster/index.html [ array (
  0 => 'breadcrumb',
  1 => 'site',
  2 => 'config',
  3 => 'auth',
  4 => 'admin',
) ]
[ info ] [ BEHAVIOR ] Run app\admin\behavior\AdminLog @app_end [ RunTime:0.000020s ]
[ info ] [ LOG ] INIT File
[ sql ] [ DB ] CONNECT:[ UseTime:0.000464s ] mysql:host=127.0.0.1;dbname=supervision;charset=utf8
[ sql ] [ SQL ] SHOW COLUMNS FROM `s_auth_rule` [ RunTime:0.000622s ]
[ sql ] [ SQL ] SELECT `title`,`remark` FROM `s_auth_rule` WHERE  `name` = 'quality/vouchermaster' LIMIT 1 [ RunTime:0.000249s ]
[ sql ] [ SQL ] SHOW COLUMNS FROM `s_auth_group_access` [ RunTime:0.000364s ]
[ sql ] [ SQL ] SELECT `aga`.`uid`,`aga`.`group_id`,`ag`.`id`,`ag`.`pid`,`ag`.`name`,`ag`.`rules` FROM `s_auth_group_access` `aga` LEFT JOIN `s_auth_group` `ag` ON `aga`.`group_id`=`ag`.`id` WHERE  (  aga.uid='38' and ag.status='normal' ) [ RunTime:0.000311s ]
[ sql ] [ SQL ] SELECT `id`,`pid`,`condition`,`icon`,`name`,`title`,`ismenu` FROM `s_auth_rule` WHERE  `status` = 'normal'  AND `id` IN (67,76,79,84,73,78) [ RunTime:0.000272s ]
---------------------------------------------------------------
[ 2018-12-19T16:31:01+08:00 ] 61.140.27.30 GET 47.107.235.179/supervision/public/admin/ajax/lang?callback=define&controllername=quality.vouchermaster&v=1545208261
[运行时间：0.002054s] [吞吐率：486.86req/s] [内存消耗：463.09kb] [文件加载：70]
[ info ] [ BEHAVIOR ] Run Closure @app_init [ RunTime:0.000018s ]
[ info ] [ CACHE ] INIT File
[ info ] [ BEHAVIOR ] Run Closure @app_init [ RunTime:0.000178s ]
[ info ] [ LANG ] /var/www/html/supervision/thinkphp/lang/zh-cn.php
[ info ] [ ROUTE ] array (
  'type' => 'module',
  'module' => 
  array (
    0 => 'admin',
    1 => 'ajax',
    2 => 'lang',
  ),
)
[ info ] [ HEADER ] array (
  'host' => '47.107.235.179',
  'connection' => 'keep-alive',
  'user-agent' => 'Mozilla/5.0 (Windows NT 10.0; WOW64) AppleWebKit/537.36 (KHTML, like Gecko) Chrome/69.0.3497.100 Safari/537.36',
  'accept' => '*/*',
  'referer' => 'http://47.107.235.179/supervision/public/admin/quality/vouchermaster/index/ids/12?dialog=1',
  'accept-encoding' => 'gzip, deflate',
  'accept-language' => 'zh-CN,zh;q=0.9,en;q=0.8,la;q=0.7,und;q=0.6',
  'cookie' => 'PHPSESSID=aeu6d2rg1t6asn56mqoe1kp0u1',
)
[ info ] [ PARAM ] array (
  'callback' => 'define',
  'controllername' => 'quality.vouchermaster',
  'v' => '1545208261',
)
[ info ] [ LANG ] /var/www/html/supervision/public/../application/admin/lang/zh-cn.php
[ info ] [ BEHAVIOR ] Run app\common\behavior\Common @module_init [ RunTime:0.000141s ]
[ info ] [ SESSION ] INIT array (
  'id' => '',
  'var_session_id' => '',
  'prefix' => 'think',
  'type' => '',
  'auto_start' => true,
)
[ info ] [ LANG ] /var/www/html/supervision/public/../application/admin/lang/zh-cn/ajax.php
[ info ] [ RUN ] app\admin\controller\Ajax->lang[ /var/www/html/supervision/application/admin/controller/Ajax.php ]
[ info ] [ BEHAVIOR ] Run app\admin\behavior\AdminLog @app_end [ RunTime:0.000016s ]
[ info ] [ LOG ] INIT File
---------------------------------------------------------------
[ 2018-12-19T16:31:02+08:00 ] 61.140.27.30 GET 47.107.235.179/supervision/public/admin/quality/vouchermaster/list?sort=id&order=desc&offset=0&limit=10&filter=%7B%7D&op=%7B%7D&_=1545208259528
[运行时间：0.004144s] [吞吐率：241.32req/s] [内存消耗：571.73kb] [文件加载：76]
[ info ] [ BEHAVIOR ] Run Closure @app_init [ RunTime:0.000017s ]
[ info ] [ CACHE ] INIT File
[ info ] [ BEHAVIOR ] Run Closure @app_init [ RunTime:0.000178s ]
[ info ] [ LANG ] /var/www/html/supervision/thinkphp/lang/zh-cn.php
[ info ] [ ROUTE ] array (
  'type' => 'module',
  'module' => 
  array (
    0 => 'admin',
    1 => 'quality.vouchermaster',
    2 => 'list',
  ),
)
[ info ] [ HEADER ] array (
  'host' => '47.107.235.179',
  'connection' => 'keep-alive',
  'accept' => 'application/json, text/javascript, */*; q=0.01',
  'x-requested-with' => 'XMLHttpRequest',
  'user-agent' => 'Mozilla/5.0 (Windows NT 10.0; WOW64) AppleWebKit/537.36 (KHTML, like Gecko) Chrome/69.0.3497.100 Safari/537.36',
  'content-type' => 'application/json',
  'referer' => 'http://47.107.235.179/supervision/public/admin/quality/vouchermaster/index/ids/12?dialog=1',
  'accept-encoding' => 'gzip, deflate',
  'accept-language' => 'zh-CN,zh;q=0.9,en;q=0.8,la;q=0.7,und;q=0.6',
  'cookie' => 'PHPSESSID=aeu6d2rg1t6asn56mqoe1kp0u1',
)
[ info ] [ PARAM ] array (
  'sort' => 'id',
  'order' => 'desc',
  'offset' => '0',
  'limit' => '10',
  'filter' => '{}',
  'op' => '{}',
  '_' => '1545208259528',
)
[ info ] [ LANG ] /var/www/html/supervision/public/../application/admin/lang/zh-cn.php
[ info ] [ BEHAVIOR ] Run app\common\behavior\Common @module_init [ RunTime:0.000099s ]
[ info ] [ SESSION ] INIT array (
  'id' => '',
  'var_session_id' => '',
  'prefix' => 'think',
  'type' => '',
  'auto_start' => true,
)
[ info ] [ DB ] INIT mysql
[ info ] [ RUN ] app\admin\controller\quality\Vouchermaster->list[ /var/www/html/supervision/application/admin/controller/quality/Vouchermaster.php ]
[ info ] [ BEHAVIOR ] Run app\admin\behavior\AdminLog @app_end [ RunTime:0.000020s ]
[ info ] [ LOG ] INIT File
[ sql ] [ DB ] CONNECT:[ UseTime:0.000505s ] mysql:host=127.0.0.1;dbname=supervision;charset=utf8
[ sql ] [ SQL ] SHOW COLUMNS FROM `s_project_voucher` [ RunTime:0.000598s ]
[ sql ] [ SQL ] SELECT COUNT(*) AS tp_count FROM `s_project_voucher` `project_voucher` INNER JOIN `s_project` `i` ON `project_voucher`.`project_id`=`i`.`id` WHERE  `project_voucher`.`project_id` = '12'  AND `project_voucher`.`dept_type` = 1 ORDER BY `project_voucher`.`id` DESC LIMIT 1 [ RunTime:0.000358s ]
[ sql ] [ SQL ] SELECT `project_voucher`.`id`,`project_voucher`.`project_images`,`project_voucher`.`project_desc`,`project_voucher`.`push_time`,`project_voucher`.`edit_status`,`project_voucher`.`del_status`,i.project_name `i.project_name`,i.build_dept `i.build_dept` FROM `s_project_voucher` `project_voucher` INNER JOIN `s_project` `i` ON `project_voucher`.`project_id`=`i`.`id` WHERE  `project_voucher`.`project_id` = '12'  AND `project_voucher`.`dept_type` = 1 ORDER BY `project_voucher`.`id` DESC LIMIT 0,10 [ RunTime:0.000301s ]
---------------------------------------------------------------
[ 2018-12-19T16:31:41+08:00 ] 61.140.27.30 GET 47.107.235.179/supervision/public/admin/quality/vouchermaster/index/ids/12?dialog=1
[运行时间：0.006313s] [吞吐率：158.41req/s] [内存消耗：666.26kb] [文件加载：78]
[ info ] [ BEHAVIOR ] Run Closure @app_init [ RunTime:0.000017s ]
[ info ] [ CACHE ] INIT File
[ info ] [ BEHAVIOR ] Run Closure @app_init [ RunTime:0.000223s ]
[ info ] [ LANG ] /var/www/html/supervision/thinkphp/lang/zh-cn.php
[ info ] [ ROUTE ] array (
  'type' => 'module',
  'module' => 
  array (
    0 => 'admin',
    1 => 'quality.vouchermaster',
    2 => 'index',
  ),
)
[ info ] [ HEADER ] array (
  'host' => '47.107.235.179',
  'connection' => 'keep-alive',
  'upgrade-insecure-requests' => '1',
  'user-agent' => 'Mozilla/5.0 (Windows NT 10.0; WOW64) AppleWebKit/537.36 (KHTML, like Gecko) Chrome/69.0.3497.100 Safari/537.36',
  'accept' => 'text/html,application/xhtml+xml,application/xml;q=0.9,image/webp,image/apng,*/*;q=0.8',
  'referer' => 'http://47.107.235.179/supervision/public/admin/quality/master/index?addtabs=1',
  'accept-encoding' => 'gzip, deflate',
  'accept-language' => 'zh-CN,zh;q=0.9,en;q=0.8,la;q=0.7,und;q=0.6',
  'cookie' => 'thinkphp_show_page_trace=0|0; PHPSESSID=aeu6d2rg1t6asn56mqoe1kp0u1',
)
[ info ] [ PARAM ] array (
  'dialog' => '1',
  'ids' => '12',
)
[ info ] [ LANG ] /var/www/html/supervision/public/../application/admin/lang/zh-cn.php
[ info ] [ BEHAVIOR ] Run app\common\behavior\Common @module_init [ RunTime:0.000114s ]
[ info ] [ SESSION ] INIT array (
  'id' => '',
  'var_session_id' => '',
  'prefix' => 'think',
  'type' => '',
  'auto_start' => true,
)
[ info ] [ DB ] INIT mysql
[ info ] [ RUN ] app\admin\controller\quality\Vouchermaster->index[ /var/www/html/supervision/application/admin/controller/quality/Vouchermaster.php ]
[ info ] [ VIEW ] /var/www/html/supervision/public/../application/admin/view/quality/vouchermaster/index.html [ array (
  0 => 'breadcrumb',
  1 => 'site',
  2 => 'config',
  3 => 'auth',
  4 => 'admin',
) ]
[ info ] [ BEHAVIOR ] Run app\admin\behavior\AdminLog @app_end [ RunTime:0.000023s ]
[ info ] [ LOG ] INIT File
[ sql ] [ DB ] CONNECT:[ UseTime:0.000472s ] mysql:host=127.0.0.1;dbname=supervision;charset=utf8
[ sql ] [ SQL ] SHOW COLUMNS FROM `s_auth_rule` [ RunTime:0.000716s ]
[ sql ] [ SQL ] SELECT `title`,`remark` FROM `s_auth_rule` WHERE  `name` = 'quality/vouchermaster' LIMIT 1 [ RunTime:0.000304s ]
[ sql ] [ SQL ] SHOW COLUMNS FROM `s_auth_group_access` [ RunTime:0.000478s ]
[ sql ] [ SQL ] SELECT `aga`.`uid`,`aga`.`group_id`,`ag`.`id`,`ag`.`pid`,`ag`.`name`,`ag`.`rules` FROM `s_auth_group_access` `aga` LEFT JOIN `s_auth_group` `ag` ON `aga`.`group_id`=`ag`.`id` WHERE  (  aga.uid='38' and ag.status='normal' ) [ RunTime:0.000391s ]
[ sql ] [ SQL ] SELECT `id`,`pid`,`condition`,`icon`,`name`,`title`,`ismenu` FROM `s_auth_rule` WHERE  `status` = 'normal'  AND `id` IN (67,76,79,84,73,78) [ RunTime:0.000303s ]
---------------------------------------------------------------
[ 2018-12-19T16:31:41+08:00 ] 61.140.27.30 GET 47.107.235.179/supervision/public/admin/ajax/lang?callback=define&controllername=quality.vouchermaster&v=1545208301
[运行时间：0.001958s] [吞吐率：510.75req/s] [内存消耗：463.09kb] [文件加载：70]
[ info ] [ BEHAVIOR ] Run Closure @app_init [ RunTime:0.000017s ]
[ info ] [ CACHE ] INIT File
[ info ] [ BEHAVIOR ] Run Closure @app_init [ RunTime:0.000215s ]
[ info ] [ LANG ] /var/www/html/supervision/thinkphp/lang/zh-cn.php
[ info ] [ ROUTE ] array (
  'type' => 'module',
  'module' => 
  array (
    0 => 'admin',
    1 => 'ajax',
    2 => 'lang',
  ),
)
[ info ] [ HEADER ] array (
  'host' => '47.107.235.179',
  'connection' => 'keep-alive',
  'user-agent' => 'Mozilla/5.0 (Windows NT 10.0; WOW64) AppleWebKit/537.36 (KHTML, like Gecko) Chrome/69.0.3497.100 Safari/537.36',
  'accept' => '*/*',
  'referer' => 'http://47.107.235.179/supervision/public/admin/quality/vouchermaster/index/ids/12?dialog=1',
  'accept-encoding' => 'gzip, deflate',
  'accept-language' => 'zh-CN,zh;q=0.9,en;q=0.8,la;q=0.7,und;q=0.6',
  'cookie' => 'PHPSESSID=aeu6d2rg1t6asn56mqoe1kp0u1',
)
[ info ] [ PARAM ] array (
  'callback' => 'define',
  'controllername' => 'quality.vouchermaster',
  'v' => '1545208301',
)
[ info ] [ LANG ] /var/www/html/supervision/public/../application/admin/lang/zh-cn.php
[ info ] [ BEHAVIOR ] Run app\common\behavior\Common @module_init [ RunTime:0.000104s ]
[ info ] [ SESSION ] INIT array (
  'id' => '',
  'var_session_id' => '',
  'prefix' => 'think',
  'type' => '',
  'auto_start' => true,
)
[ info ] [ LANG ] /var/www/html/supervision/public/../application/admin/lang/zh-cn/ajax.php
[ info ] [ RUN ] app\admin\controller\Ajax->lang[ /var/www/html/supervision/application/admin/controller/Ajax.php ]
[ info ] [ BEHAVIOR ] Run app\admin\behavior\AdminLog @app_end [ RunTime:0.000016s ]
[ info ] [ LOG ] INIT File
---------------------------------------------------------------
[ 2018-12-19T16:31:42+08:00 ] 61.140.27.30 GET 47.107.235.179/supervision/public/admin/quality/vouchermaster/list?sort=id&order=desc&offset=0&limit=10&filter=%7B%7D&op=%7B%7D&_=1545208299430
[运行时间：0.004390s] [吞吐率：227.79req/s] [内存消耗：571.73kb] [文件加载：76]
[ info ] [ BEHAVIOR ] Run Closure @app_init [ RunTime:0.000017s ]
[ info ] [ CACHE ] INIT File
[ info ] [ BEHAVIOR ] Run Closure @app_init [ RunTime:0.000173s ]
[ info ] [ LANG ] /var/www/html/supervision/thinkphp/lang/zh-cn.php
[ info ] [ ROUTE ] array (
  'type' => 'module',
  'module' => 
  array (
    0 => 'admin',
    1 => 'quality.vouchermaster',
    2 => 'list',
  ),
)
[ info ] [ HEADER ] array (
  'host' => '47.107.235.179',
  'connection' => 'keep-alive',
  'accept' => 'application/json, text/javascript, */*; q=0.01',
  'x-requested-with' => 'XMLHttpRequest',
  'user-agent' => 'Mozilla/5.0 (Windows NT 10.0; WOW64) AppleWebKit/537.36 (KHTML, like Gecko) Chrome/69.0.3497.100 Safari/537.36',
  'content-type' => 'application/json',
  'referer' => 'http://47.107.235.179/supervision/public/admin/quality/vouchermaster/index/ids/12?dialog=1',
  'accept-encoding' => 'gzip, deflate',
  'accept-language' => 'zh-CN,zh;q=0.9,en;q=0.8,la;q=0.7,und;q=0.6',
  'cookie' => 'PHPSESSID=aeu6d2rg1t6asn56mqoe1kp0u1',
)
[ info ] [ PARAM ] array (
  'sort' => 'id',
  'order' => 'desc',
  'offset' => '0',
  'limit' => '10',
  'filter' => '{}',
  'op' => '{}',
  '_' => '1545208299430',
)
[ info ] [ LANG ] /var/www/html/supervision/public/../application/admin/lang/zh-cn.php
[ info ] [ BEHAVIOR ] Run app\common\behavior\Common @module_init [ RunTime:0.000109s ]
[ info ] [ SESSION ] INIT array (
  'id' => '',
  'var_session_id' => '',
  'prefix' => 'think',
  'type' => '',
  'auto_start' => true,
)
[ info ] [ DB ] INIT mysql
[ info ] [ RUN ] app\admin\controller\quality\Vouchermaster->list[ /var/www/html/supervision/application/admin/controller/quality/Vouchermaster.php ]
[ info ] [ BEHAVIOR ] Run app\admin\behavior\AdminLog @app_end [ RunTime:0.000022s ]
[ info ] [ LOG ] INIT File
[ sql ] [ DB ] CONNECT:[ UseTime:0.000477s ] mysql:host=127.0.0.1;dbname=supervision;charset=utf8
[ sql ] [ SQL ] SHOW COLUMNS FROM `s_project_voucher` [ RunTime:0.000646s ]
[ sql ] [ SQL ] SELECT COUNT(*) AS tp_count FROM `s_project_voucher` `project_voucher` INNER JOIN `s_project` `i` ON `project_voucher`.`project_id`=`i`.`id` WHERE  `project_voucher`.`project_id` = '12'  AND `project_voucher`.`dept_type` = 1 ORDER BY `project_voucher`.`id` DESC LIMIT 1 [ RunTime:0.000440s ]
[ sql ] [ SQL ] SELECT `project_voucher`.`id`,`project_voucher`.`project_images`,`project_voucher`.`project_desc`,`project_voucher`.`push_time`,`project_voucher`.`edit_status`,`project_voucher`.`del_status`,i.project_name `i.project_name`,i.build_dept `i.build_dept` FROM `s_project_voucher` `project_voucher` INNER JOIN `s_project` `i` ON `project_voucher`.`project_id`=`i`.`id` WHERE  `project_voucher`.`project_id` = '12'  AND `project_voucher`.`dept_type` = 1 ORDER BY `project_voucher`.`id` DESC LIMIT 0,10 [ RunTime:0.000371s ]
---------------------------------------------------------------
[ 2018-12-19T16:31:44+08:00 ] 61.140.27.30 GET 47.107.235.179/supervision/public/admin/quality/vouchermaster/index/ids/11?dialog=1
[运行时间：0.006091s] [吞吐率：164.18req/s] [内存消耗：666.26kb] [文件加载：78]
[ info ] [ BEHAVIOR ] Run Closure @app_init [ RunTime:0.000018s ]
[ info ] [ CACHE ] INIT File
[ info ] [ BEHAVIOR ] Run Closure @app_init [ RunTime:0.000190s ]
[ info ] [ LANG ] /var/www/html/supervision/thinkphp/lang/zh-cn.php
[ info ] [ ROUTE ] array (
  'type' => 'module',
  'module' => 
  array (
    0 => 'admin',
    1 => 'quality.vouchermaster',
    2 => 'index',
  ),
)
[ info ] [ HEADER ] array (
  'host' => '47.107.235.179',
  'connection' => 'keep-alive',
  'upgrade-insecure-requests' => '1',
  'user-agent' => 'Mozilla/5.0 (Windows NT 10.0; WOW64) AppleWebKit/537.36 (KHTML, like Gecko) Chrome/69.0.3497.100 Safari/537.36',
  'accept' => 'text/html,application/xhtml+xml,application/xml;q=0.9,image/webp,image/apng,*/*;q=0.8',
  'referer' => 'http://47.107.235.179/supervision/public/admin/quality/master/index?addtabs=1',
  'accept-encoding' => 'gzip, deflate',
  'accept-language' => 'zh-CN,zh;q=0.9,en;q=0.8,la;q=0.7,und;q=0.6',
  'cookie' => 'thinkphp_show_page_trace=0|0; PHPSESSID=aeu6d2rg1t6asn56mqoe1kp0u1',
)
[ info ] [ PARAM ] array (
  'dialog' => '1',
  'ids' => '11',
)
[ info ] [ LANG ] /var/www/html/supervision/public/../application/admin/lang/zh-cn.php
[ info ] [ BEHAVIOR ] Run app\common\behavior\Common @module_init [ RunTime:0.000103s ]
[ info ] [ SESSION ] INIT array (
  'id' => '',
  'var_session_id' => '',
  'prefix' => 'think',
  'type' => '',
  'auto_start' => true,
)
[ info ] [ DB ] INIT mysql
[ info ] [ RUN ] app\admin\controller\quality\Vouchermaster->index[ /var/www/html/supervision/application/admin/controller/quality/Vouchermaster.php ]
[ info ] [ VIEW ] /var/www/html/supervision/public/../application/admin/view/quality/vouchermaster/index.html [ array (
  0 => 'breadcrumb',
  1 => 'site',
  2 => 'config',
  3 => 'auth',
  4 => 'admin',
) ]
[ info ] [ BEHAVIOR ] Run app\admin\behavior\AdminLog @app_end [ RunTime:0.000022s ]
[ info ] [ LOG ] INIT File
[ sql ] [ DB ] CONNECT:[ UseTime:0.000500s ] mysql:host=127.0.0.1;dbname=supervision;charset=utf8
[ sql ] [ SQL ] SHOW COLUMNS FROM `s_auth_rule` [ RunTime:0.000669s ]
[ sql ] [ SQL ] SELECT `title`,`remark` FROM `s_auth_rule` WHERE  `name` = 'quality/vouchermaster' LIMIT 1 [ RunTime:0.000299s ]
[ sql ] [ SQL ] SHOW COLUMNS FROM `s_auth_group_access` [ RunTime:0.000565s ]
[ sql ] [ SQL ] SELECT `aga`.`uid`,`aga`.`group_id`,`ag`.`id`,`ag`.`pid`,`ag`.`name`,`ag`.`rules` FROM `s_auth_group_access` `aga` LEFT JOIN `s_auth_group` `ag` ON `aga`.`group_id`=`ag`.`id` WHERE  (  aga.uid='38' and ag.status='normal' ) [ RunTime:0.000355s ]
[ sql ] [ SQL ] SELECT `id`,`pid`,`condition`,`icon`,`name`,`title`,`ismenu` FROM `s_auth_rule` WHERE  `status` = 'normal'  AND `id` IN (67,76,79,84,73,78) [ RunTime:0.000332s ]
---------------------------------------------------------------
[ 2018-12-19T16:31:44+08:00 ] 61.140.27.30 GET 47.107.235.179/supervision/public/admin/ajax/lang?callback=define&controllername=quality.vouchermaster&v=1545208304
[运行时间：0.004775s] [吞吐率：209.42req/s] [内存消耗：463.09kb] [文件加载：70]
[ info ] [ BEHAVIOR ] Run Closure @app_init [ RunTime:0.000084s ]
[ info ] [ CACHE ] INIT File
[ info ] [ BEHAVIOR ] Run Closure @app_init [ RunTime:0.000200s ]
[ info ] [ LANG ] /var/www/html/supervision/thinkphp/lang/zh-cn.php
[ info ] [ ROUTE ] array (
  'type' => 'module',
  'module' => 
  array (
    0 => 'admin',
    1 => 'ajax',
    2 => 'lang',
  ),
)
[ info ] [ HEADER ] array (
  'host' => '47.107.235.179',
  'connection' => 'keep-alive',
  'user-agent' => 'Mozilla/5.0 (Windows NT 10.0; WOW64) AppleWebKit/537.36 (KHTML, like Gecko) Chrome/69.0.3497.100 Safari/537.36',
  'accept' => '*/*',
  'referer' => 'http://47.107.235.179/supervision/public/admin/quality/vouchermaster/index/ids/11?dialog=1',
  'accept-encoding' => 'gzip, deflate',
  'accept-language' => 'zh-CN,zh;q=0.9,en;q=0.8,la;q=0.7,und;q=0.6',
  'cookie' => 'PHPSESSID=aeu6d2rg1t6asn56mqoe1kp0u1',
)
[ info ] [ PARAM ] array (
  'callback' => 'define',
  'controllername' => 'quality.vouchermaster',
  'v' => '1545208304',
)
[ info ] [ LANG ] /var/www/html/supervision/public/../application/admin/lang/zh-cn.php
[ info ] [ BEHAVIOR ] Run app\common\behavior\Common @module_init [ RunTime:0.000162s ]
[ info ] [ SESSION ] INIT array (
  'id' => '',
  'var_session_id' => '',
  'prefix' => 'think',
  'type' => '',
  'auto_start' => true,
)
[ info ] [ LANG ] /var/www/html/supervision/public/../application/admin/lang/zh-cn/ajax.php
[ info ] [ RUN ] app\admin\controller\Ajax->lang[ /var/www/html/supervision/application/admin/controller/Ajax.php ]
[ info ] [ BEHAVIOR ] Run app\admin\behavior\AdminLog @app_end [ RunTime:0.000016s ]
[ info ] [ LOG ] INIT File
---------------------------------------------------------------
[ 2018-12-19T16:31:44+08:00 ] 61.140.27.30 GET 47.107.235.179/supervision/public/admin/quality/vouchermaster/list?sort=id&order=desc&offset=0&limit=10&filter=%7B%7D&op=%7B%7D&_=1545208302206
[运行时间：0.004369s] [吞吐率：228.88req/s] [内存消耗：636.93kb] [文件加载：76]
[ info ] [ BEHAVIOR ] Run Closure @app_init [ RunTime:0.000018s ]
[ info ] [ CACHE ] INIT File
[ info ] [ BEHAVIOR ] Run Closure @app_init [ RunTime:0.000176s ]
[ info ] [ LANG ] /var/www/html/supervision/thinkphp/lang/zh-cn.php
[ info ] [ ROUTE ] array (
  'type' => 'module',
  'module' => 
  array (
    0 => 'admin',
    1 => 'quality.vouchermaster',
    2 => 'list',
  ),
)
[ info ] [ HEADER ] array (
  'host' => '47.107.235.179',
  'connection' => 'keep-alive',
  'accept' => 'application/json, text/javascript, */*; q=0.01',
  'x-requested-with' => 'XMLHttpRequest',
  'user-agent' => 'Mozilla/5.0 (Windows NT 10.0; WOW64) AppleWebKit/537.36 (KHTML, like Gecko) Chrome/69.0.3497.100 Safari/537.36',
  'content-type' => 'application/json',
  'referer' => 'http://47.107.235.179/supervision/public/admin/quality/vouchermaster/index/ids/11?dialog=1',
  'accept-encoding' => 'gzip, deflate',
  'accept-language' => 'zh-CN,zh;q=0.9,en;q=0.8,la;q=0.7,und;q=0.6',
  'cookie' => 'PHPSESSID=aeu6d2rg1t6asn56mqoe1kp0u1',
)
[ info ] [ PARAM ] array (
  'sort' => 'id',
  'order' => 'desc',
  'offset' => '0',
  'limit' => '10',
  'filter' => '{}',
  'op' => '{}',
  '_' => '1545208302206',
)
[ info ] [ LANG ] /var/www/html/supervision/public/../application/admin/lang/zh-cn.php
[ info ] [ BEHAVIOR ] Run app\common\behavior\Common @module_init [ RunTime:0.000104s ]
[ info ] [ SESSION ] INIT array (
  'id' => '',
  'var_session_id' => '',
  'prefix' => 'think',
  'type' => '',
  'auto_start' => true,
)
[ info ] [ DB ] INIT mysql
[ info ] [ RUN ] app\admin\controller\quality\Vouchermaster->list[ /var/www/html/supervision/application/admin/controller/quality/Vouchermaster.php ]
[ info ] [ BEHAVIOR ] Run app\admin\behavior\AdminLog @app_end [ RunTime:0.000022s ]
[ info ] [ LOG ] INIT File
[ sql ] [ DB ] CONNECT:[ UseTime:0.000498s ] mysql:host=127.0.0.1;dbname=supervision;charset=utf8
[ sql ] [ SQL ] SHOW COLUMNS FROM `s_project_voucher` [ RunTime:0.000582s ]
[ sql ] [ SQL ] SELECT COUNT(*) AS tp_count FROM `s_project_voucher` `project_voucher` INNER JOIN `s_project` `i` ON `project_voucher`.`project_id`=`i`.`id` WHERE  `project_voucher`.`project_id` = '11'  AND `project_voucher`.`dept_type` = 1 ORDER BY `project_voucher`.`id` DESC LIMIT 1 [ RunTime:0.000357s ]
[ sql ] [ SQL ] SELECT `project_voucher`.`id`,`project_voucher`.`project_images`,`project_voucher`.`project_desc`,`project_voucher`.`push_time`,`project_voucher`.`edit_status`,`project_voucher`.`del_status`,i.project_name `i.project_name`,i.build_dept `i.build_dept` FROM `s_project_voucher` `project_voucher` INNER JOIN `s_project` `i` ON `project_voucher`.`project_id`=`i`.`id` WHERE  `project_voucher`.`project_id` = '11'  AND `project_voucher`.`dept_type` = 1 ORDER BY `project_voucher`.`id` DESC LIMIT 0,10 [ RunTime:0.000351s ]
---------------------------------------------------------------
[ 2018-12-19T17:13:15+08:00 ] 61.140.27.30 OPTIONS 47.107.235.179/supervision/public/api/user/login
[运行时间：0.001940s] [吞吐率：515.52req/s] [内存消耗：360.84kb] [文件加载：61]
[ info ] [ BEHAVIOR ] Run Closure @app_init [ RunTime:0.000019s ]
[ info ] [ CACHE ] INIT File
[ info ] [ BEHAVIOR ] Run Closure @app_init [ RunTime:0.000248s ]
[ info ] [ LANG ] /var/www/html/supervision/thinkphp/lang/zh-cn.php
[ info ] [ ROUTE ] array (
  'type' => 'module',
  'module' => 
  array (
    0 => 'api',
    1 => 'user',
    2 => 'login',
  ),
)
[ info ] [ HEADER ] array (
  'host' => '47.107.235.179',
  'connection' => 'keep-alive',
  'access-control-request-method' => 'POST',
  'origin' => 'http://security.dreamwintime.com',
  'user-agent' => 'Mozilla/5.0 (Linux; Android 8.0.0; MHA-AL00 Build/HUAWEIMHA-AL00; wv) AppleWebKit/537.36 (KHTML, like Gecko) Version/4.0 Chrome/67.0.3396.87 XWEB/470 MMWEBSDK/180803 Mobile Safari/537.36 MMWEBID/59 MicroMessenger/6.7.3.1360(0x2607033C) NetType/WIFI Language/zh_CN Process/tools',
  'access-control-request-headers' => 'token',
  'accept' => '*/*',
  'accept-encoding' => 'gzip, deflate',
  'accept-language' => 'zh-CN,en-US;q=0.9',
  'x-requested-with' => 'com.tencent.mm',
)
[ info ] [ PARAM ] array (
)
[ info ] [ LANG ] /var/www/html/supervision/public/../application/api/lang/zh-cn.php
[ info ] [ BEHAVIOR ] Run app\common\behavior\Common @module_init [ RunTime:0.000122s ]
[ info ] [ LANG ] /var/www/html/supervision/public/../application/api/lang/zh-cn/user.php
[ info ] [ RUN ] app\api\controller\User->login[ /var/www/html/supervision/application/api/controller/User.php ]
[ info ] [ LOG ] INIT File
---------------------------------------------------------------
[ 2018-12-19T17:13:15+08:00 ] 61.140.27.30 POST 47.107.235.179/supervision/public/api/user/login
[运行时间：0.005872s] [吞吐率：170.30req/s] [内存消耗：571.80kb] [文件加载：71]
[ info ] [ BEHAVIOR ] Run Closure @app_init [ RunTime:0.000016s ]
[ info ] [ CACHE ] INIT File
[ info ] [ BEHAVIOR ] Run Closure @app_init [ RunTime:0.000167s ]
[ info ] [ LANG ] /var/www/html/supervision/thinkphp/lang/zh-cn.php
[ info ] [ ROUTE ] array (
  'type' => 'module',
  'module' => 
  array (
    0 => 'api',
    1 => 'user',
    2 => 'login',
  ),
)
[ info ] [ HEADER ] array (
  'host' => '47.107.235.179',
  'connection' => 'keep-alive',
  'content-length' => '42',
  'accept' => 'application/json, text/plain, */*',
  'origin' => 'http://security.dreamwintime.com',
  'user-agent' => 'Mozilla/5.0 (Linux; Android 8.0.0; MHA-AL00 Build/HUAWEIMHA-AL00; wv) AppleWebKit/537.36 (KHTML, like Gecko) Version/4.0 Chrome/67.0.3396.87 XWEB/470 MMWEBSDK/180803 Mobile Safari/537.36 MMWEBID/59 MicroMessenger/6.7.3.1360(0x2607033C) NetType/WIFI Language/zh_CN Process/tools',
  'token' => '08dcd177-399f-4327-9cfe-6a1f9aface63',
  'content-type' => 'application/x-www-form-urlencoded',
  'referer' => 'http://security.dreamwintime.com/security/login',
  'accept-encoding' => 'gzip, deflate',
  'accept-language' => 'zh-CN,en-US;q=0.9',
  'x-requested-with' => 'com.tencent.mm',
)
[ info ] [ PARAM ] array (
  'account' => '1111131',
  'password' => '123456',
  'identity' => '0',
)
[ info ] [ LANG ] /var/www/html/supervision/public/../application/api/lang/zh-cn.php
[ info ] [ BEHAVIOR ] Run app\common\behavior\Common @module_init [ RunTime:0.000106s ]
[ info ] [ TOKEN ] INIT Mysql
[ info ] [ DB ] INIT mysql
[ info ] [ LANG ] /var/www/html/supervision/public/../application/api/lang/zh-cn/user.php
[ info ] [ RUN ] app\api\controller\User->login[ /var/www/html/supervision/application/api/controller/User.php ]
[ info ] [ LOG ] INIT File
[ sql ] [ DB ] CONNECT:[ UseTime:0.000477s ] mysql:host=127.0.0.1;dbname=supervision;charset=utf8
[ sql ] [ SQL ] SHOW COLUMNS FROM `s_user_token` [ RunTime:0.000634s ]
[ sql ] [ SQL ] SELECT * FROM `s_user_token` WHERE  `token` = 'f06881fcf6a9ed687df5808249f9473ec0a6d476' LIMIT 1 [ RunTime:0.000323s ]
[ sql ] [ SQL ] SHOW COLUMNS FROM `s_user` [ RunTime:0.000587s ]
[ sql ] [ SQL ] SELECT * FROM `s_user` WHERE  `id` = 12 LIMIT 1 [ RunTime:0.000342s ]
[ sql ] [ SQL ] SELECT * FROM `s_user` WHERE  `username` = '1111131'  AND `identity` = '0' LIMIT 1 [ RunTime:0.000384s ]
---------------------------------------------------------------
[ 2018-12-19T17:13:20+08:00 ] 61.140.27.30 POST 47.107.235.179/supervision/public/api/user/login
[运行时间：0.010417s] [吞吐率：96.00req/s] [内存消耗：555.82kb] [文件加载：73]
[ info ] [ BEHAVIOR ] Run Closure @app_init [ RunTime:0.000018s ]
[ info ] [ CACHE ] INIT File
[ info ] [ BEHAVIOR ] Run Closure @app_init [ RunTime:0.000205s ]
[ info ] [ LANG ] /var/www/html/supervision/thinkphp/lang/zh-cn.php
[ info ] [ ROUTE ] array (
  'type' => 'module',
  'module' => 
  array (
    0 => 'api',
    1 => 'user',
    2 => 'login',
  ),
)
[ info ] [ HEADER ] array (
  'host' => '47.107.235.179',
  'connection' => 'keep-alive',
  'content-length' => '42',
  'accept' => 'application/json, text/plain, */*',
  'origin' => 'http://security.dreamwintime.com',
  'user-agent' => 'Mozilla/5.0 (Linux; Android 8.0.0; MHA-AL00 Build/HUAWEIMHA-AL00; wv) AppleWebKit/537.36 (KHTML, like Gecko) Version/4.0 Chrome/67.0.3396.87 XWEB/470 MMWEBSDK/180803 Mobile Safari/537.36 MMWEBID/59 MicroMessenger/6.7.3.1360(0x2607033C) NetType/WIFI Language/zh_CN Process/tools',
  'token' => '08dcd177-399f-4327-9cfe-6a1f9aface63',
  'content-type' => 'application/x-www-form-urlencoded',
  'referer' => 'http://security.dreamwintime.com/security/login',
  'accept-encoding' => 'gzip, deflate',
  'accept-language' => 'zh-CN,en-US;q=0.9',
  'x-requested-with' => 'com.tencent.mm',
)
[ info ] [ PARAM ] array (
  'account' => '1111131',
  'password' => '123456',
  'identity' => '1',
)
[ info ] [ LANG ] /var/www/html/supervision/public/../application/api/lang/zh-cn.php
[ info ] [ BEHAVIOR ] Run app\common\behavior\Common @module_init [ RunTime:0.000108s ]
[ info ] [ TOKEN ] INIT Mysql
[ info ] [ DB ] INIT mysql
[ info ] [ LANG ] /var/www/html/supervision/public/../application/api/lang/zh-cn/user.php
[ info ] [ RUN ] app\api\controller\User->login[ /var/www/html/supervision/application/api/controller/User.php ]
[ info ] [ LOG ] INIT File
[ sql ] [ DB ] CONNECT:[ UseTime:0.000499s ] mysql:host=127.0.0.1;dbname=supervision;charset=utf8
[ sql ] [ SQL ] SHOW COLUMNS FROM `s_user_token` [ RunTime:0.000599s ]
[ sql ] [ SQL ] SELECT * FROM `s_user_token` WHERE  `token` = 'f06881fcf6a9ed687df5808249f9473ec0a6d476' LIMIT 1 [ RunTime:0.000317s ]
[ sql ] [ SQL ] SHOW COLUMNS FROM `s_user` [ RunTime:0.000612s ]
[ sql ] [ SQL ] SELECT * FROM `s_user` WHERE  `id` = 12 LIMIT 1 [ RunTime:0.000334s ]
[ sql ] [ SQL ] SELECT * FROM `s_user` WHERE  `username` = '1111131'  AND `identity` = '1' LIMIT 1 [ RunTime:0.000384s ]
[ sql ] [ SQL ] SELECT * FROM `s_user` WHERE  `id` = 8 LIMIT 1 [ RunTime:0.000285s ]
[ sql ] [ SQL ] UPDATE `s_user`  SET `logintime`=1545210800,`loginip`='61.140.27.30',`updatetime`=1545210800  WHERE  `id` = 8 [ RunTime:0.001956s ]
[ sql ] [ SQL ] INSERT INTO `s_user_token` (`token` , `user_id` , `createtime` , `expiretime`) VALUES ('8e314840e8dd5f695775796585f4e3bba5addba6' , 8 , 1545210800 , 1547802800) [ RunTime:0.001541s ]
[ sql ] [ SQL ] SELECT * FROM `s_user_token` WHERE  `token` = '8e314840e8dd5f695775796585f4e3bba5addba6' LIMIT 1 [ RunTime:0.000264s ]
---------------------------------------------------------------
[ 2018-12-19T17:13:23+08:00 ] 61.140.27.30 OPTIONS 47.107.235.179/supervision/public/api/project/?page=1&num=10
[运行时间：0.003548s] [吞吐率：281.86req/s] [内存消耗：497.12kb] [文件加载：67]
[ info ] [ BEHAVIOR ] Run Closure @app_init [ RunTime:0.000018s ]
[ info ] [ CACHE ] INIT File
[ info ] [ BEHAVIOR ] Run Closure @app_init [ RunTime:0.000200s ]
[ info ] [ LANG ] /var/www/html/supervision/thinkphp/lang/zh-cn.php
[ info ] [ ROUTE ] array (
  'type' => 'module',
  'module' => 
  array (
    0 => 'api',
    1 => 'project',
    2 => NULL,
  ),
)
[ info ] [ HEADER ] array (
  'host' => '47.107.235.179',
  'connection' => 'keep-alive',
  'access-control-request-method' => 'GET',
  'origin' => 'http://security.dreamwintime.com',
  'user-agent' => 'Mozilla/5.0 (Linux; Android 8.0.0; MHA-AL00 Build/HUAWEIMHA-AL00; wv) AppleWebKit/537.36 (KHTML, like Gecko) Version/4.0 Chrome/67.0.3396.87 XWEB/470 MMWEBSDK/180803 Mobile Safari/537.36 MMWEBID/59 MicroMessenger/6.7.3.1360(0x2607033C) NetType/WIFI Language/zh_CN Process/tools',
  'access-control-request-headers' => 'token',
  'accept' => '*/*',
  'accept-encoding' => 'gzip, deflate',
  'accept-language' => 'zh-CN,en-US;q=0.9',
  'x-requested-with' => 'com.tencent.mm',
)
[ info ] [ PARAM ] array (
  'page' => '1',
  'num' => '10',
)
[ info ] [ LANG ] /var/www/html/supervision/public/../application/api/lang/zh-cn.php
[ info ] [ BEHAVIOR ] Run app\common\behavior\Common @module_init [ RunTime:0.000108s ]
[ info ] [ TOKEN ] INIT Mysql
[ info ] [ DB ] INIT mysql
[ info ] [ LOG ] INIT File
[ sql ] [ DB ] CONNECT:[ UseTime:0.000545s ] mysql:host=127.0.0.1;dbname=supervision;charset=utf8
[ sql ] [ SQL ] SHOW COLUMNS FROM `s_user_token` [ RunTime:0.000589s ]
[ sql ] [ SQL ] SELECT * FROM `s_user_token` WHERE  `token` = 'd8aa945b8448d8a41ab99c04b04f9e522294b47c' LIMIT 1 [ RunTime:0.000303s ]
---------------------------------------------------------------
[ 2018-12-19T17:13:23+08:00 ] 61.140.27.30 GET 47.107.235.179/supervision/public/api/project/?page=1&num=10
[运行时间：0.005756s] [吞吐率：173.73req/s] [内存消耗：559.10kb] [文件加载：70]
[ info ] [ BEHAVIOR ] Run Closure @app_init [ RunTime:0.000016s ]
[ info ] [ CACHE ] INIT File
[ info ] [ BEHAVIOR ] Run Closure @app_init [ RunTime:0.000167s ]
[ info ] [ LANG ] /var/www/html/supervision/thinkphp/lang/zh-cn.php
[ info ] [ ROUTE ] array (
  'type' => 'module',
  'module' => 
  array (
    0 => 'api',
    1 => 'project',
    2 => NULL,
  ),
)
[ info ] [ HEADER ] array (
  'host' => '47.107.235.179',
  'connection' => 'keep-alive',
  'accept' => 'application/json, text/plain, */*',
  'origin' => 'http://security.dreamwintime.com',
  'user-agent' => 'Mozilla/5.0 (Linux; Android 8.0.0; MHA-AL00 Build/HUAWEIMHA-AL00; wv) AppleWebKit/537.36 (KHTML, like Gecko) Version/4.0 Chrome/67.0.3396.87 XWEB/470 MMWEBSDK/180803 Mobile Safari/537.36 MMWEBID/59 MicroMessenger/6.7.3.1360(0x2607033C) NetType/WIFI Language/zh_CN Process/tools',
  'token' => 'a08ce957-56fa-40b6-9ff8-654104e4f04f',
  'referer' => 'http://security.dreamwintime.com/security/project',
  'accept-encoding' => 'gzip, deflate',
  'accept-language' => 'zh-CN,en-US;q=0.9',
  'x-requested-with' => 'com.tencent.mm',
)
[ info ] [ PARAM ] array (
  'page' => '1',
  'num' => '10',
)
[ info ] [ LANG ] /var/www/html/supervision/public/../application/api/lang/zh-cn.php
[ info ] [ BEHAVIOR ] Run app\common\behavior\Common @module_init [ RunTime:0.000149s ]
[ info ] [ TOKEN ] INIT Mysql
[ info ] [ DB ] INIT mysql
[ info ] [ RUN ] app\api\controller\Project->index[ /var/www/html/supervision/application/api/controller/Project.php ]
[ info ] [ LOG ] INIT File
[ sql ] [ DB ] CONNECT:[ UseTime:0.000451s ] mysql:host=127.0.0.1;dbname=supervision;charset=utf8
[ sql ] [ SQL ] SHOW COLUMNS FROM `s_user_token` [ RunTime:0.000540s ]
[ sql ] [ SQL ] SELECT * FROM `s_user_token` WHERE  `token` = '8e314840e8dd5f695775796585f4e3bba5addba6' LIMIT 1 [ RunTime:0.000262s ]
[ sql ] [ SQL ] SHOW COLUMNS FROM `s_user` [ RunTime:0.000626s ]
[ sql ] [ SQL ] SELECT * FROM `s_user` WHERE  `id` = 8 LIMIT 1 [ RunTime:0.000349s ]
[ sql ] [ SQL ] SHOW COLUMNS FROM `s_project` [ RunTime:0.000589s ]
[ sql ] [ SQL ] SELECT `p`.`id`,`p`.`build_dept`,`p`.`project_name`,`p`.`address`,`p`.`push_time`,`p`.`begin_time`,`p`.`finish_time`,`p`.`check_time`,`l`.`supervision_person`,`i`.`status` FROM s_project p INNER JOIN `s_safety_info` `i` ON `p`.`safety_info`=`i`.`id` INNER JOIN `s_licence` `l` ON `p`.`licence_id`=`l`.`id` LIMIT 0,10 [ RunTime:0.000416s ]
---------------------------------------------------------------
[ 2018-12-19T17:13:24+08:00 ] 61.140.27.30 GET 47.107.235.179/supervision/public/api/project/?page=1&num=10
[运行时间：0.005993s] [吞吐率：166.86req/s] [内存消耗：559.10kb] [文件加载：70]
[ info ] [ BEHAVIOR ] Run Closure @app_init [ RunTime:0.000017s ]
[ info ] [ CACHE ] INIT File
[ info ] [ BEHAVIOR ] Run Closure @app_init [ RunTime:0.000177s ]
[ info ] [ LANG ] /var/www/html/supervision/thinkphp/lang/zh-cn.php
[ info ] [ ROUTE ] array (
  'type' => 'module',
  'module' => 
  array (
    0 => 'api',
    1 => 'project',
    2 => NULL,
  ),
)
[ info ] [ HEADER ] array (
  'host' => '47.107.235.179',
  'connection' => 'keep-alive',
  'accept' => 'application/json, text/plain, */*',
  'origin' => 'http://security.dreamwintime.com',
  'user-agent' => 'Mozilla/5.0 (Linux; Android 8.0.0; MHA-AL00 Build/HUAWEIMHA-AL00; wv) AppleWebKit/537.36 (KHTML, like Gecko) Version/4.0 Chrome/67.0.3396.87 XWEB/470 MMWEBSDK/180803 Mobile Safari/537.36 MMWEBID/59 MicroMessenger/6.7.3.1360(0x2607033C) NetType/WIFI Language/zh_CN Process/tools',
  'token' => 'a08ce957-56fa-40b6-9ff8-654104e4f04f',
  'referer' => 'http://security.dreamwintime.com/security/project',
  'accept-encoding' => 'gzip, deflate',
  'accept-language' => 'zh-CN,en-US;q=0.9',
  'x-requested-with' => 'com.tencent.mm',
)
[ info ] [ PARAM ] array (
  'page' => '1',
  'num' => '10',
)
[ info ] [ LANG ] /var/www/html/supervision/public/../application/api/lang/zh-cn.php
[ info ] [ BEHAVIOR ] Run app\common\behavior\Common @module_init [ RunTime:0.000105s ]
[ info ] [ TOKEN ] INIT Mysql
[ info ] [ DB ] INIT mysql
[ info ] [ RUN ] app\api\controller\Project->index[ /var/www/html/supervision/application/api/controller/Project.php ]
[ info ] [ LOG ] INIT File
[ sql ] [ DB ] CONNECT:[ UseTime:0.000510s ] mysql:host=127.0.0.1;dbname=supervision;charset=utf8
[ sql ] [ SQL ] SHOW COLUMNS FROM `s_user_token` [ RunTime:0.000593s ]
[ sql ] [ SQL ] SELECT * FROM `s_user_token` WHERE  `token` = '8e314840e8dd5f695775796585f4e3bba5addba6' LIMIT 1 [ RunTime:0.000342s ]
[ sql ] [ SQL ] SHOW COLUMNS FROM `s_user` [ RunTime:0.000630s ]
[ sql ] [ SQL ] SELECT * FROM `s_user` WHERE  `id` = 8 LIMIT 1 [ RunTime:0.000341s ]
[ sql ] [ SQL ] SHOW COLUMNS FROM `s_project` [ RunTime:0.000546s ]
[ sql ] [ SQL ] SELECT `p`.`id`,`p`.`build_dept`,`p`.`project_name`,`p`.`address`,`p`.`push_time`,`p`.`begin_time`,`p`.`finish_time`,`p`.`check_time`,`l`.`supervision_person`,`i`.`status` FROM s_project p INNER JOIN `s_safety_info` `i` ON `p`.`safety_info`=`i`.`id` INNER JOIN `s_licence` `l` ON `p`.`licence_id`=`l`.`id` LIMIT 0,10 [ RunTime:0.000409s ]
---------------------------------------------------------------
[ 2018-12-19T17:13:24+08:00 ] 61.140.27.30 OPTIONS 47.107.235.179/supervision/public/api/quality/detail?id=15
[运行时间：0.003309s] [吞吐率：302.21req/s] [内存消耗：497.74kb] [文件加载：67]
[ info ] [ BEHAVIOR ] Run Closure @app_init [ RunTime:0.000018s ]
[ info ] [ CACHE ] INIT File
[ info ] [ BEHAVIOR ] Run Closure @app_init [ RunTime:0.000178s ]
[ info ] [ LANG ] /var/www/html/supervision/thinkphp/lang/zh-cn.php
[ info ] [ ROUTE ] array (
  'type' => 'module',
  'module' => 
  array (
    0 => 'api',
    1 => 'quality',
    2 => 'detail',
  ),
)
[ info ] [ HEADER ] array (
  'host' => '47.107.235.179',
  'connection' => 'keep-alive',
  'access-control-request-method' => 'GET',
  'origin' => 'http://security.dreamwintime.com',
  'user-agent' => 'Mozilla/5.0 (Linux; Android 8.0.0; MHA-AL00 Build/HUAWEIMHA-AL00; wv) AppleWebKit/537.36 (KHTML, like Gecko) Version/4.0 Chrome/67.0.3396.87 XWEB/470 MMWEBSDK/180803 Mobile Safari/537.36 MMWEBID/59 MicroMessenger/6.7.3.1360(0x2607033C) NetType/WIFI Language/zh_CN Process/tools',
  'access-control-request-headers' => 'token',
  'accept' => '*/*',
  'accept-encoding' => 'gzip, deflate',
  'accept-language' => 'zh-CN,en-US;q=0.9',
  'x-requested-with' => 'com.tencent.mm',
)
[ info ] [ PARAM ] array (
  'id' => '15',
)
[ info ] [ LANG ] /var/www/html/supervision/public/../application/api/lang/zh-cn.php
[ info ] [ BEHAVIOR ] Run app\common\behavior\Common @module_init [ RunTime:0.000101s ]
[ info ] [ TOKEN ] INIT Mysql
[ info ] [ DB ] INIT mysql
[ info ] [ LOG ] INIT File
[ sql ] [ DB ] CONNECT:[ UseTime:0.000485s ] mysql:host=127.0.0.1;dbname=supervision;charset=utf8
[ sql ] [ SQL ] SHOW COLUMNS FROM `s_user_token` [ RunTime:0.000578s ]
[ sql ] [ SQL ] SELECT * FROM `s_user_token` WHERE  `token` = 'd8aa945b8448d8a41ab99c04b04f9e522294b47c' LIMIT 1 [ RunTime:0.000309s ]
---------------------------------------------------------------
[ 2018-12-19T17:13:24+08:00 ] 61.140.27.30 GET 47.107.235.179/supervision/public/api/quality/detail?id=15
[运行时间：0.005526s] [吞吐率：180.96req/s] [内存消耗：564.04kb] [文件加载：70]
[ info ] [ BEHAVIOR ] Run Closure @app_init [ RunTime:0.000014s ]
[ info ] [ CACHE ] INIT File
[ info ] [ BEHAVIOR ] Run Closure @app_init [ RunTime:0.000150s ]
[ info ] [ LANG ] /var/www/html/supervision/thinkphp/lang/zh-cn.php
[ info ] [ ROUTE ] array (
  'type' => 'module',
  'module' => 
  array (
    0 => 'api',
    1 => 'quality',
    2 => 'detail',
  ),
)
[ info ] [ HEADER ] array (
  'host' => '47.107.235.179',
  'connection' => 'keep-alive',
  'accept' => 'application/json, text/plain, */*',
  'origin' => 'http://security.dreamwintime.com',
  'user-agent' => 'Mozilla/5.0 (Linux; Android 8.0.0; MHA-AL00 Build/HUAWEIMHA-AL00; wv) AppleWebKit/537.36 (KHTML, like Gecko) Version/4.0 Chrome/67.0.3396.87 XWEB/470 MMWEBSDK/180803 Mobile Safari/537.36 MMWEBID/59 MicroMessenger/6.7.3.1360(0x2607033C) NetType/WIFI Language/zh_CN Process/tools',
  'token' => 'a08ce957-56fa-40b6-9ff8-654104e4f04f',
  'referer' => 'http://security.dreamwintime.com/security/project/detail?projectId=15',
  'accept-encoding' => 'gzip, deflate',
  'accept-language' => 'zh-CN,en-US;q=0.9',
  'x-requested-with' => 'com.tencent.mm',
)
[ info ] [ PARAM ] array (
  'id' => '15',
)
[ info ] [ LANG ] /var/www/html/supervision/public/../application/api/lang/zh-cn.php
[ info ] [ BEHAVIOR ] Run app\common\behavior\Common @module_init [ RunTime:0.000094s ]
[ info ] [ TOKEN ] INIT Mysql
[ info ] [ DB ] INIT mysql
[ info ] [ RUN ] app\api\controller\Quality->detail[ /var/www/html/supervision/application/api/controller/Quality.php ]
[ info ] [ LOG ] INIT File
[ sql ] [ DB ] CONNECT:[ UseTime:0.000386s ] mysql:host=127.0.0.1;dbname=supervision;charset=utf8
[ sql ] [ SQL ] SHOW COLUMNS FROM `s_user_token` [ RunTime:0.000522s ]
[ sql ] [ SQL ] SELECT * FROM `s_user_token` WHERE  `token` = '8e314840e8dd5f695775796585f4e3bba5addba6' LIMIT 1 [ RunTime:0.000295s ]
[ sql ] [ SQL ] SHOW COLUMNS FROM `s_user` [ RunTime:0.000701s ]
[ sql ] [ SQL ] SELECT * FROM `s_user` WHERE  `id` = 8 LIMIT 1 [ RunTime:0.000340s ]
[ sql ] [ SQL ] SHOW COLUMNS FROM `s_project` [ RunTime:0.000532s ]
[ sql ] [ SQL ] SELECT `p`.`id`,`p`.`build_dept`,`p`.`project_name`,`p`.`address`,`l`.`area`,`l`.`cost`,`i`.`floor`,`p`.`push_time`,`p`.`supervise_time`,p.begin_time bTime,`l`.`begin_time`,`l`.`end_time`,`p`.`finish_time`,`p`.`check_time`,`l`.`construction_person`,`l`.`supervision_person`,`i`.`status` FROM s_project p INNER JOIN `s_quality_info` `i` ON `p`.`quality_info`=`i`.`id` INNER JOIN `s_licence` `l` ON `p`.`licence_id`=`l`.`id` WHERE  `p`.`id` = '15' LIMIT 1 [ RunTime:0.000365s ]
---------------------------------------------------------------
[ 2018-12-19T17:13:26+08:00 ] 61.140.27.30 OPTIONS 47.107.235.179/supervision/public/api/quality/imageList?page=1&num=10&id=15
[运行时间：0.003536s] [吞吐率：282.81req/s] [内存消耗：497.86kb] [文件加载：67]
[ info ] [ BEHAVIOR ] Run Closure @app_init [ RunTime:0.000017s ]
[ info ] [ CACHE ] INIT File
[ info ] [ BEHAVIOR ] Run Closure @app_init [ RunTime:0.000224s ]
[ info ] [ LANG ] /var/www/html/supervision/thinkphp/lang/zh-cn.php
[ info ] [ ROUTE ] array (
  'type' => 'module',
  'module' => 
  array (
    0 => 'api',
    1 => 'quality',
    2 => 'imageList',
  ),
)
[ info ] [ HEADER ] array (
  'host' => '47.107.235.179',
  'connection' => 'keep-alive',
  'access-control-request-method' => 'GET',
  'origin' => 'http://security.dreamwintime.com',
  'user-agent' => 'Mozilla/5.0 (Linux; Android 8.0.0; MHA-AL00 Build/HUAWEIMHA-AL00; wv) AppleWebKit/537.36 (KHTML, like Gecko) Version/4.0 Chrome/67.0.3396.87 XWEB/470 MMWEBSDK/180803 Mobile Safari/537.36 MMWEBID/59 MicroMessenger/6.7.3.1360(0x2607033C) NetType/WIFI Language/zh_CN Process/tools',
  'access-control-request-headers' => 'token',
  'accept' => '*/*',
  'accept-encoding' => 'gzip, deflate',
  'accept-language' => 'zh-CN,en-US;q=0.9',
  'x-requested-with' => 'com.tencent.mm',
)
[ info ] [ PARAM ] array (
  'page' => '1',
  'num' => '10',
  'id' => '15',
)
[ info ] [ LANG ] /var/www/html/supervision/public/../application/api/lang/zh-cn.php
[ info ] [ BEHAVIOR ] Run app\common\behavior\Common @module_init [ RunTime:0.000108s ]
[ info ] [ TOKEN ] INIT Mysql
[ info ] [ DB ] INIT mysql
[ info ] [ LOG ] INIT File
[ sql ] [ DB ] CONNECT:[ UseTime:0.000521s ] mysql:host=127.0.0.1;dbname=supervision;charset=utf8
[ sql ] [ SQL ] SHOW COLUMNS FROM `s_user_token` [ RunTime:0.000589s ]
[ sql ] [ SQL ] SELECT * FROM `s_user_token` WHERE  `token` = 'd8aa945b8448d8a41ab99c04b04f9e522294b47c' LIMIT 1 [ RunTime:0.000321s ]
---------------------------------------------------------------
[ 2018-12-19T17:13:26+08:00 ] 61.140.27.30 GET 47.107.235.179/supervision/public/api/quality/imageList?page=1&num=10&id=15
[运行时间：0.007014s] [吞吐率：142.57req/s] [内存消耗：631.15kb] [文件加载：74]
[ info ] [ BEHAVIOR ] Run Closure @app_init [ RunTime:0.000015s ]
[ info ] [ CACHE ] INIT File
[ info ] [ BEHAVIOR ] Run Closure @app_init [ RunTime:0.000170s ]
[ info ] [ LANG ] /var/www/html/supervision/thinkphp/lang/zh-cn.php
[ info ] [ ROUTE ] array (
  'type' => 'module',
  'module' => 
  array (
    0 => 'api',
    1 => 'quality',
    2 => 'imageList',
  ),
)
[ info ] [ HEADER ] array (
  'host' => '47.107.235.179',
  'connection' => 'keep-alive',
  'accept' => 'application/json, text/plain, */*',
  'origin' => 'http://security.dreamwintime.com',
  'user-agent' => 'Mozilla/5.0 (Linux; Android 8.0.0; MHA-AL00 Build/HUAWEIMHA-AL00; wv) AppleWebKit/537.36 (KHTML, like Gecko) Version/4.0 Chrome/67.0.3396.87 XWEB/470 MMWEBSDK/180803 Mobile Safari/537.36 MMWEBID/59 MicroMessenger/6.7.3.1360(0x2607033C) NetType/WIFI Language/zh_CN Process/tools',
  'token' => 'a08ce957-56fa-40b6-9ff8-654104e4f04f',
  'referer' => 'http://security.dreamwintime.com/security/project/imglist?projectId=15',
  'accept-encoding' => 'gzip, deflate',
  'accept-language' => 'zh-CN,en-US;q=0.9',
  'x-requested-with' => 'com.tencent.mm',
)
[ info ] [ PARAM ] array (
  'page' => '1',
  'num' => '10',
  'id' => '15',
)
[ info ] [ LANG ] /var/www/html/supervision/public/../application/api/lang/zh-cn.php
[ info ] [ BEHAVIOR ] Run app\common\behavior\Common @module_init [ RunTime:0.000114s ]
[ info ] [ TOKEN ] INIT Mysql
[ info ] [ DB ] INIT mysql
[ info ] [ RUN ] app\api\controller\Quality->imageList[ /var/www/html/supervision/application/api/controller/Quality.php ]
[ info ] [ LOG ] INIT File
[ sql ] [ DB ] CONNECT:[ UseTime:0.000451s ] mysql:host=127.0.0.1;dbname=supervision;charset=utf8
[ sql ] [ SQL ] SHOW COLUMNS FROM `s_user_token` [ RunTime:0.000606s ]
[ sql ] [ SQL ] SELECT * FROM `s_user_token` WHERE  `token` = '8e314840e8dd5f695775796585f4e3bba5addba6' LIMIT 1 [ RunTime:0.000327s ]
[ sql ] [ SQL ] SHOW COLUMNS FROM `s_user` [ RunTime:0.000610s ]
[ sql ] [ SQL ] SELECT * FROM `s_user` WHERE  `id` = 8 LIMIT 1 [ RunTime:0.000342s ]
[ sql ] [ SQL ] SHOW COLUMNS FROM `s_project_voucher` [ RunTime:0.000464s ]
[ sql ] [ SQL ] SELECT COUNT(*) AS tp_count FROM `s_project_voucher` WHERE  `project_id` = 15  AND `dept_type` = 2 LIMIT 1 [ RunTime:0.000266s ]
[ sql ] [ SQL ] SELECT * FROM `s_project_voucher` WHERE  `project_id` = 15  AND `dept_type` = 2 ORDER BY `push_time` DESC LIMIT 0,10 [ RunTime:0.000283s ]
[ sql ] [ SQL ] SHOW COLUMNS FROM `s_project` [ RunTime:0.000525s ]
[ sql ] [ SQL ] SELECT `finish_time` FROM `s_project` WHERE  `id` = 15 LIMIT 1 [ RunTime:0.000222s ]
---------------------------------------------------------------
[ 2018-12-19T17:13:28+08:00 ] 61.140.27.30 GET 47.107.235.179/supervision/public/api/quality/detail?id=15
[运行时间：0.006868s] [吞吐率：145.60req/s] [内存消耗：564.04kb] [文件加载：70]
[ info ] [ BEHAVIOR ] Run Closure @app_init [ RunTime:0.000018s ]
[ info ] [ CACHE ] INIT File
[ info ] [ BEHAVIOR ] Run Closure @app_init [ RunTime:0.001158s ]
[ info ] [ LANG ] /var/www/html/supervision/thinkphp/lang/zh-cn.php
[ info ] [ ROUTE ] array (
  'type' => 'module',
  'module' => 
  array (
    0 => 'api',
    1 => 'quality',
    2 => 'detail',
  ),
)
[ info ] [ HEADER ] array (
  'host' => '47.107.235.179',
  'connection' => 'keep-alive',
  'accept' => 'application/json, text/plain, */*',
  'origin' => 'http://security.dreamwintime.com',
  'user-agent' => 'Mozilla/5.0 (Linux; Android 8.0.0; MHA-AL00 Build/HUAWEIMHA-AL00; wv) AppleWebKit/537.36 (KHTML, like Gecko) Version/4.0 Chrome/67.0.3396.87 XWEB/470 MMWEBSDK/180803 Mobile Safari/537.36 MMWEBID/59 MicroMessenger/6.7.3.1360(0x2607033C) NetType/WIFI Language/zh_CN Process/tools',
  'token' => 'a08ce957-56fa-40b6-9ff8-654104e4f04f',
  'referer' => 'http://security.dreamwintime.com/security/project/detail?projectId=15',
  'accept-encoding' => 'gzip, deflate',
  'accept-language' => 'zh-CN,en-US;q=0.9',
  'x-requested-with' => 'com.tencent.mm',
)
[ info ] [ PARAM ] array (
  'id' => '15',
)
[ info ] [ LANG ] /var/www/html/supervision/public/../application/api/lang/zh-cn.php
[ info ] [ BEHAVIOR ] Run app\common\behavior\Common @module_init [ RunTime:0.000105s ]
[ info ] [ TOKEN ] INIT Mysql
[ info ] [ DB ] INIT mysql
[ info ] [ RUN ] app\api\controller\Quality->detail[ /var/www/html/supervision/application/api/controller/Quality.php ]
[ info ] [ LOG ] INIT File
[ sql ] [ DB ] CONNECT:[ UseTime:0.000474s ] mysql:host=127.0.0.1;dbname=supervision;charset=utf8
[ sql ] [ SQL ] SHOW COLUMNS FROM `s_user_token` [ RunTime:0.000593s ]
[ sql ] [ SQL ] SELECT * FROM `s_user_token` WHERE  `token` = '8e314840e8dd5f695775796585f4e3bba5addba6' LIMIT 1 [ RunTime:0.000331s ]
[ sql ] [ SQL ] SHOW COLUMNS FROM `s_user` [ RunTime:0.000604s ]
[ sql ] [ SQL ] SELECT * FROM `s_user` WHERE  `id` = 8 LIMIT 1 [ RunTime:0.000344s ]
[ sql ] [ SQL ] SHOW COLUMNS FROM `s_project` [ RunTime:0.000544s ]
[ sql ] [ SQL ] SELECT `p`.`id`,`p`.`build_dept`,`p`.`project_name`,`p`.`address`,`l`.`area`,`l`.`cost`,`i`.`floor`,`p`.`push_time`,`p`.`supervise_time`,p.begin_time bTime,`l`.`begin_time`,`l`.`end_time`,`p`.`finish_time`,`p`.`check_time`,`l`.`construction_person`,`l`.`supervision_person`,`i`.`status` FROM s_project p INNER JOIN `s_quality_info` `i` ON `p`.`quality_info`=`i`.`id` INNER JOIN `s_licence` `l` ON `p`.`licence_id`=`l`.`id` WHERE  `p`.`id` = '15' LIMIT 1 [ RunTime:0.000370s ]
---------------------------------------------------------------
[ 2018-12-19T17:13:28+08:00 ] 61.140.27.30 OPTIONS 47.107.235.179/supervision/public/api/project/?page=1&num=10
[运行时间：0.003203s] [吞吐率：312.22req/s] [内存消耗：497.12kb] [文件加载：67]
[ info ] [ BEHAVIOR ] Run Closure @app_init [ RunTime:0.000019s ]
[ info ] [ CACHE ] INIT File
[ info ] [ BEHAVIOR ] Run Closure @app_init [ RunTime:0.000173s ]
[ info ] [ LANG ] /var/www/html/supervision/thinkphp/lang/zh-cn.php
[ info ] [ ROUTE ] array (
  'type' => 'module',
  'module' => 
  array (
    0 => 'api',
    1 => 'project',
    2 => NULL,
  ),
)
[ info ] [ HEADER ] array (
  'host' => '47.107.235.179',
  'connection' => 'keep-alive',
  'access-control-request-method' => 'GET',
  'origin' => 'http://security.dreamwintime.com',
  'user-agent' => 'Mozilla/5.0 (Linux; Android 8.0.0; MHA-AL00 Build/HUAWEIMHA-AL00; wv) AppleWebKit/537.36 (KHTML, like Gecko) Version/4.0 Chrome/67.0.3396.87 XWEB/470 MMWEBSDK/180803 Mobile Safari/537.36 MMWEBID/59 MicroMessenger/6.7.3.1360(0x2607033C) NetType/WIFI Language/zh_CN Process/tools',
  'access-control-request-headers' => 'token',
  'accept' => '*/*',
  'accept-encoding' => 'gzip, deflate',
  'accept-language' => 'zh-CN,en-US;q=0.9',
  'x-requested-with' => 'com.tencent.mm',
)
[ info ] [ PARAM ] array (
  'page' => '1',
  'num' => '10',
)
[ info ] [ LANG ] /var/www/html/supervision/public/../application/api/lang/zh-cn.php
[ info ] [ BEHAVIOR ] Run app\common\behavior\Common @module_init [ RunTime:0.000102s ]
[ info ] [ TOKEN ] INIT Mysql
[ info ] [ DB ] INIT mysql
[ info ] [ LOG ] INIT File
[ sql ] [ DB ] CONNECT:[ UseTime:0.000471s ] mysql:host=127.0.0.1;dbname=supervision;charset=utf8
[ sql ] [ SQL ] SHOW COLUMNS FROM `s_user_token` [ RunTime:0.000586s ]
[ sql ] [ SQL ] SELECT * FROM `s_user_token` WHERE  `token` = 'd8aa945b8448d8a41ab99c04b04f9e522294b47c' LIMIT 1 [ RunTime:0.000282s ]
---------------------------------------------------------------
[ 2018-12-19T17:13:28+08:00 ] 61.140.27.30 GET 47.107.235.179/supervision/public/api/project/?page=1&num=10
[运行时间：0.005874s] [吞吐率：170.24req/s] [内存消耗：559.10kb] [文件加载：70]
[ info ] [ BEHAVIOR ] Run Closure @app_init [ RunTime:0.000017s ]
[ info ] [ CACHE ] INIT File
[ info ] [ BEHAVIOR ] Run Closure @app_init [ RunTime:0.000171s ]
[ info ] [ LANG ] /var/www/html/supervision/thinkphp/lang/zh-cn.php
[ info ] [ ROUTE ] array (
  'type' => 'module',
  'module' => 
  array (
    0 => 'api',
    1 => 'project',
    2 => NULL,
  ),
)
[ info ] [ HEADER ] array (
  'host' => '47.107.235.179',
  'connection' => 'keep-alive',
  'accept' => 'application/json, text/plain, */*',
  'origin' => 'http://security.dreamwintime.com',
  'user-agent' => 'Mozilla/5.0 (Linux; Android 8.0.0; MHA-AL00 Build/HUAWEIMHA-AL00; wv) AppleWebKit/537.36 (KHTML, like Gecko) Version/4.0 Chrome/67.0.3396.87 XWEB/470 MMWEBSDK/180803 Mobile Safari/537.36 MMWEBID/59 MicroMessenger/6.7.3.1360(0x2607033C) NetType/WIFI Language/zh_CN Process/tools',
  'token' => 'a08ce957-56fa-40b6-9ff8-654104e4f04f',
  'referer' => 'http://security.dreamwintime.com/security/project',
  'accept-encoding' => 'gzip, deflate',
  'accept-language' => 'zh-CN,en-US;q=0.9',
  'x-requested-with' => 'com.tencent.mm',
)
[ info ] [ PARAM ] array (
  'page' => '1',
  'num' => '10',
)
[ info ] [ LANG ] /var/www/html/supervision/public/../application/api/lang/zh-cn.php
[ info ] [ BEHAVIOR ] Run app\common\behavior\Common @module_init [ RunTime:0.000113s ]
[ info ] [ TOKEN ] INIT Mysql
[ info ] [ DB ] INIT mysql
[ info ] [ RUN ] app\api\controller\Project->index[ /var/www/html/supervision/application/api/controller/Project.php ]
[ info ] [ LOG ] INIT File
[ sql ] [ DB ] CONNECT:[ UseTime:0.000489s ] mysql:host=127.0.0.1;dbname=supervision;charset=utf8
[ sql ] [ SQL ] SHOW COLUMNS FROM `s_user_token` [ RunTime:0.000624s ]
[ sql ] [ SQL ] SELECT * FROM `s_user_token` WHERE  `token` = '8e314840e8dd5f695775796585f4e3bba5addba6' LIMIT 1 [ RunTime:0.000306s ]
[ sql ] [ SQL ] SHOW COLUMNS FROM `s_user` [ RunTime:0.000574s ]
[ sql ] [ SQL ] SELECT * FROM `s_user` WHERE  `id` = 8 LIMIT 1 [ RunTime:0.000343s ]
[ sql ] [ SQL ] SHOW COLUMNS FROM `s_project` [ RunTime:0.000543s ]
[ sql ] [ SQL ] SELECT `p`.`id`,`p`.`build_dept`,`p`.`project_name`,`p`.`address`,`p`.`push_time`,`p`.`begin_time`,`p`.`finish_time`,`p`.`check_time`,`l`.`supervision_person`,`i`.`status` FROM s_project p INNER JOIN `s_safety_info` `i` ON `p`.`safety_info`=`i`.`id` INNER JOIN `s_licence` `l` ON `p`.`licence_id`=`l`.`id` LIMIT 0,10 [ RunTime:0.000405s ]
---------------------------------------------------------------
[ 2018-12-19T17:13:29+08:00 ] 61.140.27.30 GET 47.107.235.179/supervision/public/api/project/?page=1&num=10
[运行时间：0.006061s] [吞吐率：164.99req/s] [内存消耗：559.10kb] [文件加载：70]
[ info ] [ BEHAVIOR ] Run Closure @app_init [ RunTime:0.000017s ]
[ info ] [ CACHE ] INIT File
[ info ] [ BEHAVIOR ] Run Closure @app_init [ RunTime:0.000183s ]
[ info ] [ LANG ] /var/www/html/supervision/thinkphp/lang/zh-cn.php
[ info ] [ ROUTE ] array (
  'type' => 'module',
  'module' => 
  array (
    0 => 'api',
    1 => 'project',
    2 => NULL,
  ),
)
[ info ] [ HEADER ] array (
  'host' => '47.107.235.179',
  'connection' => 'keep-alive',
  'accept' => 'application/json, text/plain, */*',
  'origin' => 'http://security.dreamwintime.com',
  'user-agent' => 'Mozilla/5.0 (Linux; Android 8.0.0; MHA-AL00 Build/HUAWEIMHA-AL00; wv) AppleWebKit/537.36 (KHTML, like Gecko) Version/4.0 Chrome/67.0.3396.87 XWEB/470 MMWEBSDK/180803 Mobile Safari/537.36 MMWEBID/59 MicroMessenger/6.7.3.1360(0x2607033C) NetType/WIFI Language/zh_CN Process/tools',
  'token' => 'a08ce957-56fa-40b6-9ff8-654104e4f04f',
  'referer' => 'http://security.dreamwintime.com/security/project',
  'accept-encoding' => 'gzip, deflate',
  'accept-language' => 'zh-CN,en-US;q=0.9',
  'x-requested-with' => 'com.tencent.mm',
)
[ info ] [ PARAM ] array (
  'page' => '1',
  'num' => '10',
)
[ info ] [ LANG ] /var/www/html/supervision/public/../application/api/lang/zh-cn.php
[ info ] [ BEHAVIOR ] Run app\common\behavior\Common @module_init [ RunTime:0.000110s ]
[ info ] [ TOKEN ] INIT Mysql
[ info ] [ DB ] INIT mysql
[ info ] [ RUN ] app\api\controller\Project->index[ /var/www/html/supervision/application/api/controller/Project.php ]
[ info ] [ LOG ] INIT File
[ sql ] [ DB ] CONNECT:[ UseTime:0.000469s ] mysql:host=127.0.0.1;dbname=supervision;charset=utf8
[ sql ] [ SQL ] SHOW COLUMNS FROM `s_user_token` [ RunTime:0.000594s ]
[ sql ] [ SQL ] SELECT * FROM `s_user_token` WHERE  `token` = '8e314840e8dd5f695775796585f4e3bba5addba6' LIMIT 1 [ RunTime:0.000321s ]
[ sql ] [ SQL ] SHOW COLUMNS FROM `s_user` [ RunTime:0.000616s ]
[ sql ] [ SQL ] SELECT * FROM `s_user` WHERE  `id` = 8 LIMIT 1 [ RunTime:0.000347s ]
[ sql ] [ SQL ] SHOW COLUMNS FROM `s_project` [ RunTime:0.000562s ]
[ sql ] [ SQL ] SELECT `p`.`id`,`p`.`build_dept`,`p`.`project_name`,`p`.`address`,`p`.`push_time`,`p`.`begin_time`,`p`.`finish_time`,`p`.`check_time`,`l`.`supervision_person`,`i`.`status` FROM s_project p INNER JOIN `s_safety_info` `i` ON `p`.`safety_info`=`i`.`id` INNER JOIN `s_licence` `l` ON `p`.`licence_id`=`l`.`id` LIMIT 0,10 [ RunTime:0.000406s ]
---------------------------------------------------------------
[ 2018-12-19T17:13:48+08:00 ] 61.140.27.30 OPTIONS 47.107.235.179/supervision/public/api/user/logout
[运行时间：0.003992s] [吞吐率：250.50req/s] [内存消耗：497.08kb] [文件加载：67]
[ info ] [ BEHAVIOR ] Run Closure @app_init [ RunTime:0.000020s ]
[ info ] [ CACHE ] INIT File
[ info ] [ BEHAVIOR ] Run Closure @app_init [ RunTime:0.000213s ]
[ info ] [ LANG ] /var/www/html/supervision/thinkphp/lang/zh-cn.php
[ info ] [ ROUTE ] array (
  'type' => 'module',
  'module' => 
  array (
    0 => 'api',
    1 => 'user',
    2 => 'logout',
  ),
)
[ info ] [ HEADER ] array (
  'host' => '47.107.235.179',
  'connection' => 'keep-alive',
  'access-control-request-method' => 'POST',
  'origin' => 'http://security.dreamwintime.com',
  'user-agent' => 'Mozilla/5.0 (Linux; Android 8.0.0; MHA-AL00 Build/HUAWEIMHA-AL00; wv) AppleWebKit/537.36 (KHTML, like Gecko) Version/4.0 Chrome/67.0.3396.87 XWEB/470 MMWEBSDK/180803 Mobile Safari/537.36 MMWEBID/59 MicroMessenger/6.7.3.1360(0x2607033C) NetType/WIFI Language/zh_CN Process/tools',
  'access-control-request-headers' => 'token',
  'accept' => '*/*',
  'accept-encoding' => 'gzip, deflate',
  'accept-language' => 'zh-CN,en-US;q=0.9',
  'x-requested-with' => 'com.tencent.mm',
)
[ info ] [ PARAM ] array (
)
[ info ] [ LANG ] /var/www/html/supervision/public/../application/api/lang/zh-cn.php
[ info ] [ BEHAVIOR ] Run app\common\behavior\Common @module_init [ RunTime:0.000136s ]
[ info ] [ TOKEN ] INIT Mysql
[ info ] [ DB ] INIT mysql
[ info ] [ LOG ] INIT File
[ sql ] [ DB ] CONNECT:[ UseTime:0.000571s ] mysql:host=127.0.0.1;dbname=supervision;charset=utf8
[ sql ] [ SQL ] SHOW COLUMNS FROM `s_user_token` [ RunTime:0.000589s ]
[ sql ] [ SQL ] SELECT * FROM `s_user_token` WHERE  `token` = 'd8aa945b8448d8a41ab99c04b04f9e522294b47c' LIMIT 1 [ RunTime:0.000270s ]
---------------------------------------------------------------
[ 2018-12-19T17:13:48+08:00 ] 61.140.27.30 POST 47.107.235.179/supervision/public/api/user/logout
[运行时间：0.006275s] [吞吐率：159.36req/s] [内存消耗：510.42kb] [文件加载：71]
[ info ] [ BEHAVIOR ] Run Closure @app_init [ RunTime:0.000018s ]
[ info ] [ CACHE ] INIT File
[ info ] [ BEHAVIOR ] Run Closure @app_init [ RunTime:0.000178s ]
[ info ] [ LANG ] /var/www/html/supervision/thinkphp/lang/zh-cn.php
[ info ] [ ROUTE ] array (
  'type' => 'module',
  'module' => 
  array (
    0 => 'api',
    1 => 'user',
    2 => 'logout',
  ),
)
[ info ] [ HEADER ] array (
  'host' => '47.107.235.179',
  'connection' => 'keep-alive',
  'content-length' => '0',
  'accept' => 'application/json, text/plain, */*',
  'origin' => 'http://security.dreamwintime.com',
  'user-agent' => 'Mozilla/5.0 (Linux; Android 8.0.0; MHA-AL00 Build/HUAWEIMHA-AL00; wv) AppleWebKit/537.36 (KHTML, like Gecko) Version/4.0 Chrome/67.0.3396.87 XWEB/470 MMWEBSDK/180803 Mobile Safari/537.36 MMWEBID/59 MicroMessenger/6.7.3.1360(0x2607033C) NetType/WIFI Language/zh_CN Process/tools',
  'token' => 'a08ce957-56fa-40b6-9ff8-654104e4f04f',
  'content-type' => 'application/x-www-form-urlencoded',
  'referer' => 'http://security.dreamwintime.com/security/home',
  'accept-encoding' => 'gzip, deflate',
  'accept-language' => 'zh-CN,en-US;q=0.9',
  'x-requested-with' => 'com.tencent.mm',
)
[ info ] [ PARAM ] array (
)
[ info ] [ LANG ] /var/www/html/supervision/public/../application/api/lang/zh-cn.php
[ info ] [ BEHAVIOR ] Run app\common\behavior\Common @module_init [ RunTime:0.000105s ]
[ info ] [ TOKEN ] INIT Mysql
[ info ] [ DB ] INIT mysql
[ info ] [ LANG ] /var/www/html/supervision/public/../application/api/lang/zh-cn/user.php
[ info ] [ RUN ] app\api\controller\User->logout[ /var/www/html/supervision/application/api/controller/User.php ]
[ info ] [ LOG ] INIT File
[ sql ] [ DB ] CONNECT:[ UseTime:0.000457s ] mysql:host=127.0.0.1;dbname=supervision;charset=utf8
[ sql ] [ SQL ] SHOW COLUMNS FROM `s_user_token` [ RunTime:0.000557s ]
[ sql ] [ SQL ] SELECT * FROM `s_user_token` WHERE  `token` = '8e314840e8dd5f695775796585f4e3bba5addba6' LIMIT 1 [ RunTime:0.000280s ]
[ sql ] [ SQL ] SHOW COLUMNS FROM `s_user` [ RunTime:0.000505s ]
[ sql ] [ SQL ] SELECT * FROM `s_user` WHERE  `id` = 8 LIMIT 1 [ RunTime:0.000297s ]
[ sql ] [ SQL ] DELETE FROM `s_user_token`    WHERE  `token` = '8e314840e8dd5f695775796585f4e3bba5addba6' [ RunTime:0.001768s ]
