---------------------------------------------------------------
[ 2018-12-27T18:43:00+08:00 ] 127.0.0.1 GET www.jiandu.com/
[运行时间：0.551026s] [吞吐率：1.81req/s] [内存消耗：3,606.25kb] [文件加载：66]
[ info ] [ BEHAVIOR ] Run Closure @app_init [ RunTime:0.000116s ]
[ info ] [ CACHE ] INIT File
[ info ] [ BEHAVIOR ] Run Closure @app_init [ RunTime:0.006619s ]
[ info ] [ LANG ] D:\wamp64\www\Work\supervision_backend\thinkphp\lang\zh-cn.php
[ info ] [ ROUTE ] array (
  'type' => 'module',
  'module' => 
  array (
    0 => '',
    1 => NULL,
    2 => NULL,
  ),
)
[ info ] [ HEADER ] array (
  'host' => 'www.jiandu.com',
  'connection' => 'keep-alive',
  'upgrade-insecure-requests' => '1',
  'user-agent' => 'Mozilla/5.0 (Windows NT 10.0; WOW64) AppleWebKit/537.36 (KHTML, like Gecko) Chrome/69.0.3497.100 Safari/537.36',
  'accept' => 'text/html,application/xhtml+xml,application/xml;q=0.9,image/webp,image/apng,*/*;q=0.8',
  'referer' => 'http://www.jiandu.com/admin/dashboard?addtabs=1',
  'accept-encoding' => 'gzip, deflate',
  'accept-language' => 'zh-CN,zh;q=0.9,en;q=0.8,la;q=0.7,und;q=0.6',
  'cookie' => 'PHPSESSID=7tudkqilk2974mnhejheouvth0; thinkphp_show_page_trace=0|0',
)
[ info ] [ PARAM ] array (
)
[ info ] [ LANG ] D:\wamp64\www\Work\supervision_backend\public/../application/index\lang\zh-cn.php
[ info ] [ BEHAVIOR ] Run app\common\behavior\Common @module_init [ RunTime:0.006332s ]
[ info ] [ LANG ] D:\wamp64\www\Work\supervision_backend\public/../application/index/lang/zh-cn/index.php
[ info ] [ RUN ] app\index\controller\Index->index[ D:\wamp64\www\Work\supervision_backend\application\index\controller\Index.php ]
[ info ] [ VIEW ] D:\wamp64\www\Work\supervision_backend\public/../application/index\view\index\index.html [ array (
  0 => 'user',
  1 => 'site',
  2 => 'config',
) ]
[ info ] [ LOG ] INIT File
---------------------------------------------------------------
[ 2018-12-27T18:43:03+08:00 ] 127.0.0.1 GET www.jiandu.com/admin/dashboard?ref=addtabs
[运行时间：0.770898s] [吞吐率：1.30req/s] [内存消耗：4,489.13kb] [文件加载：74]
[ info ] [ BEHAVIOR ] Run Closure @app_init [ RunTime:0.000098s ]
[ info ] [ CACHE ] INIT File
[ info ] [ BEHAVIOR ] Run Closure @app_init [ RunTime:0.162202s ]
[ info ] [ LANG ] D:\wamp64\www\Work\supervision_backend\thinkphp\lang\zh-cn.php
[ info ] [ ROUTE ] array (
  'type' => 'module',
  'module' => 
  array (
    0 => 'admin',
    1 => 'dashboard',
    2 => NULL,
  ),
)
[ info ] [ HEADER ] array (
  'host' => 'www.jiandu.com',
  'connection' => 'keep-alive',
  'cache-control' => 'max-age=0',
  'upgrade-insecure-requests' => '1',
  'user-agent' => 'Mozilla/5.0 (Windows NT 10.0; WOW64) AppleWebKit/537.36 (KHTML, like Gecko) Chrome/69.0.3497.100 Safari/537.36',
  'accept' => 'text/html,application/xhtml+xml,application/xml;q=0.9,image/webp,image/apng,*/*;q=0.8',
  'referer' => 'http://www.jiandu.com/admin/index/login',
  'accept-encoding' => 'gzip, deflate',
  'accept-language' => 'zh-CN,zh;q=0.9,en;q=0.8,la;q=0.7,und;q=0.6',
  'cookie' => 'thinkphp_show_page_trace=0|0; PHPSESSID=7tudkqilk2974mnhejheouvth0; thinkphp_show_page_trace=0|0',
)
[ info ] [ PARAM ] array (
  'ref' => 'addtabs',
)
[ info ] [ LANG ] D:\wamp64\www\Work\supervision_backend\public/../application/admin\lang\zh-cn.php
[ info ] [ BEHAVIOR ] Run app\common\behavior\Common @module_init [ RunTime:0.008116s ]
[ info ] [ SESSION ] INIT array (
  'id' => '',
  'var_session_id' => '',
  'prefix' => 'think',
  'type' => '',
  'auto_start' => true,
)
[ info ] [ DB ] INIT mysql
[ info ] [ VIEW ] D:\wamp64\www\Work\supervision_backend\public/../application/common\view\tpl\dispatch_jump.tpl [ array (
  0 => 'code',
  1 => 'msg',
  2 => 'data',
  3 => 'url',
  4 => 'wait',
) ]
[ info ] [ BEHAVIOR ] Run app\admin\behavior\AdminLog @app_end [ RunTime:0.002511s ]
[ info ] [ LOG ] INIT File
[ sql ] [ DB ] CONNECT:[ UseTime:0.001326s ] mysql:host=127.0.0.1;dbname=supervision;charset=utf8
[ sql ] [ SQL ] SHOW COLUMNS FROM `s_auth_group_access` [ RunTime:0.001388s ]
[ sql ] [ SQL ] SELECT `aga`.`uid`,`aga`.`group_id`,`ag`.`id`,`ag`.`pid`,`ag`.`name`,`ag`.`rules` FROM `s_auth_group_access` `aga` LEFT JOIN `s_auth_group` `ag` ON `aga`.`group_id`=`ag`.`id` WHERE  (  aga.uid='40' and ag.status='normal' ) [ RunTime:0.001097s ]
[ sql ] [ SQL ] SHOW COLUMNS FROM `s_auth_rule` [ RunTime:0.001583s ]
[ sql ] [ SQL ] SELECT `id`,`pid`,`condition`,`icon`,`name`,`title`,`ismenu` FROM `s_auth_rule` WHERE  `status` = 'normal'  AND `id` IN (68,79,84,78) [ RunTime:0.001026s ]
---------------------------------------------------------------
[ 2018-12-27T18:43:11+08:00 ] 127.0.0.1 GET www.jiandu.com/
[运行时间：0.621020s] [吞吐率：1.61req/s] [内存消耗：3,606.45kb] [文件加载：66]
[ info ] [ BEHAVIOR ] Run Closure @app_init [ RunTime:0.000104s ]
[ info ] [ CACHE ] INIT File
[ info ] [ BEHAVIOR ] Run Closure @app_init [ RunTime:0.112298s ]
[ info ] [ LANG ] D:\wamp64\www\Work\supervision_backend\thinkphp\lang\zh-cn.php
[ info ] [ ROUTE ] array (
  'type' => 'module',
  'module' => 
  array (
    0 => '',
    1 => NULL,
    2 => NULL,
  ),
)
[ info ] [ HEADER ] array (
  'host' => 'www.jiandu.com',
  'connection' => 'keep-alive',
  'upgrade-insecure-requests' => '1',
  'user-agent' => 'Mozilla/5.0 (Windows NT 10.0; WOW64) AppleWebKit/537.36 (KHTML, like Gecko) Chrome/69.0.3497.100 Safari/537.36',
  'accept' => 'text/html,application/xhtml+xml,application/xml;q=0.9,image/webp,image/apng,*/*;q=0.8',
  'referer' => 'http://www.jiandu.com/admin/dashboard?ref=addtabs',
  'accept-encoding' => 'gzip, deflate',
  'accept-language' => 'zh-CN,zh;q=0.9,en;q=0.8,la;q=0.7,und;q=0.6',
  'cookie' => 'PHPSESSID=7tudkqilk2974mnhejheouvth0; thinkphp_show_page_trace=0|0',
)
[ info ] [ PARAM ] array (
)
[ info ] [ LANG ] D:\wamp64\www\Work\supervision_backend\public/../application/index\lang\zh-cn.php
[ info ] [ BEHAVIOR ] Run app\common\behavior\Common @module_init [ RunTime:0.012702s ]
[ info ] [ LANG ] D:\wamp64\www\Work\supervision_backend\public/../application/index/lang/zh-cn/index.php
[ info ] [ RUN ] app\index\controller\Index->index[ D:\wamp64\www\Work\supervision_backend\application\index\controller\Index.php ]
[ info ] [ VIEW ] D:\wamp64\www\Work\supervision_backend\public/../application/index\view\index\index.html [ array (
  0 => 'user',
  1 => 'site',
  2 => 'config',
) ]
[ info ] [ LOG ] INIT File
---------------------------------------------------------------
[ 2018-12-27T18:46:50+08:00 ] 127.0.0.1 GET www.jiandu.com/admin/index/login.html
[运行时间：6.297530s] [吞吐率：0.16req/s] [内存消耗：4,008.67kb] [文件加载：72]
[ info ] [ BEHAVIOR ] Run Closure @app_init [ RunTime:0.000108s ]
[ info ] [ CACHE ] INIT File
[ info ] [ BEHAVIOR ] Run Closure @app_init [ RunTime:0.307576s ]
[ info ] [ LANG ] D:\wamp64\www\Work\supervision_backend\thinkphp\lang\zh-cn.php
[ info ] [ ROUTE ] array (
  'type' => 'module',
  'module' => 
  array (
    0 => 'admin',
    1 => 'index',
    2 => 'login',
  ),
)
[ info ] [ HEADER ] array (
  'host' => 'www.jiandu.com',
  'connection' => 'keep-alive',
  'upgrade-insecure-requests' => '1',
  'user-agent' => 'Mozilla/5.0 (Windows NT 10.0; WOW64) AppleWebKit/537.36 (KHTML, like Gecko) Chrome/69.0.3497.100 Safari/537.36',
  'accept' => 'text/html,application/xhtml+xml,application/xml;q=0.9,image/webp,image/apng,*/*;q=0.8',
  'referer' => 'http://www.jiandu.com/',
  'accept-encoding' => 'gzip, deflate',
  'accept-language' => 'zh-CN,zh;q=0.9,en;q=0.8,la;q=0.7,und;q=0.6',
  'cookie' => 'thinkphp_show_page_trace=0|0; thinkphp_show_page_trace=0|0; PHPSESSID=7tudkqilk2974mnhejheouvth0; thinkphp_show_page_trace=0|0',
)
[ info ] [ PARAM ] array (
)
[ info ] [ LANG ] D:\wamp64\www\Work\supervision_backend\public/../application/admin\lang\zh-cn.php
[ info ] [ BEHAVIOR ] Run app\common\behavior\Common @module_init [ RunTime:0.138414s ]
[ info ] [ SESSION ] INIT array (
  'id' => '',
  'var_session_id' => '',
  'prefix' => 'think',
  'type' => '',
  'auto_start' => true,
)
[ info ] [ LANG ] D:\wamp64\www\Work\supervision_backend\public/../application/admin/lang/zh-cn/index.php
[ info ] [ RUN ] app\admin\controller\Index->login[ D:\wamp64\www\Work\supervision_backend\application\admin\controller\Index.php ]
[ info ] [ VIEW ] D:\wamp64\www\Work\supervision_backend\public/../application/common\view\tpl\dispatch_jump.tpl [ array (
  0 => 'breadcrumb',
  1 => 'site',
  2 => 'config',
  3 => 'auth',
  4 => 'admin',
  5 => 'code',
  6 => 'msg',
  7 => 'data',
  8 => 'url',
  9 => 'wait',
) ]
[ info ] [ BEHAVIOR ] Run app\admin\behavior\AdminLog @app_end [ RunTime:0.074578s ]
[ info ] [ LOG ] INIT File
---------------------------------------------------------------
[ 2018-12-27T18:46:51+08:00 ] 127.0.0.1 GET www.jiandu.com/admin/index/login.html
[运行时间：0.832160s] [吞吐率：1.20req/s] [内存消耗：4,008.67kb] [文件加载：72]
[ info ] [ BEHAVIOR ] Run Closure @app_init [ RunTime:0.000100s ]
[ info ] [ CACHE ] INIT File
[ info ] [ BEHAVIOR ] Run Closure @app_init [ RunTime:0.126556s ]
[ info ] [ LANG ] D:\wamp64\www\Work\supervision_backend\thinkphp\lang\zh-cn.php
[ info ] [ ROUTE ] array (
  'type' => 'module',
  'module' => 
  array (
    0 => 'admin',
    1 => 'index',
    2 => 'login',
  ),
)
[ info ] [ HEADER ] array (
  'host' => 'www.jiandu.com',
  'connection' => 'keep-alive',
  'upgrade-insecure-requests' => '1',
  'user-agent' => 'Mozilla/5.0 (Windows NT 10.0; WOW64) AppleWebKit/537.36 (KHTML, like Gecko) Chrome/69.0.3497.100 Safari/537.36',
  'accept' => 'text/html,application/xhtml+xml,application/xml;q=0.9,image/webp,image/apng,*/*;q=0.8',
  'referer' => 'http://www.jiandu.com/',
  'accept-encoding' => 'gzip, deflate',
  'accept-language' => 'zh-CN,zh;q=0.9,en;q=0.8,la;q=0.7,und;q=0.6',
  'cookie' => 'thinkphp_show_page_trace=0|0; thinkphp_show_page_trace=0|0; PHPSESSID=7tudkqilk2974mnhejheouvth0; thinkphp_show_page_trace=0|0',
)
[ info ] [ PARAM ] array (
)
[ info ] [ LANG ] D:\wamp64\www\Work\supervision_backend\public/../application/admin\lang\zh-cn.php
[ info ] [ BEHAVIOR ] Run app\common\behavior\Common @module_init [ RunTime:0.061240s ]
[ info ] [ SESSION ] INIT array (
  'id' => '',
  'var_session_id' => '',
  'prefix' => 'think',
  'type' => '',
  'auto_start' => true,
)
[ info ] [ LANG ] D:\wamp64\www\Work\supervision_backend\public/../application/admin/lang/zh-cn/index.php
[ info ] [ RUN ] app\admin\controller\Index->login[ D:\wamp64\www\Work\supervision_backend\application\admin\controller\Index.php ]
[ info ] [ VIEW ] D:\wamp64\www\Work\supervision_backend\public/../application/common\view\tpl\dispatch_jump.tpl [ array (
  0 => 'breadcrumb',
  1 => 'site',
  2 => 'config',
  3 => 'auth',
  4 => 'admin',
  5 => 'code',
  6 => 'msg',
  7 => 'data',
  8 => 'url',
  9 => 'wait',
) ]
[ info ] [ BEHAVIOR ] Run app\admin\behavior\AdminLog @app_end [ RunTime:0.002638s ]
[ info ] [ LOG ] INIT File
---------------------------------------------------------------
[ 2018-12-27T18:46:55+08:00 ] 127.0.0.1 GET www.jiandu.com/admin/index/index
[运行时间：2.482239s] [吞吐率：0.40req/s] [内存消耗：5,302.44kb] [文件加载：90]
[ info ] [ BEHAVIOR ] Run Closure @app_init [ RunTime:0.000093s ]
[ info ] [ CACHE ] INIT File
[ info ] [ BEHAVIOR ] Run Closure @app_init [ RunTime:0.077081s ]
[ info ] [ LANG ] D:\wamp64\www\Work\supervision_backend\thinkphp\lang\zh-cn.php
[ info ] [ ROUTE ] array (
  'type' => 'module',
  'module' => 
  array (
    0 => 'admin',
    1 => 'index',
    2 => 'index',
  ),
)
[ info ] [ HEADER ] array (
  'host' => 'www.jiandu.com',
  'connection' => 'keep-alive',
  'upgrade-insecure-requests' => '1',
  'user-agent' => 'Mozilla/5.0 (Windows NT 10.0; WOW64) AppleWebKit/537.36 (KHTML, like Gecko) Chrome/69.0.3497.100 Safari/537.36',
  'accept' => 'text/html,application/xhtml+xml,application/xml;q=0.9,image/webp,image/apng,*/*;q=0.8',
  'referer' => 'http://www.jiandu.com/admin/index/login.html',
  'accept-encoding' => 'gzip, deflate',
  'accept-language' => 'zh-CN,zh;q=0.9,en;q=0.8,la;q=0.7,und;q=0.6',
  'cookie' => 'thinkphp_show_page_trace=0|0; thinkphp_show_page_trace=0|0; PHPSESSID=7tudkqilk2974mnhejheouvth0; thinkphp_show_page_trace=0|0',
)
[ info ] [ PARAM ] array (
)
[ info ] [ LANG ] D:\wamp64\www\Work\supervision_backend\public/../application/admin\lang\zh-cn.php
[ info ] [ BEHAVIOR ] Run app\common\behavior\Common @module_init [ RunTime:0.009425s ]
[ info ] [ SESSION ] INIT array (
  'id' => '',
  'var_session_id' => '',
  'prefix' => 'think',
  'type' => '',
  'auto_start' => true,
)
[ info ] [ LANG ] D:\wamp64\www\Work\supervision_backend\public/../application/admin/lang/zh-cn/index.php
[ info ] [ RUN ] app\admin\controller\Index->index[ D:\wamp64\www\Work\supervision_backend\application\admin\controller\Index.php ]
[ info ] [ DB ] INIT mysql
[ info ] [ VIEW ] D:\wamp64\www\Work\supervision_backend\public/../application/admin\view\index\index.html [ array (
  0 => 'breadcrumb',
  1 => 'site',
  2 => 'config',
  3 => 'auth',
  4 => 'admin',
  5 => 'menulist',
  6 => 'navlist',
  7 => 'fixedmenu',
  8 => 'referermenu',
  9 => 'title',
) ]
[ info ] [ BEHAVIOR ] Run app\admin\behavior\AdminLog @app_end [ RunTime:0.002308s ]
[ info ] [ LOG ] INIT File
[ sql ] [ DB ] CONNECT:[ UseTime:0.001431s ] mysql:host=127.0.0.1;dbname=supervision;charset=utf8
[ sql ] [ SQL ] SHOW COLUMNS FROM `s_auth_group_access` [ RunTime:0.002619s ]
[ sql ] [ SQL ] SELECT `aga`.`uid`,`aga`.`group_id`,`ag`.`id`,`ag`.`pid`,`ag`.`name`,`ag`.`rules` FROM `s_auth_group_access` `aga` LEFT JOIN `s_auth_group` `ag` ON `aga`.`group_id`=`ag`.`id` WHERE  (  aga.uid='40' and ag.status='normal' ) [ RunTime:0.002430s ]
[ sql ] [ SQL ] SHOW COLUMNS FROM `s_auth_rule` [ RunTime:0.001958s ]
[ sql ] [ SQL ] SELECT `id`,`pid`,`condition`,`icon`,`name`,`title`,`ismenu` FROM `s_auth_rule` WHERE  `status` = 'normal'  AND `id` IN (68,79,84,78) [ RunTime:0.001009s ]
---------------------------------------------------------------
[ 2018-12-27T18:46:55+08:00 ] 127.0.0.1 GET www.jiandu.com/admin/index/index
[运行时间：1.266325s] [吞吐率：0.79req/s] [内存消耗：5,302.44kb] [文件加载：90]
[ info ] [ BEHAVIOR ] Run Closure @app_init [ RunTime:0.000246s ]
[ info ] [ CACHE ] INIT File
[ info ] [ BEHAVIOR ] Run Closure @app_init [ RunTime:0.097285s ]
[ info ] [ LANG ] D:\wamp64\www\Work\supervision_backend\thinkphp\lang\zh-cn.php
[ info ] [ ROUTE ] array (
  'type' => 'module',
  'module' => 
  array (
    0 => 'admin',
    1 => 'index',
    2 => 'index',
  ),
)
[ info ] [ HEADER ] array (
  'host' => 'www.jiandu.com',
  'connection' => 'keep-alive',
  'upgrade-insecure-requests' => '1',
  'user-agent' => 'Mozilla/5.0 (Windows NT 10.0; WOW64) AppleWebKit/537.36 (KHTML, like Gecko) Chrome/69.0.3497.100 Safari/537.36',
  'accept' => 'text/html,application/xhtml+xml,application/xml;q=0.9,image/webp,image/apng,*/*;q=0.8',
  'referer' => 'http://www.jiandu.com/admin/index/login.html',
  'accept-encoding' => 'gzip, deflate',
  'accept-language' => 'zh-CN,zh;q=0.9,en;q=0.8,la;q=0.7,und;q=0.6',
  'cookie' => 'thinkphp_show_page_trace=0|0; thinkphp_show_page_trace=0|0; PHPSESSID=7tudkqilk2974mnhejheouvth0; thinkphp_show_page_trace=0|0',
)
[ info ] [ PARAM ] array (
)
[ info ] [ LANG ] D:\wamp64\www\Work\supervision_backend\public/../application/admin\lang\zh-cn.php
[ info ] [ BEHAVIOR ] Run app\common\behavior\Common @module_init [ RunTime:0.010170s ]
[ info ] [ SESSION ] INIT array (
  'id' => '',
  'var_session_id' => '',
  'prefix' => 'think',
  'type' => '',
  'auto_start' => true,
)
[ info ] [ LANG ] D:\wamp64\www\Work\supervision_backend\public/../application/admin/lang/zh-cn/index.php
[ info ] [ RUN ] app\admin\controller\Index->index[ D:\wamp64\www\Work\supervision_backend\application\admin\controller\Index.php ]
[ info ] [ DB ] INIT mysql
[ info ] [ VIEW ] D:\wamp64\www\Work\supervision_backend\public/../application/admin\view\index\index.html [ array (
  0 => 'breadcrumb',
  1 => 'site',
  2 => 'config',
  3 => 'auth',
  4 => 'admin',
  5 => 'menulist',
  6 => 'navlist',
  7 => 'fixedmenu',
  8 => 'referermenu',
  9 => 'title',
) ]
[ info ] [ BEHAVIOR ] Run app\admin\behavior\AdminLog @app_end [ RunTime:0.002430s ]
[ info ] [ LOG ] INIT File
[ sql ] [ DB ] CONNECT:[ UseTime:0.001703s ] mysql:host=127.0.0.1;dbname=supervision;charset=utf8
[ sql ] [ SQL ] SHOW COLUMNS FROM `s_auth_group_access` [ RunTime:0.002041s ]
[ sql ] [ SQL ] SELECT `aga`.`uid`,`aga`.`group_id`,`ag`.`id`,`ag`.`pid`,`ag`.`name`,`ag`.`rules` FROM `s_auth_group_access` `aga` LEFT JOIN `s_auth_group` `ag` ON `aga`.`group_id`=`ag`.`id` WHERE  (  aga.uid='40' and ag.status='normal' ) [ RunTime:0.001463s ]
[ sql ] [ SQL ] SHOW COLUMNS FROM `s_auth_rule` [ RunTime:0.002395s ]
[ sql ] [ SQL ] SELECT `id`,`pid`,`condition`,`icon`,`name`,`title`,`ismenu` FROM `s_auth_rule` WHERE  `status` = 'normal'  AND `id` IN (68,79,84,78) [ RunTime:0.000834s ]
---------------------------------------------------------------
[ 2018-12-27T18:46:58+08:00 ] 127.0.0.1 GET www.jiandu.com/admin/ajax/lang?callback=define&controllername=index&v=1545907614
[运行时间：0.903082s] [吞吐率：1.11req/s] [内存消耗：3,949.15kb] [文件加载：70]
[ info ] [ BEHAVIOR ] Run Closure @app_init [ RunTime:0.000100s ]
[ info ] [ CACHE ] INIT File
[ info ] [ BEHAVIOR ] Run Closure @app_init [ RunTime:0.160339s ]
[ info ] [ LANG ] D:\wamp64\www\Work\supervision_backend\thinkphp\lang\zh-cn.php
[ info ] [ ROUTE ] array (
  'type' => 'module',
  'module' => 
  array (
    0 => 'admin',
    1 => 'ajax',
    2 => 'lang',
  ),
)
[ info ] [ HEADER ] array (
  'host' => 'www.jiandu.com',
  'connection' => 'keep-alive',
  'user-agent' => 'Mozilla/5.0 (Windows NT 10.0; WOW64) AppleWebKit/537.36 (KHTML, like Gecko) Chrome/69.0.3497.100 Safari/537.36',
  'accept' => '*/*',
  'referer' => 'http://www.jiandu.com/admin/index/index',
  'accept-encoding' => 'gzip, deflate',
  'accept-language' => 'zh-CN,zh;q=0.9,en;q=0.8,la;q=0.7,und;q=0.6',
  'cookie' => 'thinkphp_show_page_trace=0|0; PHPSESSID=7tudkqilk2974mnhejheouvth0; thinkphp_show_page_trace=0|0',
)
[ info ] [ PARAM ] array (
  'callback' => 'define',
  'controllername' => 'index',
  'v' => '1545907614',
)
[ info ] [ LANG ] D:\wamp64\www\Work\supervision_backend\public/../application/admin\lang\zh-cn.php
[ info ] [ BEHAVIOR ] Run app\common\behavior\Common @module_init [ RunTime:0.007138s ]
[ info ] [ SESSION ] INIT array (
  'id' => '',
  'var_session_id' => '',
  'prefix' => 'think',
  'type' => '',
  'auto_start' => true,
)
[ info ] [ LANG ] D:\wamp64\www\Work\supervision_backend\public/../application/admin/lang/zh-cn/ajax.php
[ info ] [ RUN ] app\admin\controller\Ajax->lang[ D:\wamp64\www\Work\supervision_backend\application\admin\controller\Ajax.php ]
[ info ] [ LANG ] D:\wamp64\www\Work\supervision_backend\public/../application/admin/lang/zh-cn/index.php
[ info ] [ BEHAVIOR ] Run app\admin\behavior\AdminLog @app_end [ RunTime:0.002341s ]
[ info ] [ LOG ] INIT File
---------------------------------------------------------------
[ 2018-12-27T18:47:01+08:00 ] 127.0.0.1 GET www.jiandu.com/admin/index/logout
[运行时间：0.824375s] [吞吐率：1.21req/s] [内存消耗：5,048.80kb] [文件加载：79]
[ info ] [ BEHAVIOR ] Run Closure @app_init [ RunTime:0.000092s ]
[ info ] [ CACHE ] INIT File
[ info ] [ BEHAVIOR ] Run Closure @app_init [ RunTime:0.147361s ]
[ info ] [ LANG ] D:\wamp64\www\Work\supervision_backend\thinkphp\lang\zh-cn.php
[ info ] [ ROUTE ] array (
  'type' => 'module',
  'module' => 
  array (
    0 => 'admin',
    1 => 'index',
    2 => 'logout',
  ),
)
[ info ] [ HEADER ] array (
  'host' => 'www.jiandu.com',
  'connection' => 'keep-alive',
  'upgrade-insecure-requests' => '1',
  'user-agent' => 'Mozilla/5.0 (Windows NT 10.0; WOW64) AppleWebKit/537.36 (KHTML, like Gecko) Chrome/69.0.3497.100 Safari/537.36',
  'accept' => 'text/html,application/xhtml+xml,application/xml;q=0.9,image/webp,image/apng,*/*;q=0.8',
  'referer' => 'http://www.jiandu.com/admin/index/index',
  'accept-encoding' => 'gzip, deflate',
  'accept-language' => 'zh-CN,zh;q=0.9,en;q=0.8,la;q=0.7,und;q=0.6',
  'cookie' => 'thinkphp_show_page_trace=0|0; thinkphp_show_page_trace=0|0; PHPSESSID=7tudkqilk2974mnhejheouvth0; thinkphp_show_page_trace=0|0',
)
[ info ] [ PARAM ] array (
)
[ info ] [ LANG ] D:\wamp64\www\Work\supervision_backend\public/../application/admin\lang\zh-cn.php
[ info ] [ BEHAVIOR ] Run app\common\behavior\Common @module_init [ RunTime:0.008479s ]
[ info ] [ SESSION ] INIT array (
  'id' => '',
  'var_session_id' => '',
  'prefix' => 'think',
  'type' => '',
  'auto_start' => true,
)
[ info ] [ LANG ] D:\wamp64\www\Work\supervision_backend\public/../application/admin/lang/zh-cn/index.php
[ info ] [ RUN ] app\admin\controller\Index->logout[ D:\wamp64\www\Work\supervision_backend\application\admin\controller\Index.php ]
[ info ] [ DB ] INIT mysql
[ info ] [ VIEW ] D:\wamp64\www\Work\supervision_backend\public/../application/common\view\tpl\dispatch_jump.tpl [ array (
  0 => 'breadcrumb',
  1 => 'site',
  2 => 'config',
  3 => 'auth',
  4 => 'admin',
  5 => 'code',
  6 => 'msg',
  7 => 'data',
  8 => 'url',
  9 => 'wait',
) ]
[ info ] [ BEHAVIOR ] Run app\admin\behavior\AdminLog @app_end [ RunTime:0.002338s ]
[ info ] [ LOG ] INIT File
[ sql ] [ DB ] CONNECT:[ UseTime:0.001632s ] mysql:host=127.0.0.1;dbname=supervision;charset=utf8
[ sql ] [ SQL ] SHOW COLUMNS FROM `s_admin` [ RunTime:0.002128s ]
[ sql ] [ SQL ] SELECT * FROM `s_admin` WHERE  `id` = 40 LIMIT 1 [ RunTime:0.001018s ]
[ sql ] [ SQL ] UPDATE `s_admin`  SET `token`='',`updatetime`=1545907620  WHERE  `id` = 40 [ RunTime:0.044618s ]
---------------------------------------------------------------
[ 2018-12-27T18:47:01+08:00 ] 127.0.0.1 GET www.jiandu.com/admin/quality/assistant/index?addtabs=1
[运行时间：0.935963s] [吞吐率：1.07req/s] [内存消耗：3,565.95kb] [文件加载：69]
[ info ] [ BEHAVIOR ] Run Closure @app_init [ RunTime:0.000090s ]
[ info ] [ CACHE ] INIT File
[ info ] [ BEHAVIOR ] Run Closure @app_init [ RunTime:0.105932s ]
[ info ] [ LANG ] D:\wamp64\www\Work\supervision_backend\thinkphp\lang\zh-cn.php
[ info ] [ ROUTE ] array (
  'type' => 'module',
  'module' => 
  array (
    0 => 'admin',
    1 => 'quality.assistant',
    2 => 'index',
  ),
)
[ info ] [ HEADER ] array (
  'host' => 'www.jiandu.com',
  'connection' => 'keep-alive',
  'upgrade-insecure-requests' => '1',
  'user-agent' => 'Mozilla/5.0 (Windows NT 10.0; WOW64) AppleWebKit/537.36 (KHTML, like Gecko) Chrome/69.0.3497.100 Safari/537.36',
  'accept' => 'text/html,application/xhtml+xml,application/xml;q=0.9,image/webp,image/apng,*/*;q=0.8',
  'referer' => 'http://www.jiandu.com/admin/quality/assistant/index?ref=addtabs',
  'accept-encoding' => 'gzip, deflate',
  'accept-language' => 'zh-CN,zh;q=0.9,en;q=0.8,la;q=0.7,und;q=0.6',
  'cookie' => 'thinkphp_show_page_trace=0|0; thinkphp_show_page_trace=0|0; thinkphp_show_page_trace=0|0; PHPSESSID=7tudkqilk2974mnhejheouvth0; thinkphp_show_page_trace=0|0',
)
[ info ] [ PARAM ] array (
  'addtabs' => '1',
)
[ info ] [ LANG ] D:\wamp64\www\Work\supervision_backend\public/../application/admin\lang\zh-cn.php
[ info ] [ BEHAVIOR ] Run app\common\behavior\Common @module_init [ RunTime:0.007165s ]
[ info ] [ SESSION ] INIT array (
  'id' => '',
  'var_session_id' => '',
  'prefix' => 'think',
  'type' => '',
  'auto_start' => true,
)
[ info ] [ VIEW ] D:\wamp64\www\Work\supervision_backend\public/../application/common\view\tpl\dispatch_jump.tpl [ array (
  0 => 'code',
  1 => 'msg',
  2 => 'data',
  3 => 'url',
  4 => 'wait',
) ]
[ info ] [ BEHAVIOR ] Run app\admin\behavior\AdminLog @app_end [ RunTime:0.002970s ]
[ info ] [ LOG ] INIT File
---------------------------------------------------------------
[ 2018-12-27T18:47:05+08:00 ] 127.0.0.1 GET www.jiandu.com/admin/index/login
[运行时间：0.592129s] [吞吐率：1.69req/s] [内存消耗：4,039.70kb] [文件加载：72]
[ info ] [ BEHAVIOR ] Run Closure @app_init [ RunTime:0.000107s ]
[ info ] [ CACHE ] INIT File
[ info ] [ BEHAVIOR ] Run Closure @app_init [ RunTime:0.067192s ]
[ info ] [ LANG ] D:\wamp64\www\Work\supervision_backend\thinkphp\lang\zh-cn.php
[ info ] [ ROUTE ] array (
  'type' => 'module',
  'module' => 
  array (
    0 => 'admin',
    1 => 'index',
    2 => 'login',
  ),
)
[ info ] [ HEADER ] array (
  'host' => 'www.jiandu.com',
  'connection' => 'keep-alive',
  'upgrade-insecure-requests' => '1',
  'user-agent' => 'Mozilla/5.0 (Windows NT 10.0; WOW64) AppleWebKit/537.36 (KHTML, like Gecko) Chrome/69.0.3497.100 Safari/537.36',
  'accept' => 'text/html,application/xhtml+xml,application/xml;q=0.9,image/webp,image/apng,*/*;q=0.8',
  'referer' => 'http://www.jiandu.com/admin/index/logout',
  'accept-encoding' => 'gzip, deflate',
  'accept-language' => 'zh-CN,zh;q=0.9,en;q=0.8,la;q=0.7,und;q=0.6',
  'cookie' => 'thinkphp_show_page_trace=0|0; thinkphp_show_page_trace=0|0; PHPSESSID=7tudkqilk2974mnhejheouvth0; thinkphp_show_page_trace=0|0',
)
[ info ] [ PARAM ] array (
)
[ info ] [ LANG ] D:\wamp64\www\Work\supervision_backend\public/../application/admin\lang\zh-cn.php
[ info ] [ BEHAVIOR ] Run app\common\behavior\Common @module_init [ RunTime:0.009762s ]
[ info ] [ SESSION ] INIT array (
  'id' => '',
  'var_session_id' => '',
  'prefix' => 'think',
  'type' => '',
  'auto_start' => true,
)
[ info ] [ LANG ] D:\wamp64\www\Work\supervision_backend\public/../application/admin/lang/zh-cn/index.php
[ info ] [ RUN ] app\admin\controller\Index->login[ D:\wamp64\www\Work\supervision_backend\application\admin\controller\Index.php ]
[ info ] [ VIEW ] D:\wamp64\www\Work\supervision_backend\public/../application/admin\view\index\login.html [ array (
  0 => 'breadcrumb',
  1 => 'site',
  2 => 'config',
  3 => 'auth',
  4 => 'admin',
  5 => 'background',
  6 => 'title',
) ]
[ info ] [ BEHAVIOR ] Run app\admin\behavior\AdminLog @app_end [ RunTime:0.002563s ]
[ info ] [ LOG ] INIT File
---------------------------------------------------------------
[ 2018-12-27T18:47:06+08:00 ] 127.0.0.1 GET www.jiandu.com/admin/ajax/lang?callback=define&controllername=index&v=1545907624
[运行时间：0.674392s] [吞吐率：1.48req/s] [内存消耗：3,946.15kb] [文件加载：70]
[ info ] [ BEHAVIOR ] Run Closure @app_init [ RunTime:0.000094s ]
[ info ] [ CACHE ] INIT File
[ info ] [ BEHAVIOR ] Run Closure @app_init [ RunTime:0.130029s ]
[ info ] [ LANG ] D:\wamp64\www\Work\supervision_backend\thinkphp\lang\zh-cn.php
[ info ] [ ROUTE ] array (
  'type' => 'module',
  'module' => 
  array (
    0 => 'admin',
    1 => 'ajax',
    2 => 'lang',
  ),
)
[ info ] [ HEADER ] array (
  'host' => 'www.jiandu.com',
  'connection' => 'keep-alive',
  'user-agent' => 'Mozilla/5.0 (Windows NT 10.0; WOW64) AppleWebKit/537.36 (KHTML, like Gecko) Chrome/69.0.3497.100 Safari/537.36',
  'accept' => '*/*',
  'referer' => 'http://www.jiandu.com/admin/index/login',
  'accept-encoding' => 'gzip, deflate',
  'accept-language' => 'zh-CN,zh;q=0.9,en;q=0.8,la;q=0.7,und;q=0.6',
  'cookie' => 'thinkphp_show_page_trace=0|0; PHPSESSID=7tudkqilk2974mnhejheouvth0; thinkphp_show_page_trace=0|0',
)
[ info ] [ PARAM ] array (
  'callback' => 'define',
  'controllername' => 'index',
  'v' => '1545907624',
)
[ info ] [ LANG ] D:\wamp64\www\Work\supervision_backend\public/../application/admin\lang\zh-cn.php
[ info ] [ BEHAVIOR ] Run app\common\behavior\Common @module_init [ RunTime:0.066918s ]
[ info ] [ SESSION ] INIT array (
  'id' => '',
  'var_session_id' => '',
  'prefix' => 'think',
  'type' => '',
  'auto_start' => true,
)
[ info ] [ LANG ] D:\wamp64\www\Work\supervision_backend\public/../application/admin/lang/zh-cn/ajax.php
[ info ] [ RUN ] app\admin\controller\Ajax->lang[ D:\wamp64\www\Work\supervision_backend\application\admin\controller\Ajax.php ]
[ info ] [ LANG ] D:\wamp64\www\Work\supervision_backend\public/../application/admin/lang/zh-cn/index.php
[ info ] [ BEHAVIOR ] Run app\admin\behavior\AdminLog @app_end [ RunTime:0.002317s ]
[ info ] [ LOG ] INIT File
---------------------------------------------------------------
[ 2018-12-27T18:47:09+08:00 ] 127.0.0.1 GET www.jiandu.com/admin/index/undefined
[运行时间：0.827745s] [吞吐率：1.21req/s] [内存消耗：3,548.37kb] [文件加载：69]
[ info ] [ BEHAVIOR ] Run Closure @app_init [ RunTime:0.000096s ]
[ info ] [ CACHE ] INIT File
[ info ] [ BEHAVIOR ] Run Closure @app_init [ RunTime:0.192001s ]
[ info ] [ LANG ] D:\wamp64\www\Work\supervision_backend\thinkphp\lang\zh-cn.php
[ info ] [ ROUTE ] array (
  'type' => 'module',
  'module' => 
  array (
    0 => 'admin',
    1 => 'index',
    2 => 'undefined',
  ),
)
[ info ] [ HEADER ] array (
  'host' => 'www.jiandu.com',
  'connection' => 'keep-alive',
  'user-agent' => 'Mozilla/5.0 (Windows NT 10.0; WOW64) AppleWebKit/537.36 (KHTML, like Gecko) Chrome/69.0.3497.100 Safari/537.36',
  'accept' => 'image/webp,image/apng,image/*,*/*;q=0.8',
  'referer' => 'http://www.jiandu.com/admin/index/login',
  'accept-encoding' => 'gzip, deflate',
  'accept-language' => 'zh-CN,zh;q=0.9,en;q=0.8,la;q=0.7,und;q=0.6',
  'cookie' => 'thinkphp_show_page_trace=0|0; thinkphp_show_page_trace=0|0; PHPSESSID=7tudkqilk2974mnhejheouvth0; thinkphp_show_page_trace=0|0',
)
[ info ] [ PARAM ] array (
)
[ info ] [ LANG ] D:\wamp64\www\Work\supervision_backend\public/../application/admin\lang\zh-cn.php
[ info ] [ BEHAVIOR ] Run app\common\behavior\Common @module_init [ RunTime:0.007742s ]
[ info ] [ SESSION ] INIT array (
  'id' => '',
  'var_session_id' => '',
  'prefix' => 'think',
  'type' => '',
  'auto_start' => true,
)
[ info ] [ VIEW ] D:\wamp64\www\Work\supervision_backend\public/../application/common\view\tpl\dispatch_jump.tpl [ array (
  0 => 'code',
  1 => 'msg',
  2 => 'data',
  3 => 'url',
  4 => 'wait',
) ]
[ info ] [ BEHAVIOR ] Run app\admin\behavior\AdminLog @app_end [ RunTime:0.062240s ]
[ info ] [ LOG ] INIT File
---------------------------------------------------------------
[ 2018-12-27T18:47:10+08:00 ] 127.0.0.1 POST www.jiandu.com/admin/index/login
[运行时间：0.863077s] [吞吐率：1.16req/s] [内存消耗：5,037.61kb] [文件加载：78]
[ info ] [ BEHAVIOR ] Run Closure @app_init [ RunTime:0.000095s ]
[ info ] [ CACHE ] INIT File
[ info ] [ BEHAVIOR ] Run Closure @app_init [ RunTime:0.016516s ]
[ info ] [ LANG ] D:\wamp64\www\Work\supervision_backend\thinkphp\lang\zh-cn.php
[ info ] [ ROUTE ] array (
  'type' => 'module',
  'module' => 
  array (
    0 => 'admin',
    1 => 'index',
    2 => 'login',
  ),
)
[ info ] [ HEADER ] array (
  'host' => 'www.jiandu.com',
  'connection' => 'keep-alive',
  'content-length' => '75',
  'accept' => 'application/json, text/javascript, */*; q=0.01',
  'origin' => 'http://www.jiandu.com',
  'x-requested-with' => 'XMLHttpRequest',
  'user-agent' => 'Mozilla/5.0 (Windows NT 10.0; WOW64) AppleWebKit/537.36 (KHTML, like Gecko) Chrome/69.0.3497.100 Safari/537.36',
  'content-type' => 'application/x-www-form-urlencoded; charset=UTF-8',
  'referer' => 'http://www.jiandu.com/admin/index/login',
  'accept-encoding' => 'gzip, deflate',
  'accept-language' => 'zh-CN,zh;q=0.9,en;q=0.8,la;q=0.7,und;q=0.6',
  'cookie' => 'thinkphp_show_page_trace=0|0; thinkphp_show_page_trace=0|0; PHPSESSID=7tudkqilk2974mnhejheouvth0; thinkphp_show_page_trace=0|0',
)
[ info ] [ PARAM ] array (
  '__token__' => 'b5930bf8cffa1a2910b8f699ca9c9820',
  'username' => '1111124',
  'password' => '123456',
)
[ info ] [ LANG ] D:\wamp64\www\Work\supervision_backend\public/../application/admin\lang\zh-cn.php
[ info ] [ BEHAVIOR ] Run app\common\behavior\Common @module_init [ RunTime:0.007010s ]
[ info ] [ SESSION ] INIT array (
  'id' => '',
  'var_session_id' => '',
  'prefix' => 'think',
  'type' => '',
  'auto_start' => true,
)
[ info ] [ LANG ] D:\wamp64\www\Work\supervision_backend\public/../application/admin/lang/zh-cn/index.php
[ info ] [ RUN ] app\admin\controller\Index->login[ D:\wamp64\www\Work\supervision_backend\application\admin\controller\Index.php ]
[ info ] [ DB ] INIT mysql
[ info ] [ BEHAVIOR ] Run app\admin\behavior\AdminLog @app_end [ RunTime:0.024899s ]
[ info ] [ LOG ] INIT File
[ sql ] [ DB ] CONNECT:[ UseTime:0.002030s ] mysql:host=127.0.0.1;dbname=supervision;charset=utf8
[ sql ] [ SQL ] SHOW COLUMNS FROM `s_admin` [ RunTime:0.002924s ]
[ sql ] [ SQL ] SELECT * FROM `s_admin` WHERE  `username` = '1111124' LIMIT 1 [ RunTime:0.002888s ]
[ sql ] [ SQL ] UPDATE `s_admin`  SET `logintime`=1545907630,`token`='c0f0f059-0df6-4093-b958-b0159357c13d',`updatetime`=1545907630  WHERE  `id` = 41 [ RunTime:0.037799s ]
[ sql ] [ SQL ] SHOW COLUMNS FROM `s_admin_log` [ RunTime:0.002192s ]
[ sql ] [ SQL ] INSERT INTO `s_admin_log` (`title` , `content` , `url` , `admin_id` , `username` , `useragent` , `ip` , `createtime`) VALUES ('登录' , '{\"__token__\":\"b5930bf8cffa1a2910b8f699ca9c9820\",\"username\":\"1111124\"}' , '/admin/index/login' , 41 , '1111124' , 'Mozilla/5.0 (Windows NT 10.0; WOW64) AppleWebKit/537.36 (KHTML, like Gecko) Chrome/69.0.3497.100 Safari/537.36' , '127.0.0.1' , 1545907630) [ RunTime:0.015874s ]
---------------------------------------------------------------
[ 2018-12-27T18:47:12+08:00 ] 127.0.0.1 GET www.jiandu.com/admin/index/index
[运行时间：1.281560s] [吞吐率：0.78req/s] [内存消耗：5,306.30kb] [文件加载：90]
[ info ] [ BEHAVIOR ] Run Closure @app_init [ RunTime:0.000103s ]
[ info ] [ CACHE ] INIT File
[ info ] [ BEHAVIOR ] Run Closure @app_init [ RunTime:0.118942s ]
[ info ] [ LANG ] D:\wamp64\www\Work\supervision_backend\thinkphp\lang\zh-cn.php
[ info ] [ ROUTE ] array (
  'type' => 'module',
  'module' => 
  array (
    0 => 'admin',
    1 => 'index',
    2 => 'index',
  ),
)
[ info ] [ HEADER ] array (
  'host' => 'www.jiandu.com',
  'connection' => 'keep-alive',
  'upgrade-insecure-requests' => '1',
  'user-agent' => 'Mozilla/5.0 (Windows NT 10.0; WOW64) AppleWebKit/537.36 (KHTML, like Gecko) Chrome/69.0.3497.100 Safari/537.36',
  'accept' => 'text/html,application/xhtml+xml,application/xml;q=0.9,image/webp,image/apng,*/*;q=0.8',
  'referer' => 'http://www.jiandu.com/admin/index/login',
  'accept-encoding' => 'gzip, deflate',
  'accept-language' => 'zh-CN,zh;q=0.9,en;q=0.8,la;q=0.7,und;q=0.6',
  'cookie' => 'thinkphp_show_page_trace=0|0; thinkphp_show_page_trace=0|0; PHPSESSID=7tudkqilk2974mnhejheouvth0; thinkphp_show_page_trace=0|0',
)
[ info ] [ PARAM ] array (
)
[ info ] [ LANG ] D:\wamp64\www\Work\supervision_backend\public/../application/admin\lang\zh-cn.php
[ info ] [ BEHAVIOR ] Run app\common\behavior\Common @module_init [ RunTime:0.013620s ]
[ info ] [ SESSION ] INIT array (
  'id' => '',
  'var_session_id' => '',
  'prefix' => 'think',
  'type' => '',
  'auto_start' => true,
)
[ info ] [ LANG ] D:\wamp64\www\Work\supervision_backend\public/../application/admin/lang/zh-cn/index.php
[ info ] [ RUN ] app\admin\controller\Index->index[ D:\wamp64\www\Work\supervision_backend\application\admin\controller\Index.php ]
[ info ] [ DB ] INIT mysql
[ info ] [ VIEW ] D:\wamp64\www\Work\supervision_backend\public/../application/admin\view\index\index.html [ array (
  0 => 'breadcrumb',
  1 => 'site',
  2 => 'config',
  3 => 'auth',
  4 => 'admin',
  5 => 'menulist',
  6 => 'navlist',
  7 => 'fixedmenu',
  8 => 'referermenu',
  9 => 'title',
) ]
[ info ] [ BEHAVIOR ] Run app\admin\behavior\AdminLog @app_end [ RunTime:0.003218s ]
[ info ] [ LOG ] INIT File
[ sql ] [ DB ] CONNECT:[ UseTime:0.001595s ] mysql:host=127.0.0.1;dbname=supervision;charset=utf8
[ sql ] [ SQL ] SHOW COLUMNS FROM `s_auth_group_access` [ RunTime:0.001668s ]
[ sql ] [ SQL ] SELECT `aga`.`uid`,`aga`.`group_id`,`ag`.`id`,`ag`.`pid`,`ag`.`name`,`ag`.`rules` FROM `s_auth_group_access` `aga` LEFT JOIN `s_auth_group` `ag` ON `aga`.`group_id`=`ag`.`id` WHERE  (  aga.uid='41' and ag.status='normal' ) [ RunTime:0.001073s ]
[ sql ] [ SQL ] SHOW COLUMNS FROM `s_auth_rule` [ RunTime:0.001472s ]
[ sql ] [ SQL ] SELECT `id`,`pid`,`condition`,`icon`,`name`,`title`,`ismenu` FROM `s_auth_rule` WHERE  `status` = 'normal'  AND `id` IN (69,79,84,87,78) [ RunTime:0.001068s ]
---------------------------------------------------------------
[ 2018-12-27T18:47:14+08:00 ] 127.0.0.1 GET www.jiandu.com/admin/ajax/lang?callback=define&controllername=index&v=1545907631
[运行时间：0.520467s] [吞吐率：1.92req/s] [内存消耗：3,949.14kb] [文件加载：70]
[ info ] [ BEHAVIOR ] Run Closure @app_init [ RunTime:0.000088s ]
[ info ] [ CACHE ] INIT File
[ info ] [ BEHAVIOR ] Run Closure @app_init [ RunTime:0.049543s ]
[ info ] [ LANG ] D:\wamp64\www\Work\supervision_backend\thinkphp\lang\zh-cn.php
[ info ] [ ROUTE ] array (
  'type' => 'module',
  'module' => 
  array (
    0 => 'admin',
    1 => 'ajax',
    2 => 'lang',
  ),
)
[ info ] [ HEADER ] array (
  'host' => 'www.jiandu.com',
  'connection' => 'keep-alive',
  'user-agent' => 'Mozilla/5.0 (Windows NT 10.0; WOW64) AppleWebKit/537.36 (KHTML, like Gecko) Chrome/69.0.3497.100 Safari/537.36',
  'accept' => '*/*',
  'referer' => 'http://www.jiandu.com/admin/index/index',
  'accept-encoding' => 'gzip, deflate',
  'accept-language' => 'zh-CN,zh;q=0.9,en;q=0.8,la;q=0.7,und;q=0.6',
  'cookie' => 'thinkphp_show_page_trace=0|0; PHPSESSID=7tudkqilk2974mnhejheouvth0; thinkphp_show_page_trace=0|0',
)
[ info ] [ PARAM ] array (
  'callback' => 'define',
  'controllername' => 'index',
  'v' => '1545907631',
)
[ info ] [ LANG ] D:\wamp64\www\Work\supervision_backend\public/../application/admin\lang\zh-cn.php
[ info ] [ BEHAVIOR ] Run app\common\behavior\Common @module_init [ RunTime:0.031997s ]
[ info ] [ SESSION ] INIT array (
  'id' => '',
  'var_session_id' => '',
  'prefix' => 'think',
  'type' => '',
  'auto_start' => true,
)
[ info ] [ LANG ] D:\wamp64\www\Work\supervision_backend\public/../application/admin/lang/zh-cn/ajax.php
[ info ] [ RUN ] app\admin\controller\Ajax->lang[ D:\wamp64\www\Work\supervision_backend\application\admin\controller\Ajax.php ]
[ info ] [ LANG ] D:\wamp64\www\Work\supervision_backend\public/../application/admin/lang/zh-cn/index.php
[ info ] [ BEHAVIOR ] Run app\admin\behavior\AdminLog @app_end [ RunTime:0.002425s ]
[ info ] [ LOG ] INIT File
---------------------------------------------------------------
[ 2018-12-27T18:47:16+08:00 ] 127.0.0.1 GET www.jiandu.com/admin/quality/chief/index?addtabs=1
[运行时间：1.128249s] [吞吐率：0.89req/s] [内存消耗：5,023.16kb] [文件加载：76]
[ info ] [ BEHAVIOR ] Run Closure @app_init [ RunTime:0.000086s ]
[ info ] [ CACHE ] INIT File
[ info ] [ BEHAVIOR ] Run Closure @app_init [ RunTime:0.091769s ]
[ info ] [ LANG ] D:\wamp64\www\Work\supervision_backend\thinkphp\lang\zh-cn.php
[ info ] [ ROUTE ] array (
  'type' => 'module',
  'module' => 
  array (
    0 => 'admin',
    1 => 'quality.chief',
    2 => 'index',
  ),
)
[ info ] [ HEADER ] array (
  'host' => 'www.jiandu.com',
  'connection' => 'keep-alive',
  'upgrade-insecure-requests' => '1',
  'user-agent' => 'Mozilla/5.0 (Windows NT 10.0; WOW64) AppleWebKit/537.36 (KHTML, like Gecko) Chrome/69.0.3497.100 Safari/537.36',
  'accept' => 'text/html,application/xhtml+xml,application/xml;q=0.9,image/webp,image/apng,*/*;q=0.8',
  'referer' => 'http://www.jiandu.com/admin/quality/chief/index?ref=addtabs',
  'accept-encoding' => 'gzip, deflate',
  'accept-language' => 'zh-CN,zh;q=0.9,en;q=0.8,la;q=0.7,und;q=0.6',
  'cookie' => 'thinkphp_show_page_trace=0|0; thinkphp_show_page_trace=0|0; thinkphp_show_page_trace=0|0; PHPSESSID=7tudkqilk2974mnhejheouvth0; thinkphp_show_page_trace=0|0',
)
[ info ] [ PARAM ] array (
  'addtabs' => '1',
)
[ info ] [ LANG ] D:\wamp64\www\Work\supervision_backend\public/../application/admin\lang\zh-cn.php
[ info ] [ BEHAVIOR ] Run app\common\behavior\Common @module_init [ RunTime:0.034657s ]
[ info ] [ SESSION ] INIT array (
  'id' => '',
  'var_session_id' => '',
  'prefix' => 'think',
  'type' => '',
  'auto_start' => true,
)
[ info ] [ DB ] INIT mysql
[ info ] [ RUN ] app\admin\controller\quality\Chief->index[ D:\wamp64\www\Work\supervision_backend\application\admin\controller\quality\Chief.php ]
[ info ] [ VIEW ] D:\wamp64\www\Work\supervision_backend\public/../application/admin\view\quality\chief\index.html [ array (
  0 => 'breadcrumb',
  1 => 'site',
  2 => 'config',
  3 => 'auth',
  4 => 'admin',
  5 => 'name',
  6 => 'time',
  7 => 'task',
) ]
[ info ] [ BEHAVIOR ] Run app\admin\behavior\AdminLog @app_end [ RunTime:0.002415s ]
[ info ] [ LOG ] INIT File
[ sql ] [ DB ] CONNECT:[ UseTime:0.001394s ] mysql:host=127.0.0.1;dbname=supervision;charset=utf8
[ sql ] [ SQL ] SHOW COLUMNS FROM `s_check_msg` [ RunTime:0.001684s ]
[ sql ] [ SQL ] SELECT * FROM `s_check_msg` WHERE  `quality_id` = '41'  AND `status` = 2 [ RunTime:0.000771s ]
[ sql ] [ SQL ] SHOW COLUMNS FROM `s_project` [ RunTime:0.002016s ]
[ sql ] [ SQL ] SELECT `project_name` FROM `s_project` WHERE  `id` IN ('') [ RunTime:0.000602s ]
---------------------------------------------------------------
[ 2018-12-27T18:47:17+08:00 ] 127.0.0.1 GET www.jiandu.com/admin/quality/voucher/index?addtabs=1
[运行时间：1.530363s] [吞吐率：0.65req/s] [内存消耗：4,996.63kb] [文件加载：77]
[ info ] [ BEHAVIOR ] Run Closure @app_init [ RunTime:0.000102s ]
[ info ] [ CACHE ] INIT File
[ info ] [ BEHAVIOR ] Run Closure @app_init [ RunTime:0.099018s ]
[ info ] [ LANG ] D:\wamp64\www\Work\supervision_backend\thinkphp\lang\zh-cn.php
[ info ] [ ROUTE ] array (
  'type' => 'module',
  'module' => 
  array (
    0 => 'admin',
    1 => 'quality.voucher',
    2 => 'index',
  ),
)
[ info ] [ HEADER ] array (
  'host' => 'www.jiandu.com',
  'connection' => 'keep-alive',
  'upgrade-insecure-requests' => '1',
  'user-agent' => 'Mozilla/5.0 (Windows NT 10.0; WOW64) AppleWebKit/537.36 (KHTML, like Gecko) Chrome/69.0.3497.100 Safari/537.36',
  'accept' => 'text/html,application/xhtml+xml,application/xml;q=0.9,image/webp,image/apng,*/*;q=0.8',
  'referer' => 'http://www.jiandu.com/admin/quality/voucher/index?ref=addtabs',
  'accept-encoding' => 'gzip, deflate',
  'accept-language' => 'zh-CN,zh;q=0.9,en;q=0.8,la;q=0.7,und;q=0.6',
  'cookie' => 'thinkphp_show_page_trace=0|0; thinkphp_show_page_trace=0|0; thinkphp_show_page_trace=0|0; PHPSESSID=7tudkqilk2974mnhejheouvth0; thinkphp_show_page_trace=0|0',
)
[ info ] [ PARAM ] array (
  'addtabs' => '1',
)
[ info ] [ LANG ] D:\wamp64\www\Work\supervision_backend\public/../application/admin\lang\zh-cn.php
[ info ] [ BEHAVIOR ] Run app\common\behavior\Common @module_init [ RunTime:0.025355s ]
[ info ] [ SESSION ] INIT array (
  'id' => '',
  'var_session_id' => '',
  'prefix' => 'think',
  'type' => '',
  'auto_start' => true,
)
[ info ] [ DB ] INIT mysql
[ info ] [ RUN ] app\admin\controller\quality\Voucher->index[ D:\wamp64\www\Work\supervision_backend\application\admin\controller\quality\Voucher.php ]
[ info ] [ VIEW ] D:\wamp64\www\Work\supervision_backend\public/../application/admin\view\quality\voucher\index.html [ array (
  0 => 'breadcrumb',
  1 => 'site',
  2 => 'config',
  3 => 'auth',
  4 => 'admin',
) ]
[ info ] [ BEHAVIOR ] Run app\admin\behavior\AdminLog @app_end [ RunTime:0.002215s ]
[ info ] [ LOG ] INIT File
[ sql ] [ DB ] CONNECT:[ UseTime:0.001195s ] mysql:host=127.0.0.1;dbname=supervision;charset=utf8
[ sql ] [ SQL ] SHOW COLUMNS FROM `s_auth_rule` [ RunTime:0.002461s ]
[ sql ] [ SQL ] SELECT `title`,`remark` FROM `s_auth_rule` WHERE  `name` = 'quality/voucher' LIMIT 1 [ RunTime:0.001915s ]
[ sql ] [ SQL ] SHOW COLUMNS FROM `s_auth_group_access` [ RunTime:0.001482s ]
[ sql ] [ SQL ] SELECT `aga`.`uid`,`aga`.`group_id`,`ag`.`id`,`ag`.`pid`,`ag`.`name`,`ag`.`rules` FROM `s_auth_group_access` `aga` LEFT JOIN `s_auth_group` `ag` ON `aga`.`group_id`=`ag`.`id` WHERE  (  aga.uid='41' and ag.status='normal' ) [ RunTime:0.000813s ]
[ sql ] [ SQL ] SELECT `id`,`pid`,`condition`,`icon`,`name`,`title`,`ismenu` FROM `s_auth_rule` WHERE  `status` = 'normal'  AND `id` IN (69,79,84,87,78) [ RunTime:0.000824s ]
---------------------------------------------------------------
[ 2018-12-27T18:47:18+08:00 ] 127.0.0.1 GET www.jiandu.com/admin/ajax/lang?callback=define&controllername=quality.chief&v=1545907635
[运行时间：0.528629s] [吞吐率：1.89req/s] [内存消耗：3,943.62kb] [文件加载：69]
[ info ] [ BEHAVIOR ] Run Closure @app_init [ RunTime:0.000231s ]
[ info ] [ CACHE ] INIT File
[ info ] [ BEHAVIOR ] Run Closure @app_init [ RunTime:0.086109s ]
[ info ] [ LANG ] D:\wamp64\www\Work\supervision_backend\thinkphp\lang\zh-cn.php
[ info ] [ ROUTE ] array (
  'type' => 'module',
  'module' => 
  array (
    0 => 'admin',
    1 => 'ajax',
    2 => 'lang',
  ),
)
[ info ] [ HEADER ] array (
  'host' => 'www.jiandu.com',
  'connection' => 'keep-alive',
  'user-agent' => 'Mozilla/5.0 (Windows NT 10.0; WOW64) AppleWebKit/537.36 (KHTML, like Gecko) Chrome/69.0.3497.100 Safari/537.36',
  'accept' => '*/*',
  'referer' => 'http://www.jiandu.com/admin/quality/chief/index?addtabs=1',
  'accept-encoding' => 'gzip, deflate',
  'accept-language' => 'zh-CN,zh;q=0.9,en;q=0.8,la;q=0.7,und;q=0.6',
  'cookie' => 'thinkphp_show_page_trace=0|0; PHPSESSID=7tudkqilk2974mnhejheouvth0; thinkphp_show_page_trace=0|0',
)
[ info ] [ PARAM ] array (
  'callback' => 'define',
  'controllername' => 'quality.chief',
  'v' => '1545907635',
)
[ info ] [ LANG ] D:\wamp64\www\Work\supervision_backend\public/../application/admin\lang\zh-cn.php
[ info ] [ BEHAVIOR ] Run app\common\behavior\Common @module_init [ RunTime:0.007710s ]
[ info ] [ SESSION ] INIT array (
  'id' => '',
  'var_session_id' => '',
  'prefix' => 'think',
  'type' => '',
  'auto_start' => true,
)
[ info ] [ LANG ] D:\wamp64\www\Work\supervision_backend\public/../application/admin/lang/zh-cn/ajax.php
[ info ] [ RUN ] app\admin\controller\Ajax->lang[ D:\wamp64\www\Work\supervision_backend\application\admin\controller\Ajax.php ]
[ info ] [ BEHAVIOR ] Run app\admin\behavior\AdminLog @app_end [ RunTime:0.001905s ]
[ info ] [ LOG ] INIT File
---------------------------------------------------------------
[ 2018-12-27T18:47:19+08:00 ] 127.0.0.1 GET www.jiandu.com/admin/ajax/lang?callback=define&controllername=quality.voucher&v=1545907636
[运行时间：0.866315s] [吞吐率：1.15req/s] [内存消耗：3,943.62kb] [文件加载：69]
[ info ] [ BEHAVIOR ] Run Closure @app_init [ RunTime:0.000098s ]
[ info ] [ CACHE ] INIT File
[ info ] [ BEHAVIOR ] Run Closure @app_init [ RunTime:0.135887s ]
[ info ] [ LANG ] D:\wamp64\www\Work\supervision_backend\thinkphp\lang\zh-cn.php
[ info ] [ ROUTE ] array (
  'type' => 'module',
  'module' => 
  array (
    0 => 'admin',
    1 => 'ajax',
    2 => 'lang',
  ),
)
[ info ] [ HEADER ] array (
  'host' => 'www.jiandu.com',
  'connection' => 'keep-alive',
  'user-agent' => 'Mozilla/5.0 (Windows NT 10.0; WOW64) AppleWebKit/537.36 (KHTML, like Gecko) Chrome/69.0.3497.100 Safari/537.36',
  'accept' => '*/*',
  'referer' => 'http://www.jiandu.com/admin/quality/voucher/index?addtabs=1',
  'accept-encoding' => 'gzip, deflate',
  'accept-language' => 'zh-CN,zh;q=0.9,en;q=0.8,la;q=0.7,und;q=0.6',
  'cookie' => 'thinkphp_show_page_trace=0|0; PHPSESSID=7tudkqilk2974mnhejheouvth0; thinkphp_show_page_trace=0|0',
)
[ info ] [ PARAM ] array (
  'callback' => 'define',
  'controllername' => 'quality.voucher',
  'v' => '1545907636',
)
[ info ] [ LANG ] D:\wamp64\www\Work\supervision_backend\public/../application/admin\lang\zh-cn.php
[ info ] [ BEHAVIOR ] Run app\common\behavior\Common @module_init [ RunTime:0.012589s ]
[ info ] [ SESSION ] INIT array (
  'id' => '',
  'var_session_id' => '',
  'prefix' => 'think',
  'type' => '',
  'auto_start' => true,
)
[ info ] [ LANG ] D:\wamp64\www\Work\supervision_backend\public/../application/admin/lang/zh-cn/ajax.php
[ info ] [ RUN ] app\admin\controller\Ajax->lang[ D:\wamp64\www\Work\supervision_backend\application\admin\controller\Ajax.php ]
[ info ] [ BEHAVIOR ] Run app\admin\behavior\AdminLog @app_end [ RunTime:0.002288s ]
[ info ] [ LOG ] INIT File
---------------------------------------------------------------
[ 2018-12-27T18:47:21+08:00 ] 127.0.0.1 GET www.jiandu.com/admin/quality/chief/index?sort=id&order=desc&offset=0&limit=10&filter=%7B%7D&op=%7B%7D&_=1545907637074
[运行时间：0.638659s] [吞吐率：1.57req/s] [内存消耗：4,997.69kb] [文件加载：75]
[ info ] [ BEHAVIOR ] Run Closure @app_init [ RunTime:0.000096s ]
[ info ] [ CACHE ] INIT File
[ info ] [ BEHAVIOR ] Run Closure @app_init [ RunTime:0.005800s ]
[ info ] [ LANG ] D:\wamp64\www\Work\supervision_backend\thinkphp\lang\zh-cn.php
[ info ] [ ROUTE ] array (
  'type' => 'module',
  'module' => 
  array (
    0 => 'admin',
    1 => 'quality.chief',
    2 => 'index',
  ),
)
[ info ] [ HEADER ] array (
  'host' => 'www.jiandu.com',
  'connection' => 'keep-alive',
  'accept' => 'application/json, text/javascript, */*; q=0.01',
  'x-requested-with' => 'XMLHttpRequest',
  'user-agent' => 'Mozilla/5.0 (Windows NT 10.0; WOW64) AppleWebKit/537.36 (KHTML, like Gecko) Chrome/69.0.3497.100 Safari/537.36',
  'content-type' => 'application/json',
  'referer' => 'http://www.jiandu.com/admin/quality/chief/index?addtabs=1',
  'accept-encoding' => 'gzip, deflate',
  'accept-language' => 'zh-CN,zh;q=0.9,en;q=0.8,la;q=0.7,und;q=0.6',
  'cookie' => 'thinkphp_show_page_trace=0|0; thinkphp_show_page_trace=0|0; thinkphp_show_page_trace=0|0; PHPSESSID=7tudkqilk2974mnhejheouvth0; thinkphp_show_page_trace=0|0',
)
[ info ] [ PARAM ] array (
  'sort' => 'id',
  'order' => 'desc',
  'offset' => '0',
  'limit' => '10',
  'filter' => '{}',
  'op' => '{}',
  '_' => '1545907637074',
)
[ info ] [ LANG ] D:\wamp64\www\Work\supervision_backend\public/../application/admin\lang\zh-cn.php
[ info ] [ BEHAVIOR ] Run app\common\behavior\Common @module_init [ RunTime:0.007148s ]
[ info ] [ SESSION ] INIT array (
  'id' => '',
  'var_session_id' => '',
  'prefix' => 'think',
  'type' => '',
  'auto_start' => true,
)
[ info ] [ DB ] INIT mysql
[ info ] [ RUN ] app\admin\controller\quality\Chief->index[ D:\wamp64\www\Work\supervision_backend\application\admin\controller\quality\Chief.php ]
[ info ] [ BEHAVIOR ] Run app\admin\behavior\AdminLog @app_end [ RunTime:0.002203s ]
[ info ] [ LOG ] INIT File
[ sql ] [ DB ] CONNECT:[ UseTime:0.001185s ] mysql:host=127.0.0.1;dbname=supervision;charset=utf8
[ sql ] [ SQL ] SHOW COLUMNS FROM `s_check_msg` [ RunTime:0.001780s ]
[ sql ] [ SQL ] SELECT * FROM `s_check_msg` WHERE  `quality_id` = '41'  AND `status` = 2 [ RunTime:0.000823s ]
[ sql ] [ SQL ] SHOW COLUMNS FROM `s_project` [ RunTime:0.001671s ]
[ sql ] [ SQL ] SELECT `project_name` FROM `s_project` WHERE  `id` IN ('') [ RunTime:0.001024s ]
[ sql ] [ SQL ] SELECT COUNT(*) AS tp_count FROM `s_project` `project` INNER JOIN `s_quality_info` `i` ON `project`.`quality_info`=`i`.`id` WHERE  `quality_id` = 41 ORDER BY `project`.`id` DESC LIMIT 1 [ RunTime:0.001174s ]
[ sql ] [ SQL ] SELECT `project`.`id`,`project`.`build_dept`,`project`.`project_name`,`project`.`quality_code`,`project`.`address`,i.project_kind `i.project_kind`,i.status `i.status` FROM `s_project` `project` INNER JOIN `s_quality_info` `i` ON `project`.`quality_info`=`i`.`id` WHERE  `quality_id` = 41 ORDER BY `project`.`id` DESC LIMIT 0,10 [ RunTime:0.001031s ]
---------------------------------------------------------------
[ 2018-12-27T18:47:22+08:00 ] 127.0.0.1 GET www.jiandu.com/admin/quality/voucher/index?sort=id&order=desc&offset=0&limit=10&filter=%7B%7D&op=%7B%7D&_=1545907638503
[运行时间：0.640767s] [吞吐率：1.56req/s] [内存消耗：4,942.40kb] [文件加载：75]
[ info ] [ BEHAVIOR ] Run Closure @app_init [ RunTime:0.000106s ]
[ info ] [ CACHE ] INIT File
[ info ] [ BEHAVIOR ] Run Closure @app_init [ RunTime:0.133435s ]
[ info ] [ LANG ] D:\wamp64\www\Work\supervision_backend\thinkphp\lang\zh-cn.php
[ info ] [ ROUTE ] array (
  'type' => 'module',
  'module' => 
  array (
    0 => 'admin',
    1 => 'quality.voucher',
    2 => 'index',
  ),
)
[ info ] [ HEADER ] array (
  'host' => 'www.jiandu.com',
  'connection' => 'keep-alive',
  'accept' => 'application/json, text/javascript, */*; q=0.01',
  'x-requested-with' => 'XMLHttpRequest',
  'user-agent' => 'Mozilla/5.0 (Windows NT 10.0; WOW64) AppleWebKit/537.36 (KHTML, like Gecko) Chrome/69.0.3497.100 Safari/537.36',
  'content-type' => 'application/json',
  'referer' => 'http://www.jiandu.com/admin/quality/voucher/index?addtabs=1',
  'accept-encoding' => 'gzip, deflate',
  'accept-language' => 'zh-CN,zh;q=0.9,en;q=0.8,la;q=0.7,und;q=0.6',
  'cookie' => 'thinkphp_show_page_trace=0|0; thinkphp_show_page_trace=0|0; thinkphp_show_page_trace=0|0; PHPSESSID=7tudkqilk2974mnhejheouvth0; thinkphp_show_page_trace=0|0',
)
[ info ] [ PARAM ] array (
  'sort' => 'id',
  'order' => 'desc',
  'offset' => '0',
  'limit' => '10',
  'filter' => '{}',
  'op' => '{}',
  '_' => '1545907638503',
)
[ info ] [ LANG ] D:\wamp64\www\Work\supervision_backend\public/../application/admin\lang\zh-cn.php
[ info ] [ BEHAVIOR ] Run app\common\behavior\Common @module_init [ RunTime:0.008811s ]
[ info ] [ SESSION ] INIT array (
  'id' => '',
  'var_session_id' => '',
  'prefix' => 'think',
  'type' => '',
  'auto_start' => true,
)
[ info ] [ DB ] INIT mysql
[ info ] [ RUN ] app\admin\controller\quality\Voucher->index[ D:\wamp64\www\Work\supervision_backend\application\admin\controller\quality\Voucher.php ]
[ info ] [ BEHAVIOR ] Run app\admin\behavior\AdminLog @app_end [ RunTime:0.002301s ]
[ info ] [ LOG ] INIT File
[ sql ] [ DB ] CONNECT:[ UseTime:0.001226s ] mysql:host=127.0.0.1;dbname=supervision;charset=utf8
[ sql ] [ SQL ] SHOW COLUMNS FROM `s_project_voucher` [ RunTime:0.003986s ]
[ sql ] [ SQL ] SELECT COUNT(*) AS tp_count FROM `s_project_voucher` `project_voucher` INNER JOIN `s_project` `i` ON `project_voucher`.`project_id`=`i`.`id` WHERE  `project_voucher`.`quality_id` = 41 ORDER BY `project_voucher`.`id` DESC LIMIT 1 [ RunTime:0.001891s ]
[ sql ] [ SQL ] SELECT `project_voucher`.`id`,`project_voucher`.`project_images`,`project_voucher`.`project_desc`,`project_voucher`.`push_time`,`project_voucher`.`edit_status`,`project_voucher`.`del_status`,i.project_name `i.project_name`,i.build_dept `i.build_dept` FROM `s_project_voucher` `project_voucher` INNER JOIN `s_project` `i` ON `project_voucher`.`project_id`=`i`.`id` WHERE  `project_voucher`.`quality_id` = 41 ORDER BY `project_voucher`.`id` DESC LIMIT 0,10 [ RunTime:0.001520s ]
---------------------------------------------------------------
[ 2018-12-27T18:47:24+08:00 ] 127.0.0.1 GET www.jiandu.com/uploads/20181219/1f57273526285652b4a82e085c46720a.png
[运行时间：0.765038s] [吞吐率：1.31req/s] [内存消耗：2,336.34kb] [文件加载：51]
[ info ] [ BEHAVIOR ] Run Closure @app_init [ RunTime:0.000098s ]
[ info ] [ CACHE ] INIT File
[ info ] [ BEHAVIOR ] Run Closure @app_init [ RunTime:0.185954s ]
[ info ] [ LANG ] D:\wamp64\www\Work\supervision_backend\thinkphp\lang\zh-cn.php
[ info ] [ ROUTE ] array (
  'type' => 'module',
  'module' => 
  array (
    0 => 'uploads',
    1 => '20181219',
    2 => '1f57273526285652b4a82e085c46720a.png',
  ),
)
[ info ] [ HEADER ] array (
  'host' => 'www.jiandu.com',
  'connection' => 'keep-alive',
  'user-agent' => 'Mozilla/5.0 (Windows NT 10.0; WOW64) AppleWebKit/537.36 (KHTML, like Gecko) Chrome/69.0.3497.100 Safari/537.36',
  'accept' => 'image/webp,image/apng,image/*,*/*;q=0.8',
  'referer' => 'http://www.jiandu.com/admin/quality/voucher/index?addtabs=1',
  'accept-encoding' => 'gzip, deflate',
  'accept-language' => 'zh-CN,zh;q=0.9,en;q=0.8,la;q=0.7,und;q=0.6',
  'cookie' => 'thinkphp_show_page_trace=0|0; PHPSESSID=7tudkqilk2974mnhejheouvth0; thinkphp_show_page_trace=0|0',
)
[ info ] [ PARAM ] array (
)
[ info ] [ LOG ] INIT File
---------------------------------------------------------------
[ 2018-12-27T18:47:24+08:00 ] 127.0.0.1 GET www.jiandu.com/uploads/20181219/665fda4467df6859b515c5db0f5eaa06.png
[运行时间：0.793364s] [吞吐率：1.26req/s] [内存消耗：2,336.34kb] [文件加载：51]
[ info ] [ BEHAVIOR ] Run Closure @app_init [ RunTime:0.000175s ]
[ info ] [ CACHE ] INIT File
[ info ] [ BEHAVIOR ] Run Closure @app_init [ RunTime:0.092041s ]
[ info ] [ LANG ] D:\wamp64\www\Work\supervision_backend\thinkphp\lang\zh-cn.php
[ info ] [ ROUTE ] array (
  'type' => 'module',
  'module' => 
  array (
    0 => 'uploads',
    1 => '20181219',
    2 => '665fda4467df6859b515c5db0f5eaa06.png',
  ),
)
[ info ] [ HEADER ] array (
  'host' => 'www.jiandu.com',
  'connection' => 'keep-alive',
  'user-agent' => 'Mozilla/5.0 (Windows NT 10.0; WOW64) AppleWebKit/537.36 (KHTML, like Gecko) Chrome/69.0.3497.100 Safari/537.36',
  'accept' => 'image/webp,image/apng,image/*,*/*;q=0.8',
  'referer' => 'http://www.jiandu.com/admin/quality/voucher/index?addtabs=1',
  'accept-encoding' => 'gzip, deflate',
  'accept-language' => 'zh-CN,zh;q=0.9,en;q=0.8,la;q=0.7,und;q=0.6',
  'cookie' => 'thinkphp_show_page_trace=0|0; PHPSESSID=7tudkqilk2974mnhejheouvth0; thinkphp_show_page_trace=0|0',
)
[ info ] [ PARAM ] array (
)
[ info ] [ LOG ] INIT File
---------------------------------------------------------------
[ 2018-12-27T18:47:32+08:00 ] 127.0.0.1 GET www.jiandu.com/admin/index/logout
[运行时间：0.795438s] [吞吐率：1.26req/s] [内存消耗：5,048.83kb] [文件加载：79]
[ info ] [ BEHAVIOR ] Run Closure @app_init [ RunTime:0.000111s ]
[ info ] [ CACHE ] INIT File
[ info ] [ BEHAVIOR ] Run Closure @app_init [ RunTime:0.199065s ]
[ info ] [ LANG ] D:\wamp64\www\Work\supervision_backend\thinkphp\lang\zh-cn.php
[ info ] [ ROUTE ] array (
  'type' => 'module',
  'module' => 
  array (
    0 => 'admin',
    1 => 'index',
    2 => 'logout',
  ),
)
[ info ] [ HEADER ] array (
  'host' => 'www.jiandu.com',
  'connection' => 'keep-alive',
  'upgrade-insecure-requests' => '1',
  'user-agent' => 'Mozilla/5.0 (Windows NT 10.0; WOW64) AppleWebKit/537.36 (KHTML, like Gecko) Chrome/69.0.3497.100 Safari/537.36',
  'accept' => 'text/html,application/xhtml+xml,application/xml;q=0.9,image/webp,image/apng,*/*;q=0.8',
  'referer' => 'http://www.jiandu.com/admin/quality/voucher/index?ref=addtabs',
  'accept-encoding' => 'gzip, deflate',
  'accept-language' => 'zh-CN,zh;q=0.9,en;q=0.8,la;q=0.7,und;q=0.6',
  'cookie' => 'thinkphp_show_page_trace=0|0; thinkphp_show_page_trace=0|0; PHPSESSID=7tudkqilk2974mnhejheouvth0; thinkphp_show_page_trace=0|0',
)
[ info ] [ PARAM ] array (
)
[ info ] [ LANG ] D:\wamp64\www\Work\supervision_backend\public/../application/admin\lang\zh-cn.php
[ info ] [ BEHAVIOR ] Run app\common\behavior\Common @module_init [ RunTime:0.007268s ]
[ info ] [ SESSION ] INIT array (
  'id' => '',
  'var_session_id' => '',
  'prefix' => 'think',
  'type' => '',
  'auto_start' => true,
)
[ info ] [ LANG ] D:\wamp64\www\Work\supervision_backend\public/../application/admin/lang/zh-cn/index.php
[ info ] [ RUN ] app\admin\controller\Index->logout[ D:\wamp64\www\Work\supervision_backend\application\admin\controller\Index.php ]
[ info ] [ DB ] INIT mysql
[ info ] [ VIEW ] D:\wamp64\www\Work\supervision_backend\public/../application/common\view\tpl\dispatch_jump.tpl [ array (
  0 => 'breadcrumb',
  1 => 'site',
  2 => 'config',
  3 => 'auth',
  4 => 'admin',
  5 => 'code',
  6 => 'msg',
  7 => 'data',
  8 => 'url',
  9 => 'wait',
) ]
[ info ] [ BEHAVIOR ] Run app\admin\behavior\AdminLog @app_end [ RunTime:0.002379s ]
[ info ] [ LOG ] INIT File
[ sql ] [ DB ] CONNECT:[ UseTime:0.002398s ] mysql:host=127.0.0.1;dbname=supervision;charset=utf8
[ sql ] [ SQL ] SHOW COLUMNS FROM `s_admin` [ RunTime:0.002714s ]
[ sql ] [ SQL ] SELECT * FROM `s_admin` WHERE  `id` = 41 LIMIT 1 [ RunTime:0.000931s ]
[ sql ] [ SQL ] UPDATE `s_admin`  SET `token`='',`updatetime`=1545907651  WHERE  `id` = 41 [ RunTime:0.006629s ]
---------------------------------------------------------------
[ 2018-12-27T18:47:35+08:00 ] 127.0.0.1 GET www.jiandu.com/admin/index/login
[运行时间：0.746313s] [吞吐率：1.34req/s] [内存消耗：4,039.70kb] [文件加载：72]
[ info ] [ BEHAVIOR ] Run Closure @app_init [ RunTime:0.000109s ]
[ info ] [ CACHE ] INIT File
[ info ] [ BEHAVIOR ] Run Closure @app_init [ RunTime:0.114900s ]
[ info ] [ LANG ] D:\wamp64\www\Work\supervision_backend\thinkphp\lang\zh-cn.php
[ info ] [ ROUTE ] array (
  'type' => 'module',
  'module' => 
  array (
    0 => 'admin',
    1 => 'index',
    2 => 'login',
  ),
)
[ info ] [ HEADER ] array (
  'host' => 'www.jiandu.com',
  'connection' => 'keep-alive',
  'upgrade-insecure-requests' => '1',
  'user-agent' => 'Mozilla/5.0 (Windows NT 10.0; WOW64) AppleWebKit/537.36 (KHTML, like Gecko) Chrome/69.0.3497.100 Safari/537.36',
  'accept' => 'text/html,application/xhtml+xml,application/xml;q=0.9,image/webp,image/apng,*/*;q=0.8',
  'referer' => 'http://www.jiandu.com/admin/index/logout',
  'accept-encoding' => 'gzip, deflate',
  'accept-language' => 'zh-CN,zh;q=0.9,en;q=0.8,la;q=0.7,und;q=0.6',
  'cookie' => 'thinkphp_show_page_trace=0|0; thinkphp_show_page_trace=0|0; PHPSESSID=7tudkqilk2974mnhejheouvth0; thinkphp_show_page_trace=0|0',
)
[ info ] [ PARAM ] array (
)
[ info ] [ LANG ] D:\wamp64\www\Work\supervision_backend\public/../application/admin\lang\zh-cn.php
[ info ] [ BEHAVIOR ] Run app\common\behavior\Common @module_init [ RunTime:0.015496s ]
[ info ] [ SESSION ] INIT array (
  'id' => '',
  'var_session_id' => '',
  'prefix' => 'think',
  'type' => '',
  'auto_start' => true,
)
[ info ] [ LANG ] D:\wamp64\www\Work\supervision_backend\public/../application/admin/lang/zh-cn/index.php
[ info ] [ RUN ] app\admin\controller\Index->login[ D:\wamp64\www\Work\supervision_backend\application\admin\controller\Index.php ]
[ info ] [ VIEW ] D:\wamp64\www\Work\supervision_backend\public/../application/admin\view\index\login.html [ array (
  0 => 'breadcrumb',
  1 => 'site',
  2 => 'config',
  3 => 'auth',
  4 => 'admin',
  5 => 'background',
  6 => 'title',
) ]
[ info ] [ BEHAVIOR ] Run app\admin\behavior\AdminLog @app_end [ RunTime:0.002078s ]
[ info ] [ LOG ] INIT File
---------------------------------------------------------------
[ 2018-12-27T18:47:37+08:00 ] 127.0.0.1 GET www.jiandu.com/admin/ajax/lang?callback=define&controllername=index&v=1545907654
[运行时间：0.655280s] [吞吐率：1.53req/s] [内存消耗：3,946.15kb] [文件加载：70]
[ info ] [ BEHAVIOR ] Run Closure @app_init [ RunTime:0.000092s ]
[ info ] [ CACHE ] INIT File
[ info ] [ BEHAVIOR ] Run Closure @app_init [ RunTime:0.122796s ]
[ info ] [ LANG ] D:\wamp64\www\Work\supervision_backend\thinkphp\lang\zh-cn.php
[ info ] [ ROUTE ] array (
  'type' => 'module',
  'module' => 
  array (
    0 => 'admin',
    1 => 'ajax',
    2 => 'lang',
  ),
)
[ info ] [ HEADER ] array (
  'host' => 'www.jiandu.com',
  'connection' => 'keep-alive',
  'user-agent' => 'Mozilla/5.0 (Windows NT 10.0; WOW64) AppleWebKit/537.36 (KHTML, like Gecko) Chrome/69.0.3497.100 Safari/537.36',
  'accept' => '*/*',
  'referer' => 'http://www.jiandu.com/admin/index/login',
  'accept-encoding' => 'gzip, deflate',
  'accept-language' => 'zh-CN,zh;q=0.9,en;q=0.8,la;q=0.7,und;q=0.6',
  'cookie' => 'thinkphp_show_page_trace=0|0; PHPSESSID=7tudkqilk2974mnhejheouvth0; thinkphp_show_page_trace=0|0',
)
[ info ] [ PARAM ] array (
  'callback' => 'define',
  'controllername' => 'index',
  'v' => '1545907654',
)
[ info ] [ LANG ] D:\wamp64\www\Work\supervision_backend\public/../application/admin\lang\zh-cn.php
[ info ] [ BEHAVIOR ] Run app\common\behavior\Common @module_init [ RunTime:0.008510s ]
[ info ] [ SESSION ] INIT array (
  'id' => '',
  'var_session_id' => '',
  'prefix' => 'think',
  'type' => '',
  'auto_start' => true,
)
[ info ] [ LANG ] D:\wamp64\www\Work\supervision_backend\public/../application/admin/lang/zh-cn/ajax.php
[ info ] [ RUN ] app\admin\controller\Ajax->lang[ D:\wamp64\www\Work\supervision_backend\application\admin\controller\Ajax.php ]
[ info ] [ LANG ] D:\wamp64\www\Work\supervision_backend\public/../application/admin/lang/zh-cn/index.php
[ info ] [ BEHAVIOR ] Run app\admin\behavior\AdminLog @app_end [ RunTime:0.002896s ]
[ info ] [ LOG ] INIT File
---------------------------------------------------------------
[ 2018-12-27T18:47:44+08:00 ] 127.0.0.1 POST www.jiandu.com/admin/index/login
[运行时间：0.784426s] [吞吐率：1.27req/s] [内存消耗：5,037.61kb] [文件加载：78]
[ info ] [ BEHAVIOR ] Run Closure @app_init [ RunTime:0.000101s ]
[ info ] [ CACHE ] INIT File
[ info ] [ BEHAVIOR ] Run Closure @app_init [ RunTime:0.128360s ]
[ info ] [ LANG ] D:\wamp64\www\Work\supervision_backend\thinkphp\lang\zh-cn.php
[ info ] [ ROUTE ] array (
  'type' => 'module',
  'module' => 
  array (
    0 => 'admin',
    1 => 'index',
    2 => 'login',
  ),
)
[ info ] [ HEADER ] array (
  'host' => 'www.jiandu.com',
  'connection' => 'keep-alive',
  'content-length' => '75',
  'accept' => 'application/json, text/javascript, */*; q=0.01',
  'origin' => 'http://www.jiandu.com',
  'x-requested-with' => 'XMLHttpRequest',
  'user-agent' => 'Mozilla/5.0 (Windows NT 10.0; WOW64) AppleWebKit/537.36 (KHTML, like Gecko) Chrome/69.0.3497.100 Safari/537.36',
  'content-type' => 'application/x-www-form-urlencoded; charset=UTF-8',
  'referer' => 'http://www.jiandu.com/admin/index/login',
  'accept-encoding' => 'gzip, deflate',
  'accept-language' => 'zh-CN,zh;q=0.9,en;q=0.8,la;q=0.7,und;q=0.6',
  'cookie' => 'thinkphp_show_page_trace=0|0; thinkphp_show_page_trace=0|0; PHPSESSID=7tudkqilk2974mnhejheouvth0; thinkphp_show_page_trace=0|0',
)
[ info ] [ PARAM ] array (
  '__token__' => 'cd89d44fdc64f7b1299a81be53a7a3f0',
  'username' => '1111121',
  'password' => '123456',
)
[ info ] [ LANG ] D:\wamp64\www\Work\supervision_backend\public/../application/admin\lang\zh-cn.php
[ info ] [ BEHAVIOR ] Run app\common\behavior\Common @module_init [ RunTime:0.010098s ]
[ info ] [ SESSION ] INIT array (
  'id' => '',
  'var_session_id' => '',
  'prefix' => 'think',
  'type' => '',
  'auto_start' => true,
)
[ info ] [ LANG ] D:\wamp64\www\Work\supervision_backend\public/../application/admin/lang/zh-cn/index.php
[ info ] [ RUN ] app\admin\controller\Index->login[ D:\wamp64\www\Work\supervision_backend\application\admin\controller\Index.php ]
[ info ] [ DB ] INIT mysql
[ info ] [ BEHAVIOR ] Run app\admin\behavior\AdminLog @app_end [ RunTime:0.010544s ]
[ info ] [ LOG ] INIT File
[ sql ] [ DB ] CONNECT:[ UseTime:0.001704s ] mysql:host=127.0.0.1;dbname=supervision;charset=utf8
[ sql ] [ SQL ] SHOW COLUMNS FROM `s_admin` [ RunTime:0.003446s ]
[ sql ] [ SQL ] SELECT * FROM `s_admin` WHERE  `username` = '1111121' LIMIT 1 [ RunTime:0.001495s ]
[ sql ] [ SQL ] UPDATE `s_admin`  SET `logintime`=1545907664,`token`='d039a044-fd51-4164-8868-870a22ae3430',`updatetime`=1545907664  WHERE  `id` = 38 [ RunTime:0.049560s ]
[ sql ] [ SQL ] SHOW COLUMNS FROM `s_admin_log` [ RunTime:0.001769s ]
[ sql ] [ SQL ] INSERT INTO `s_admin_log` (`title` , `content` , `url` , `admin_id` , `username` , `useragent` , `ip` , `createtime`) VALUES ('登录' , '{\"__token__\":\"cd89d44fdc64f7b1299a81be53a7a3f0\",\"username\":\"1111121\"}' , '/admin/index/login' , 38 , '1111121' , 'Mozilla/5.0 (Windows NT 10.0; WOW64) AppleWebKit/537.36 (KHTML, like Gecko) Chrome/69.0.3497.100 Safari/537.36' , '127.0.0.1' , 1545907664) [ RunTime:0.003763s ]
---------------------------------------------------------------
[ 2018-12-27T18:47:46+08:00 ] 127.0.0.1 GET www.jiandu.com/admin/index/index
[运行时间：1.099687s] [吞吐率：0.91req/s] [内存消耗：5,310.15kb] [文件加载：90]
[ info ] [ BEHAVIOR ] Run Closure @app_init [ RunTime:0.000100s ]
[ info ] [ CACHE ] INIT File
[ info ] [ BEHAVIOR ] Run Closure @app_init [ RunTime:0.160112s ]
[ info ] [ LANG ] D:\wamp64\www\Work\supervision_backend\thinkphp\lang\zh-cn.php
[ info ] [ ROUTE ] array (
  'type' => 'module',
  'module' => 
  array (
    0 => 'admin',
    1 => 'index',
    2 => 'index',
  ),
)
[ info ] [ HEADER ] array (
  'host' => 'www.jiandu.com',
  'connection' => 'keep-alive',
  'upgrade-insecure-requests' => '1',
  'user-agent' => 'Mozilla/5.0 (Windows NT 10.0; WOW64) AppleWebKit/537.36 (KHTML, like Gecko) Chrome/69.0.3497.100 Safari/537.36',
  'accept' => 'text/html,application/xhtml+xml,application/xml;q=0.9,image/webp,image/apng,*/*;q=0.8',
  'referer' => 'http://www.jiandu.com/admin/index/login',
  'accept-encoding' => 'gzip, deflate',
  'accept-language' => 'zh-CN,zh;q=0.9,en;q=0.8,la;q=0.7,und;q=0.6',
  'cookie' => 'thinkphp_show_page_trace=0|0; thinkphp_show_page_trace=0|0; PHPSESSID=7tudkqilk2974mnhejheouvth0; thinkphp_show_page_trace=0|0',
)
[ info ] [ PARAM ] array (
)
[ info ] [ LANG ] D:\wamp64\www\Work\supervision_backend\public/../application/admin\lang\zh-cn.php
[ info ] [ BEHAVIOR ] Run app\common\behavior\Common @module_init [ RunTime:0.015766s ]
[ info ] [ SESSION ] INIT array (
  'id' => '',
  'var_session_id' => '',
  'prefix' => 'think',
  'type' => '',
  'auto_start' => true,
)
[ info ] [ LANG ] D:\wamp64\www\Work\supervision_backend\public/../application/admin/lang/zh-cn/index.php
[ info ] [ RUN ] app\admin\controller\Index->index[ D:\wamp64\www\Work\supervision_backend\application\admin\controller\Index.php ]
[ info ] [ DB ] INIT mysql
[ info ] [ VIEW ] D:\wamp64\www\Work\supervision_backend\public/../application/admin\view\index\index.html [ array (
  0 => 'breadcrumb',
  1 => 'site',
  2 => 'config',
  3 => 'auth',
  4 => 'admin',
  5 => 'menulist',
  6 => 'navlist',
  7 => 'fixedmenu',
  8 => 'referermenu',
  9 => 'title',
) ]
[ info ] [ BEHAVIOR ] Run app\admin\behavior\AdminLog @app_end [ RunTime:0.002414s ]
[ info ] [ LOG ] INIT File
[ sql ] [ DB ] CONNECT:[ UseTime:0.001570s ] mysql:host=127.0.0.1;dbname=supervision;charset=utf8
[ sql ] [ SQL ] SHOW COLUMNS FROM `s_auth_group_access` [ RunTime:0.001220s ]
[ sql ] [ SQL ] SELECT `aga`.`uid`,`aga`.`group_id`,`ag`.`id`,`ag`.`pid`,`ag`.`name`,`ag`.`rules` FROM `s_auth_group_access` `aga` LEFT JOIN `s_auth_group` `ag` ON `aga`.`group_id`=`ag`.`id` WHERE  (  aga.uid='38' and ag.status='normal' ) [ RunTime:0.001010s ]
[ sql ] [ SQL ] SHOW COLUMNS FROM `s_auth_rule` [ RunTime:0.001539s ]
[ sql ] [ SQL ] SELECT `id`,`pid`,`condition`,`icon`,`name`,`title`,`ismenu` FROM `s_auth_rule` WHERE  `status` = 'normal'  AND `id` IN (67,76,79,84,73,78) [ RunTime:0.000952s ]
---------------------------------------------------------------
[ 2018-12-27T18:47:48+08:00 ] 127.0.0.1 GET www.jiandu.com/admin/ajax/lang?callback=define&controllername=index&v=1545907665
[运行时间：0.593145s] [吞吐率：1.69req/s] [内存消耗：3,949.14kb] [文件加载：70]
[ info ] [ BEHAVIOR ] Run Closure @app_init [ RunTime:0.000246s ]
[ info ] [ CACHE ] INIT File
[ info ] [ BEHAVIOR ] Run Closure @app_init [ RunTime:0.026480s ]
[ info ] [ LANG ] D:\wamp64\www\Work\supervision_backend\thinkphp\lang\zh-cn.php
[ info ] [ ROUTE ] array (
  'type' => 'module',
  'module' => 
  array (
    0 => 'admin',
    1 => 'ajax',
    2 => 'lang',
  ),
)
[ info ] [ HEADER ] array (
  'host' => 'www.jiandu.com',
  'connection' => 'keep-alive',
  'user-agent' => 'Mozilla/5.0 (Windows NT 10.0; WOW64) AppleWebKit/537.36 (KHTML, like Gecko) Chrome/69.0.3497.100 Safari/537.36',
  'accept' => '*/*',
  'referer' => 'http://www.jiandu.com/admin/index/index',
  'accept-encoding' => 'gzip, deflate',
  'accept-language' => 'zh-CN,zh;q=0.9,en;q=0.8,la;q=0.7,und;q=0.6',
  'cookie' => 'thinkphp_show_page_trace=0|0; PHPSESSID=7tudkqilk2974mnhejheouvth0; thinkphp_show_page_trace=0|0',
)
[ info ] [ PARAM ] array (
  'callback' => 'define',
  'controllername' => 'index',
  'v' => '1545907665',
)
[ info ] [ LANG ] D:\wamp64\www\Work\supervision_backend\public/../application/admin\lang\zh-cn.php
[ info ] [ BEHAVIOR ] Run app\common\behavior\Common @module_init [ RunTime:0.090861s ]
[ info ] [ SESSION ] INIT array (
  'id' => '',
  'var_session_id' => '',
  'prefix' => 'think',
  'type' => '',
  'auto_start' => true,
)
[ info ] [ LANG ] D:\wamp64\www\Work\supervision_backend\public/../application/admin/lang/zh-cn/ajax.php
[ info ] [ RUN ] app\admin\controller\Ajax->lang[ D:\wamp64\www\Work\supervision_backend\application\admin\controller\Ajax.php ]
[ info ] [ LANG ] D:\wamp64\www\Work\supervision_backend\public/../application/admin/lang/zh-cn/index.php
[ info ] [ BEHAVIOR ] Run app\admin\behavior\AdminLog @app_end [ RunTime:0.002295s ]
[ info ] [ LOG ] INIT File
---------------------------------------------------------------
[ 2018-12-27T18:47:50+08:00 ] 127.0.0.1 GET www.jiandu.com/admin/quality/master/index?addtabs=1
[运行时间：0.725629s] [吞吐率：1.38req/s] [内存消耗：4,913.05kb] [文件加载：76]
[ info ] [ BEHAVIOR ] Run Closure @app_init [ RunTime:0.000099s ]
[ info ] [ CACHE ] INIT File
[ info ] [ BEHAVIOR ] Run Closure @app_init [ RunTime:0.131404s ]
[ info ] [ LANG ] D:\wamp64\www\Work\supervision_backend\thinkphp\lang\zh-cn.php
[ info ] [ ROUTE ] array (
  'type' => 'module',
  'module' => 
  array (
    0 => 'admin',
    1 => 'quality.master',
    2 => 'index',
  ),
)
[ info ] [ HEADER ] array (
  'host' => 'www.jiandu.com',
  'connection' => 'keep-alive',
  'upgrade-insecure-requests' => '1',
  'user-agent' => 'Mozilla/5.0 (Windows NT 10.0; WOW64) AppleWebKit/537.36 (KHTML, like Gecko) Chrome/69.0.3497.100 Safari/537.36',
  'accept' => 'text/html,application/xhtml+xml,application/xml;q=0.9,image/webp,image/apng,*/*;q=0.8',
  'referer' => 'http://www.jiandu.com/admin/quality/master/index?ref=addtabs',
  'accept-encoding' => 'gzip, deflate',
  'accept-language' => 'zh-CN,zh;q=0.9,en;q=0.8,la;q=0.7,und;q=0.6',
  'cookie' => 'thinkphp_show_page_trace=0|0; thinkphp_show_page_trace=0|0; thinkphp_show_page_trace=0|0; PHPSESSID=7tudkqilk2974mnhejheouvth0; thinkphp_show_page_trace=0|0',
)
[ info ] [ PARAM ] array (
  'addtabs' => '1',
)
[ info ] [ LANG ] D:\wamp64\www\Work\supervision_backend\public/../application/admin\lang\zh-cn.php
[ info ] [ BEHAVIOR ] Run app\common\behavior\Common @module_init [ RunTime:0.010157s ]
[ info ] [ SESSION ] INIT array (
  'id' => '',
  'var_session_id' => '',
  'prefix' => 'think',
  'type' => '',
  'auto_start' => true,
)
[ info ] [ DB ] INIT mysql
[ info ] [ RUN ] app\admin\controller\quality\Master->index[ D:\wamp64\www\Work\supervision_backend\application\admin\controller\quality\Master.php ]
[ info ] [ VIEW ] D:\wamp64\www\Work\supervision_backend\public/../application/admin\view\quality\master\index.html [ array (
  0 => 'breadcrumb',
  1 => 'site',
  2 => 'config',
  3 => 'auth',
  4 => 'admin',
) ]
[ info ] [ BEHAVIOR ] Run app\admin\behavior\AdminLog @app_end [ RunTime:0.002158s ]
[ info ] [ LOG ] INIT File
---------------------------------------------------------------
[ 2018-12-27T18:47:52+08:00 ] 127.0.0.1 GET www.jiandu.com/admin/ajax/lang?callback=define&controllername=quality.master&v=1545907670
[运行时间：0.396525s] [吞吐率：2.52req/s] [内存消耗：3,943.62kb] [文件加载：69]
[ info ] [ BEHAVIOR ] Run Closure @app_init [ RunTime:0.000094s ]
[ info ] [ CACHE ] INIT File
[ info ] [ BEHAVIOR ] Run Closure @app_init [ RunTime:0.022962s ]
[ info ] [ LANG ] D:\wamp64\www\Work\supervision_backend\thinkphp\lang\zh-cn.php
[ info ] [ ROUTE ] array (
  'type' => 'module',
  'module' => 
  array (
    0 => 'admin',
    1 => 'ajax',
    2 => 'lang',
  ),
)
[ info ] [ HEADER ] array (
  'host' => 'www.jiandu.com',
  'connection' => 'keep-alive',
  'user-agent' => 'Mozilla/5.0 (Windows NT 10.0; WOW64) AppleWebKit/537.36 (KHTML, like Gecko) Chrome/69.0.3497.100 Safari/537.36',
  'accept' => '*/*',
  'referer' => 'http://www.jiandu.com/admin/quality/master/index?addtabs=1',
  'accept-encoding' => 'gzip, deflate',
  'accept-language' => 'zh-CN,zh;q=0.9,en;q=0.8,la;q=0.7,und;q=0.6',
  'cookie' => 'thinkphp_show_page_trace=0|0; PHPSESSID=7tudkqilk2974mnhejheouvth0; thinkphp_show_page_trace=0|0',
)
[ info ] [ PARAM ] array (
  'callback' => 'define',
  'controllername' => 'quality.master',
  'v' => '1545907670',
)
[ info ] [ LANG ] D:\wamp64\www\Work\supervision_backend\public/../application/admin\lang\zh-cn.php
[ info ] [ BEHAVIOR ] Run app\common\behavior\Common @module_init [ RunTime:0.007447s ]
[ info ] [ SESSION ] INIT array (
  'id' => '',
  'var_session_id' => '',
  'prefix' => 'think',
  'type' => '',
  'auto_start' => true,
)
[ info ] [ LANG ] D:\wamp64\www\Work\supervision_backend\public/../application/admin/lang/zh-cn/ajax.php
[ info ] [ RUN ] app\admin\controller\Ajax->lang[ D:\wamp64\www\Work\supervision_backend\application\admin\controller\Ajax.php ]
[ info ] [ BEHAVIOR ] Run app\admin\behavior\AdminLog @app_end [ RunTime:0.002267s ]
[ info ] [ LOG ] INIT File
---------------------------------------------------------------
[ 2018-12-27T18:47:54+08:00 ] 127.0.0.1 GET www.jiandu.com/admin/quality/master/index?sort=id&order=desc&offset=0&limit=10&filter=%7B%7D&op=%7B%7D&_=1545907671403
[运行时间：0.729416s] [吞吐率：1.37req/s] [内存消耗：4,965.88kb] [文件加载：75]
[ info ] [ BEHAVIOR ] Run Closure @app_init [ RunTime:0.000094s ]
[ info ] [ CACHE ] INIT File
[ info ] [ BEHAVIOR ] Run Closure @app_init [ RunTime:0.074593s ]
[ info ] [ LANG ] D:\wamp64\www\Work\supervision_backend\thinkphp\lang\zh-cn.php
[ info ] [ ROUTE ] array (
  'type' => 'module',
  'module' => 
  array (
    0 => 'admin',
    1 => 'quality.master',
    2 => 'index',
  ),
)
[ info ] [ HEADER ] array (
  'host' => 'www.jiandu.com',
  'connection' => 'keep-alive',
  'accept' => 'application/json, text/javascript, */*; q=0.01',
  'x-requested-with' => 'XMLHttpRequest',
  'user-agent' => 'Mozilla/5.0 (Windows NT 10.0; WOW64) AppleWebKit/537.36 (KHTML, like Gecko) Chrome/69.0.3497.100 Safari/537.36',
  'content-type' => 'application/json',
  'referer' => 'http://www.jiandu.com/admin/quality/master/index?addtabs=1',
  'accept-encoding' => 'gzip, deflate',
  'accept-language' => 'zh-CN,zh;q=0.9,en;q=0.8,la;q=0.7,und;q=0.6',
  'cookie' => 'thinkphp_show_page_trace=0|0; thinkphp_show_page_trace=0|0; thinkphp_show_page_trace=0|0; PHPSESSID=7tudkqilk2974mnhejheouvth0; thinkphp_show_page_trace=0|0',
)
[ info ] [ PARAM ] array (
  'sort' => 'id',
  'order' => 'desc',
  'offset' => '0',
  'limit' => '10',
  'filter' => '{}',
  'op' => '{}',
  '_' => '1545907671403',
)
[ info ] [ LANG ] D:\wamp64\www\Work\supervision_backend\public/../application/admin\lang\zh-cn.php
[ info ] [ BEHAVIOR ] Run app\common\behavior\Common @module_init [ RunTime:0.037479s ]
[ info ] [ SESSION ] INIT array (
  'id' => '',
  'var_session_id' => '',
  'prefix' => 'think',
  'type' => '',
  'auto_start' => true,
)
[ info ] [ DB ] INIT mysql
[ info ] [ RUN ] app\admin\controller\quality\Master->index[ D:\wamp64\www\Work\supervision_backend\application\admin\controller\quality\Master.php ]
[ info ] [ BEHAVIOR ] Run app\admin\behavior\AdminLog @app_end [ RunTime:0.002342s ]
[ info ] [ LOG ] INIT File
[ sql ] [ DB ] CONNECT:[ UseTime:0.001324s ] mysql:host=127.0.0.1;dbname=supervision;charset=utf8
[ sql ] [ SQL ] SHOW COLUMNS FROM `s_project` [ RunTime:0.001741s ]
[ sql ] [ SQL ] SELECT COUNT(*) AS tp_count FROM `s_project` `project` INNER JOIN `s_quality_info` `i` ON `project`.`quality_info`=`i`.`id` LEFT JOIN `s_admin` `a` ON `project`.`quality_id`=`a`.`id` LEFT JOIN `s_admin` `z` ON `project`.`quality_assistant`=`z`.`id` ORDER BY `project`.`id` DESC LIMIT 1 [ RunTime:0.002679s ]
[ sql ] [ SQL ] SELECT `project`.`id`,`project`.`build_dept`,`project`.`project_name`,`project`.`quality_code`,`project`.`address`,`quality_progress`,i.project_kind `i.project_kind`,i.status `i.status`,i.situation `i.situation`,a.nickname `a.nickname`,z.nickname `z.nickname` FROM `s_project` `project` INNER JOIN `s_quality_info` `i` ON `project`.`quality_info`=`i`.`id` LEFT JOIN `s_admin` `a` ON `project`.`quality_id`=`a`.`id` LEFT JOIN `s_admin` `z` ON `project`.`quality_assistant`=`z`.`id` ORDER BY `project`.`id` DESC LIMIT 0,10 [ RunTime:0.001115s ]
---------------------------------------------------------------
[ 2018-12-27T18:48:01+08:00 ] 127.0.0.1 GET www.jiandu.com/admin/quality/vouchermaster/index/ids/11?dialog=1
[运行时间：0.871537s] [吞吐率：1.15req/s] [内存消耗：4,992.91kb] [文件加载：77]
[ info ] [ BEHAVIOR ] Run Closure @app_init [ RunTime:0.000099s ]
[ info ] [ CACHE ] INIT File
[ info ] [ BEHAVIOR ] Run Closure @app_init [ RunTime:0.090652s ]
[ info ] [ LANG ] D:\wamp64\www\Work\supervision_backend\thinkphp\lang\zh-cn.php
[ info ] [ ROUTE ] array (
  'type' => 'module',
  'module' => 
  array (
    0 => 'admin',
    1 => 'quality.vouchermaster',
    2 => 'index',
  ),
)
[ info ] [ HEADER ] array (
  'host' => 'www.jiandu.com',
  'connection' => 'keep-alive',
  'upgrade-insecure-requests' => '1',
  'user-agent' => 'Mozilla/5.0 (Windows NT 10.0; WOW64) AppleWebKit/537.36 (KHTML, like Gecko) Chrome/69.0.3497.100 Safari/537.36',
  'accept' => 'text/html,application/xhtml+xml,application/xml;q=0.9,image/webp,image/apng,*/*;q=0.8',
  'referer' => 'http://www.jiandu.com/admin/quality/master/index?addtabs=1',
  'accept-encoding' => 'gzip, deflate',
  'accept-language' => 'zh-CN,zh;q=0.9,en;q=0.8,la;q=0.7,und;q=0.6',
  'cookie' => 'thinkphp_show_page_trace=0|0; thinkphp_show_page_trace=0|0; PHPSESSID=7tudkqilk2974mnhejheouvth0; thinkphp_show_page_trace=0|0',
)
[ info ] [ PARAM ] array (
  'dialog' => '1',
  'ids' => '11',
)
[ info ] [ LANG ] D:\wamp64\www\Work\supervision_backend\public/../application/admin\lang\zh-cn.php
[ info ] [ BEHAVIOR ] Run app\common\behavior\Common @module_init [ RunTime:0.026874s ]
[ info ] [ SESSION ] INIT array (
  'id' => '',
  'var_session_id' => '',
  'prefix' => 'think',
  'type' => '',
  'auto_start' => true,
)
[ info ] [ DB ] INIT mysql
[ info ] [ RUN ] app\admin\controller\quality\Vouchermaster->index[ D:\wamp64\www\Work\supervision_backend\application\admin\controller\quality\Vouchermaster.php ]
[ info ] [ VIEW ] D:\wamp64\www\Work\supervision_backend\public/../application/admin\view\quality\vouchermaster\index.html [ array (
  0 => 'breadcrumb',
  1 => 'site',
  2 => 'config',
  3 => 'auth',
  4 => 'admin',
) ]
[ info ] [ BEHAVIOR ] Run app\admin\behavior\AdminLog @app_end [ RunTime:0.002272s ]
[ info ] [ LOG ] INIT File
[ sql ] [ DB ] CONNECT:[ UseTime:0.001299s ] mysql:host=127.0.0.1;dbname=supervision;charset=utf8
[ sql ] [ SQL ] SHOW COLUMNS FROM `s_auth_rule` [ RunTime:0.001904s ]
[ sql ] [ SQL ] SELECT `title`,`remark` FROM `s_auth_rule` WHERE  `name` = 'quality/vouchermaster' LIMIT 1 [ RunTime:0.000641s ]
[ sql ] [ SQL ] SHOW COLUMNS FROM `s_auth_group_access` [ RunTime:0.001558s ]
[ sql ] [ SQL ] SELECT `aga`.`uid`,`aga`.`group_id`,`ag`.`id`,`ag`.`pid`,`ag`.`name`,`ag`.`rules` FROM `s_auth_group_access` `aga` LEFT JOIN `s_auth_group` `ag` ON `aga`.`group_id`=`ag`.`id` WHERE  (  aga.uid='38' and ag.status='normal' ) [ RunTime:0.001392s ]
[ sql ] [ SQL ] SELECT `id`,`pid`,`condition`,`icon`,`name`,`title`,`ismenu` FROM `s_auth_rule` WHERE  `status` = 'normal'  AND `id` IN (67,76,79,84,73,78) [ RunTime:0.000868s ]
---------------------------------------------------------------
[ 2018-12-27T18:48:03+08:00 ] 127.0.0.1 GET www.jiandu.com/admin/ajax/lang?callback=define&controllername=quality.vouchermaster&v=1545907680
[运行时间：0.571981s] [吞吐率：1.75req/s] [内存消耗：3,943.68kb] [文件加载：69]
[ info ] [ BEHAVIOR ] Run Closure @app_init [ RunTime:0.000099s ]
[ info ] [ CACHE ] INIT File
[ info ] [ BEHAVIOR ] Run Closure @app_init [ RunTime:0.056693s ]
[ info ] [ LANG ] D:\wamp64\www\Work\supervision_backend\thinkphp\lang\zh-cn.php
[ info ] [ ROUTE ] array (
  'type' => 'module',
  'module' => 
  array (
    0 => 'admin',
    1 => 'ajax',
    2 => 'lang',
  ),
)
[ info ] [ HEADER ] array (
  'host' => 'www.jiandu.com',
  'connection' => 'keep-alive',
  'user-agent' => 'Mozilla/5.0 (Windows NT 10.0; WOW64) AppleWebKit/537.36 (KHTML, like Gecko) Chrome/69.0.3497.100 Safari/537.36',
  'accept' => '*/*',
  'referer' => 'http://www.jiandu.com/admin/quality/vouchermaster/index/ids/11?dialog=1',
  'accept-encoding' => 'gzip, deflate',
  'accept-language' => 'zh-CN,zh;q=0.9,en;q=0.8,la;q=0.7,und;q=0.6',
  'cookie' => 'thinkphp_show_page_trace=0|0; PHPSESSID=7tudkqilk2974mnhejheouvth0; thinkphp_show_page_trace=0|0',
)
[ info ] [ PARAM ] array (
  'callback' => 'define',
  'controllername' => 'quality.vouchermaster',
  'v' => '1545907680',
)
[ info ] [ LANG ] D:\wamp64\www\Work\supervision_backend\public/../application/admin\lang\zh-cn.php
[ info ] [ BEHAVIOR ] Run app\common\behavior\Common @module_init [ RunTime:0.026336s ]
[ info ] [ SESSION ] INIT array (
  'id' => '',
  'var_session_id' => '',
  'prefix' => 'think',
  'type' => '',
  'auto_start' => true,
)
[ info ] [ LANG ] D:\wamp64\www\Work\supervision_backend\public/../application/admin/lang/zh-cn/ajax.php
[ info ] [ RUN ] app\admin\controller\Ajax->lang[ D:\wamp64\www\Work\supervision_backend\application\admin\controller\Ajax.php ]
[ info ] [ BEHAVIOR ] Run app\admin\behavior\AdminLog @app_end [ RunTime:0.011100s ]
[ info ] [ LOG ] INIT File
---------------------------------------------------------------
[ 2018-12-27T18:48:05+08:00 ] 127.0.0.1 GET www.jiandu.com/admin/quality/vouchermaster/list?sort=id&order=desc&offset=0&limit=10&filter=%7B%7D&op=%7B%7D&_=1545907682259
[运行时间：0.637268s] [吞吐率：1.57req/s] [内存消耗：4,936.97kb] [文件加载：75]
[ info ] [ BEHAVIOR ] Run Closure @app_init [ RunTime:0.000097s ]
[ info ] [ CACHE ] INIT File
[ info ] [ BEHAVIOR ] Run Closure @app_init [ RunTime:0.114538s ]
[ info ] [ LANG ] D:\wamp64\www\Work\supervision_backend\thinkphp\lang\zh-cn.php
[ info ] [ ROUTE ] array (
  'type' => 'module',
  'module' => 
  array (
    0 => 'admin',
    1 => 'quality.vouchermaster',
    2 => 'list',
  ),
)
[ info ] [ HEADER ] array (
  'host' => 'www.jiandu.com',
  'connection' => 'keep-alive',
  'accept' => 'application/json, text/javascript, */*; q=0.01',
  'x-requested-with' => 'XMLHttpRequest',
  'user-agent' => 'Mozilla/5.0 (Windows NT 10.0; WOW64) AppleWebKit/537.36 (KHTML, like Gecko) Chrome/69.0.3497.100 Safari/537.36',
  'content-type' => 'application/json',
  'referer' => 'http://www.jiandu.com/admin/quality/vouchermaster/index/ids/11?dialog=1',
  'accept-encoding' => 'gzip, deflate',
  'accept-language' => 'zh-CN,zh;q=0.9,en;q=0.8,la;q=0.7,und;q=0.6',
  'cookie' => 'thinkphp_show_page_trace=0|0; thinkphp_show_page_trace=0|0; PHPSESSID=7tudkqilk2974mnhejheouvth0; thinkphp_show_page_trace=0|0',
)
[ info ] [ PARAM ] array (
  'sort' => 'id',
  'order' => 'desc',
  'offset' => '0',
  'limit' => '10',
  'filter' => '{}',
  'op' => '{}',
  '_' => '1545907682259',
)
[ info ] [ LANG ] D:\wamp64\www\Work\supervision_backend\public/../application/admin\lang\zh-cn.php
[ info ] [ BEHAVIOR ] Run app\common\behavior\Common @module_init [ RunTime:0.017136s ]
[ info ] [ SESSION ] INIT array (
  'id' => '',
  'var_session_id' => '',
  'prefix' => 'think',
  'type' => '',
  'auto_start' => true,
)
[ info ] [ DB ] INIT mysql
[ info ] [ RUN ] app\admin\controller\quality\Vouchermaster->list[ D:\wamp64\www\Work\supervision_backend\application\admin\controller\quality\Vouchermaster.php ]
[ info ] [ BEHAVIOR ] Run app\admin\behavior\AdminLog @app_end [ RunTime:0.003808s ]
[ info ] [ LOG ] INIT File
[ sql ] [ DB ] CONNECT:[ UseTime:0.001541s ] mysql:host=127.0.0.1;dbname=supervision;charset=utf8
[ sql ] [ SQL ] SHOW COLUMNS FROM `s_project_voucher` [ RunTime:0.004039s ]
[ sql ] [ SQL ] SELECT COUNT(*) AS tp_count FROM `s_project_voucher` `project_voucher` INNER JOIN `s_project` `i` ON `project_voucher`.`project_id`=`i`.`id` WHERE  `project_voucher`.`project_id` = '11'  AND `project_voucher`.`dept_type` = 1 ORDER BY `project_voucher`.`id` DESC LIMIT 1 [ RunTime:0.001087s ]
[ sql ] [ SQL ] SELECT `project_voucher`.`id`,`project_voucher`.`project_images`,`project_voucher`.`project_desc`,`project_voucher`.`push_time`,`project_voucher`.`edit_status`,`project_voucher`.`del_status`,i.project_name `i.project_name`,i.build_dept `i.build_dept` FROM `s_project_voucher` `project_voucher` INNER JOIN `s_project` `i` ON `project_voucher`.`project_id`=`i`.`id` WHERE  `project_voucher`.`project_id` = '11'  AND `project_voucher`.`dept_type` = 1 ORDER BY `project_voucher`.`id` DESC LIMIT 0,10 [ RunTime:0.000822s ]
---------------------------------------------------------------
[ 2018-12-27T18:48:08+08:00 ] 127.0.0.1 GET www.jiandu.com/admin/administration/project/checkinfo/ids/30?addtabs=1
[运行时间：1.064796s] [吞吐率：0.94req/s] [内存消耗：5,317.31kb] [文件加载：78]
[ info ] [ BEHAVIOR ] Run Closure @app_init [ RunTime:0.000096s ]
[ info ] [ CACHE ] INIT File
[ info ] [ BEHAVIOR ] Run Closure @app_init [ RunTime:0.061586s ]
[ info ] [ LANG ] D:\wamp64\www\Work\supervision_backend\thinkphp\lang\zh-cn.php
[ info ] [ ROUTE ] array (
  'type' => 'module',
  'module' => 
  array (
    0 => 'admin',
    1 => 'administration.project',
    2 => 'checkinfo',
  ),
)
[ info ] [ HEADER ] array (
  'host' => 'www.jiandu.com',
  'connection' => 'keep-alive',
  'upgrade-insecure-requests' => '1',
  'user-agent' => 'Mozilla/5.0 (Windows NT 10.0; WOW64) AppleWebKit/537.36 (KHTML, like Gecko) Chrome/69.0.3497.100 Safari/537.36',
  'accept' => 'text/html,application/xhtml+xml,application/xml;q=0.9,image/webp,image/apng,*/*;q=0.8',
  'referer' => 'http://www.jiandu.com/admin/administration/project/checkinfo/ids/30?ref=addtabs',
  'accept-encoding' => 'gzip, deflate',
  'accept-language' => 'zh-CN,zh;q=0.9,en;q=0.8,la;q=0.7,und;q=0.6',
  'cookie' => 'thinkphp_show_page_trace=0|0; PHPSESSID=7tudkqilk2974mnhejheouvth0; thinkphp_show_page_trace=0|0',
)
[ info ] [ PARAM ] array (
  'addtabs' => '1',
  'ids' => '30',
)
[ info ] [ LANG ] D:\wamp64\www\Work\supervision_backend\public/../application/admin\lang\zh-cn.php
[ info ] [ BEHAVIOR ] Run app\common\behavior\Common @module_init [ RunTime:0.009208s ]
[ info ] [ SESSION ] INIT array (
  'id' => '',
  'var_session_id' => '',
  'prefix' => 'think',
  'type' => '',
  'auto_start' => true,
)
[ info ] [ DB ] INIT mysql
[ info ] [ RUN ] app\admin\controller\administration\Project->Checkinfo[ D:\wamp64\www\Work\supervision_backend\application\admin\controller\administration\Project.php ]
[ info ] [ VIEW ] D:\wamp64\www\Work\supervision_backend\public/../application/admin\view\administration\project\checkinfo.html [ array (
  0 => 'breadcrumb',
  1 => 'site',
  2 => 'config',
  3 => 'auth',
  4 => 'admin',
  5 => 'schedule',
  6 => 'project',
  7 => 'image',
  8 => 'count',
  9 => 'w',
  10 => 'h',
) ]
[ info ] [ BEHAVIOR ] Run app\admin\behavior\AdminLog @app_end [ RunTime:0.002208s ]
[ info ] [ LOG ] INIT File
[ sql ] [ DB ] CONNECT:[ UseTime:0.001288s ] mysql:host=127.0.0.1;dbname=supervision;charset=utf8
[ sql ] [ SQL ] SHOW COLUMNS FROM `s_project_voucher` [ RunTime:0.001591s ]
[ sql ] [ SQL ] SELECT * FROM `s_project_voucher` WHERE  `id` = 30 LIMIT 1 [ RunTime:0.001973s ]
[ sql ] [ SQL ] SHOW COLUMNS FROM `s_quality_info` [ RunTime:0.003237s ]
[ sql ] [ SQL ] SELECT * FROM `s_quality_info` WHERE  `id` = 11 LIMIT 1 [ RunTime:0.001141s ]
---------------------------------------------------------------
[ 2018-12-27T18:48:10+08:00 ] 127.0.0.1 GET www.jiandu.com/admin/ajax/lang?callback=define&controllername=administration.project&v=1545907687
[运行时间：0.555778s] [吞吐率：1.80req/s] [内存消耗：3,943.70kb] [文件加载：69]
[ info ] [ BEHAVIOR ] Run Closure @app_init [ RunTime:0.000093s ]
[ info ] [ CACHE ] INIT File
[ info ] [ BEHAVIOR ] Run Closure @app_init [ RunTime:0.135619s ]
[ info ] [ LANG ] D:\wamp64\www\Work\supervision_backend\thinkphp\lang\zh-cn.php
[ info ] [ ROUTE ] array (
  'type' => 'module',
  'module' => 
  array (
    0 => 'admin',
    1 => 'ajax',
    2 => 'lang',
  ),
)
[ info ] [ HEADER ] array (
  'host' => 'www.jiandu.com',
  'connection' => 'keep-alive',
  'user-agent' => 'Mozilla/5.0 (Windows NT 10.0; WOW64) AppleWebKit/537.36 (KHTML, like Gecko) Chrome/69.0.3497.100 Safari/537.36',
  'accept' => '*/*',
  'referer' => 'http://www.jiandu.com/admin/administration/project/checkinfo/ids/30?addtabs=1',
  'accept-encoding' => 'gzip, deflate',
  'accept-language' => 'zh-CN,zh;q=0.9,en;q=0.8,la;q=0.7,und;q=0.6',
  'cookie' => 'thinkphp_show_page_trace=0|0; PHPSESSID=7tudkqilk2974mnhejheouvth0; thinkphp_show_page_trace=0|0',
)
[ info ] [ PARAM ] array (
  'callback' => 'define',
  'controllername' => 'administration.project',
  'v' => '1545907687',
)
[ info ] [ LANG ] D:\wamp64\www\Work\supervision_backend\public/../application/admin\lang\zh-cn.php
[ info ] [ BEHAVIOR ] Run app\common\behavior\Common @module_init [ RunTime:0.009980s ]
[ info ] [ SESSION ] INIT array (
  'id' => '',
  'var_session_id' => '',
  'prefix' => 'think',
  'type' => '',
  'auto_start' => true,
)
[ info ] [ LANG ] D:\wamp64\www\Work\supervision_backend\public/../application/admin/lang/zh-cn/ajax.php
[ info ] [ RUN ] app\admin\controller\Ajax->lang[ D:\wamp64\www\Work\supervision_backend\application\admin\controller\Ajax.php ]
[ info ] [ BEHAVIOR ] Run app\admin\behavior\AdminLog @app_end [ RunTime:0.002607s ]
[ info ] [ LOG ] INIT File
